[2020-05-01 05:09:21] local.ERROR: Route [admin.kalender.eventkalender] not defined. {"exception":"[object] (InvalidArgumentException(code: 0): Route [admin.kalender.eventkalender] not defined. at D:\\Backup Data Kristopel\\Kuliah ITdel\\Semester 6\\PA III\\Project\\git\\PA-III-02-2020\\vendor\\laravel\\framework\\src\\Illuminate\\Routing\\UrlGenerator.php:388)
[stacktrace]
#0 D:\\Backup Data Kristopel\\Kuliah ITdel\\Semester 6\\PA III\\Project\\git\\PA-III-02-2020\\vendor\\laravel\\framework\\src\\Illuminate\\Foundation\\helpers.php(782): Illuminate\\Routing\\UrlGenerator->route('admin.kalender....', '15', true)
#1 D:\\Backup Data Kristopel\\Kuliah ITdel\\Semester 6\\PA III\\Project\\git\\PA-III-02-2020\\app\\Http\\Controllers\\KalendereventController.php(64): route('admin.kalender....', '15')
#2 [internal function]: App\\Http\\Controllers\\KalendereventController->update(Object(Illuminate\\Http\\Request), '15')
#3 D:\\Backup Data Kristopel\\Kuliah ITdel\\Semester 6\\PA III\\Project\\git\\PA-III-02-2020\\vendor\\laravel\\framework\\src\\Illuminate\\Routing\\Controller.php(54): call_user_func_array(Array, Array)
#4 D:\\Backup Data Kristopel\\Kuliah ITdel\\Semester 6\\PA III\\Project\\git\\PA-III-02-2020\\vendor\\laravel\\framework\\src\\Illuminate\\Routing\\ControllerDispatcher.php(45): Illuminate\\Routing\\Controller->callAction('update', Array)
#5 D:\\Backup Data Kristopel\\Kuliah ITdel\\Semester 6\\PA III\\Project\\git\\PA-III-02-2020\\vendor\\laravel\\framework\\src\\Illuminate\\Routing\\Route.php(219): Illuminate\\Routing\\ControllerDispatcher->dispatch(Object(Illuminate\\Routing\\Route), Object(App\\Http\\Controllers\\KalendereventController), 'update')
#6 D:\\Backup Data Kristopel\\Kuliah ITdel\\Semester 6\\PA III\\Project\\git\\PA-III-02-2020\\vendor\\laravel\\framework\\src\\Illuminate\\Routing\\Route.php(176): Illuminate\\Routing\\Route->runController()
#7 D:\\Backup Data Kristopel\\Kuliah ITdel\\Semester 6\\PA III\\Project\\git\\PA-III-02-2020\\vendor\\laravel\\framework\\src\\Illuminate\\Routing\\Router.php(680): Illuminate\\Routing\\Route->run()
#8 D:\\Backup Data Kristopel\\Kuliah ITdel\\Semester 6\\PA III\\Project\\git\\PA-III-02-2020\\vendor\\laravel\\framework\\src\\Illuminate\\Routing\\Pipeline.php(30): Illuminate\\Routing\\Router->Illuminate\\Routing\\{closure}(Object(Illuminate\\Http\\Request))
#9 D:\\Backup Data Kristopel\\Kuliah ITdel\\Semester 6\\PA III\\Project\\git\\PA-III-02-2020\\vendor\\laravel\\framework\\src\\Illuminate\\Routing\\Middleware\\SubstituteBindings.php(41): Illuminate\\Routing\\Pipeline->Illuminate\\Routing\\{closure}(Object(Illuminate\\Http\\Request))
#10 D:\\Backup Data Kristopel\\Kuliah ITdel\\Semester 6\\PA III\\Project\\git\\PA-III-02-2020\\vendor\\laravel\\framework\\src\\Illuminate\\Pipeline\\Pipeline.php(163): Illuminate\\Routing\\Middleware\\SubstituteBindings->handle(Object(Illuminate\\Http\\Request), Object(Closure))
#11 D:\\Backup Data Kristopel\\Kuliah ITdel\\Semester 6\\PA III\\Project\\git\\PA-III-02-2020\\vendor\\laravel\\framework\\src\\Illuminate\\Routing\\Pipeline.php(53): Illuminate\\Pipeline\\Pipeline->Illuminate\\Pipeline\\{closure}(Object(Illuminate\\Http\\Request))
#12 D:\\Backup Data Kristopel\\Kuliah ITdel\\Semester 6\\PA III\\Project\\git\\PA-III-02-2020\\vendor\\laravel\\framework\\src\\Illuminate\\Foundation\\Http\\Middleware\\VerifyCsrfToken.php(75): Illuminate\\Routing\\Pipeline->Illuminate\\Routing\\{closure}(Object(Illuminate\\Http\\Request))
#13 D:\\Backup Data Kristopel\\Kuliah ITdel\\Semester 6\\PA III\\Project\\git\\PA-III-02-2020\\vendor\\laravel\\framework\\src\\Illuminate\\Pipeline\\Pipeline.php(163): Illuminate\\Foundation\\Http\\Middleware\\VerifyCsrfToken->handle(Object(Illuminate\\Http\\Request), Object(Closure))
#14 D:\\Backup Data Kristopel\\Kuliah ITdel\\Semester 6\\PA III\\Project\\git\\PA-III-02-2020\\vendor\\laravel\\framework\\src\\Illuminate\\Routing\\Pipeline.php(53): Illuminate\\Pipeline\\Pipeline->Illuminate\\Pipeline\\{closure}(Object(Illuminate\\Http\\Request))
#15 D:\\Backup Data Kristopel\\Kuliah ITdel\\Semester 6\\PA III\\Project\\git\\PA-III-02-2020\\vendor\\laravel\\framework\\src\\Illuminate\\View\\Middleware\\ShareErrorsFromSession.php(49): Illuminate\\Routing\\Pipeline->Illuminate\\Routing\\{closure}(Object(Illuminate\\Http\\Request))
#16 D:\\Backup Data Kristopel\\Kuliah ITdel\\Semester 6\\PA III\\Project\\git\\PA-III-02-2020\\vendor\\laravel\\framework\\src\\Illuminate\\Pipeline\\Pipeline.php(163): Illuminate\\View\\Middleware\\ShareErrorsFromSession->handle(Object(Illuminate\\Http\\Request), Object(Closure))
#17 D:\\Backup Data Kristopel\\Kuliah ITdel\\Semester 6\\PA III\\Project\\git\\PA-III-02-2020\\vendor\\laravel\\framework\\src\\Illuminate\\Routing\\Pipeline.php(53): Illuminate\\Pipeline\\Pipeline->Illuminate\\Pipeline\\{closure}(Object(Illuminate\\Http\\Request))
#18 D:\\Backup Data Kristopel\\Kuliah ITdel\\Semester 6\\PA III\\Project\\git\\PA-III-02-2020\\vendor\\laravel\\framework\\src\\Illuminate\\Session\\Middleware\\StartSession.php(56): Illuminate\\Routing\\Pipeline->Illuminate\\Routing\\{closure}(Object(Illuminate\\Http\\Request))
#19 D:\\Backup Data Kristopel\\Kuliah ITdel\\Semester 6\\PA III\\Project\\git\\PA-III-02-2020\\vendor\\laravel\\framework\\src\\Illuminate\\Pipeline\\Pipeline.php(163): Illuminate\\Session\\Middleware\\StartSession->handle(Object(Illuminate\\Http\\Request), Object(Closure))
#20 D:\\Backup Data Kristopel\\Kuliah ITdel\\Semester 6\\PA III\\Project\\git\\PA-III-02-2020\\vendor\\laravel\\framework\\src\\Illuminate\\Routing\\Pipeline.php(53): Illuminate\\Pipeline\\Pipeline->Illuminate\\Pipeline\\{closure}(Object(Illuminate\\Http\\Request))
#21 D:\\Backup Data Kristopel\\Kuliah ITdel\\Semester 6\\PA III\\Project\\git\\PA-III-02-2020\\vendor\\laravel\\framework\\src\\Illuminate\\Cookie\\Middleware\\AddQueuedCookiesToResponse.php(37): Illuminate\\Routing\\Pipeline->Illuminate\\Routing\\{closure}(Object(Illuminate\\Http\\Request))
#22 D:\\Backup Data Kristopel\\Kuliah ITdel\\Semester 6\\PA III\\Project\\git\\PA-III-02-2020\\vendor\\laravel\\framework\\src\\Illuminate\\Pipeline\\Pipeline.php(163): Illuminate\\Cookie\\Middleware\\AddQueuedCookiesToResponse->handle(Object(Illuminate\\Http\\Request), Object(Closure))
#23 D:\\Backup Data Kristopel\\Kuliah ITdel\\Semester 6\\PA III\\Project\\git\\PA-III-02-2020\\vendor\\laravel\\framework\\src\\Illuminate\\Routing\\Pipeline.php(53): Illuminate\\Pipeline\\Pipeline->Illuminate\\Pipeline\\{closure}(Object(Illuminate\\Http\\Request))
#24 D:\\Backup Data Kristopel\\Kuliah ITdel\\Semester 6\\PA III\\Project\\git\\PA-III-02-2020\\vendor\\laravel\\framework\\src\\Illuminate\\Cookie\\Middleware\\EncryptCookies.php(66): Illuminate\\Routing\\Pipeline->Illuminate\\Routing\\{closure}(Object(Illuminate\\Http\\Request))
#25 D:\\Backup Data Kristopel\\Kuliah ITdel\\Semester 6\\PA III\\Project\\git\\PA-III-02-2020\\vendor\\laravel\\framework\\src\\Illuminate\\Pipeline\\Pipeline.php(163): Illuminate\\Cookie\\Middleware\\EncryptCookies->handle(Object(Illuminate\\Http\\Request), Object(Closure))
#26 D:\\Backup Data Kristopel\\Kuliah ITdel\\Semester 6\\PA III\\Project\\git\\PA-III-02-2020\\vendor\\laravel\\framework\\src\\Illuminate\\Routing\\Pipeline.php(53): Illuminate\\Pipeline\\Pipeline->Illuminate\\Pipeline\\{closure}(Object(Illuminate\\Http\\Request))
#27 D:\\Backup Data Kristopel\\Kuliah ITdel\\Semester 6\\PA III\\Project\\git\\PA-III-02-2020\\vendor\\laravel\\framework\\src\\Illuminate\\Pipeline\\Pipeline.php(104): Illuminate\\Routing\\Pipeline->Illuminate\\Routing\\{closure}(Object(Illuminate\\Http\\Request))
#28 D:\\Backup Data Kristopel\\Kuliah ITdel\\Semester 6\\PA III\\Project\\git\\PA-III-02-2020\\vendor\\laravel\\framework\\src\\Illuminate\\Routing\\Router.php(682): Illuminate\\Pipeline\\Pipeline->then(Object(Closure))
#29 D:\\Backup Data Kristopel\\Kuliah ITdel\\Semester 6\\PA III\\Project\\git\\PA-III-02-2020\\vendor\\laravel\\framework\\src\\Illuminate\\Routing\\Router.php(657): Illuminate\\Routing\\Router->runRouteWithinStack(Object(Illuminate\\Routing\\Route), Object(Illuminate\\Http\\Request))
#30 D:\\Backup Data Kristopel\\Kuliah ITdel\\Semester 6\\PA III\\Project\\git\\PA-III-02-2020\\vendor\\laravel\\framework\\src\\Illuminate\\Routing\\Router.php(623): Illuminate\\Routing\\Router->runRoute(Object(Illuminate\\Http\\Request), Object(Illuminate\\Routing\\Route))
#31 D:\\Backup Data Kristopel\\Kuliah ITdel\\Semester 6\\PA III\\Project\\git\\PA-III-02-2020\\vendor\\laravel\\framework\\src\\Illuminate\\Routing\\Router.php(612): Illuminate\\Routing\\Router->dispatchToRoute(Object(Illuminate\\Http\\Request))
#32 D:\\Backup Data Kristopel\\Kuliah ITdel\\Semester 6\\PA III\\Project\\git\\PA-III-02-2020\\vendor\\laravel\\framework\\src\\Illuminate\\Foundation\\Http\\Kernel.php(176): Illuminate\\Routing\\Router->dispatch(Object(Illuminate\\Http\\Request))
#33 D:\\Backup Data Kristopel\\Kuliah ITdel\\Semester 6\\PA III\\Project\\git\\PA-III-02-2020\\vendor\\laravel\\framework\\src\\Illuminate\\Routing\\Pipeline.php(30): Illuminate\\Foundation\\Http\\Kernel->Illuminate\\Foundation\\Http\\{closure}(Object(Illuminate\\Http\\Request))
#34 D:\\Backup Data Kristopel\\Kuliah ITdel\\Semester 6\\PA III\\Project\\git\\PA-III-02-2020\\vendor\\fideloper\\proxy\\src\\TrustProxies.php(57): Illuminate\\Routing\\Pipeline->Illuminate\\Routing\\{closure}(Object(Illuminate\\Http\\Request))
#35 D:\\Backup Data Kristopel\\Kuliah ITdel\\Semester 6\\PA III\\Project\\git\\PA-III-02-2020\\vendor\\laravel\\framework\\src\\Illuminate\\Pipeline\\Pipeline.php(163): Fideloper\\Proxy\\TrustProxies->handle(Object(Illuminate\\Http\\Request), Object(Closure))
#36 D:\\Backup Data Kristopel\\Kuliah ITdel\\Semester 6\\PA III\\Project\\git\\PA-III-02-2020\\vendor\\laravel\\framework\\src\\Illuminate\\Routing\\Pipeline.php(53): Illuminate\\Pipeline\\Pipeline->Illuminate\\Pipeline\\{closure}(Object(Illuminate\\Http\\Request))
#37 D:\\Backup Data Kristopel\\Kuliah ITdel\\Semester 6\\PA III\\Project\\git\\PA-III-02-2020\\vendor\\laravel\\framework\\src\\Illuminate\\Foundation\\Http\\Middleware\\TransformsRequest.php(21): Illuminate\\Routing\\Pipeline->Illuminate\\Routing\\{closure}(Object(Illuminate\\Http\\Request))
#38 D:\\Backup Data Kristopel\\Kuliah ITdel\\Semester 6\\PA III\\Project\\git\\PA-III-02-2020\\vendor\\laravel\\framework\\src\\Illuminate\\Pipeline\\Pipeline.php(163): Illuminate\\Foundation\\Http\\Middleware\\TransformsRequest->handle(Object(Illuminate\\Http\\Request), Object(Closure))
#39 D:\\Backup Data Kristopel\\Kuliah ITdel\\Semester 6\\PA III\\Project\\git\\PA-III-02-2020\\vendor\\laravel\\framework\\src\\Illuminate\\Routing\\Pipeline.php(53): Illuminate\\Pipeline\\Pipeline->Illuminate\\Pipeline\\{closure}(Object(Illuminate\\Http\\Request))
#40 D:\\Backup Data Kristopel\\Kuliah ITdel\\Semester 6\\PA III\\Project\\git\\PA-III-02-2020\\vendor\\laravel\\framework\\src\\Illuminate\\Foundation\\Http\\Middleware\\TransformsRequest.php(21): Illuminate\\Routing\\Pipeline->Illuminate\\Routing\\{closure}(Object(Illuminate\\Http\\Request))
#41 D:\\Backup Data Kristopel\\Kuliah ITdel\\Semester 6\\PA III\\Project\\git\\PA-III-02-2020\\vendor\\laravel\\framework\\src\\Illuminate\\Pipeline\\Pipeline.php(163): Illuminate\\Foundation\\Http\\Middleware\\TransformsRequest->handle(Object(Illuminate\\Http\\Request), Object(Closure))
#42 D:\\Backup Data Kristopel\\Kuliah ITdel\\Semester 6\\PA III\\Project\\git\\PA-III-02-2020\\vendor\\laravel\\framework\\src\\Illuminate\\Routing\\Pipeline.php(53): Illuminate\\Pipeline\\Pipeline->Illuminate\\Pipeline\\{closure}(Object(Illuminate\\Http\\Request))
#43 D:\\Backup Data Kristopel\\Kuliah ITdel\\Semester 6\\PA III\\Project\\git\\PA-III-02-2020\\vendor\\laravel\\framework\\src\\Illuminate\\Foundation\\Http\\Middleware\\ValidatePostSize.php(27): Illuminate\\Routing\\Pipeline->Illuminate\\Routing\\{closure}(Object(Illuminate\\Http\\Request))
#44 D:\\Backup Data Kristopel\\Kuliah ITdel\\Semester 6\\PA III\\Project\\git\\PA-III-02-2020\\vendor\\laravel\\framework\\src\\Illuminate\\Pipeline\\Pipeline.php(163): Illuminate\\Foundation\\Http\\Middleware\\ValidatePostSize->handle(Object(Illuminate\\Http\\Request), Object(Closure))
#45 D:\\Backup Data Kristopel\\Kuliah ITdel\\Semester 6\\PA III\\Project\\git\\PA-III-02-2020\\vendor\\laravel\\framework\\src\\Illuminate\\Routing\\Pipeline.php(53): Illuminate\\Pipeline\\Pipeline->Illuminate\\Pipeline\\{closure}(Object(Illuminate\\Http\\Request))
#46 D:\\Backup Data Kristopel\\Kuliah ITdel\\Semester 6\\PA III\\Project\\git\\PA-III-02-2020\\vendor\\laravel\\framework\\src\\Illuminate\\Foundation\\Http\\Middleware\\CheckForMaintenanceMode.php(62): Illuminate\\Routing\\Pipeline->Illuminate\\Routing\\{closure}(Object(Illuminate\\Http\\Request))
#47 D:\\Backup Data Kristopel\\Kuliah ITdel\\Semester 6\\PA III\\Project\\git\\PA-III-02-2020\\vendor\\laravel\\framework\\src\\Illuminate\\Pipeline\\Pipeline.php(163): Illuminate\\Foundation\\Http\\Middleware\\CheckForMaintenanceMode->handle(Object(Illuminate\\Http\\Request), Object(Closure))
#48 D:\\Backup Data Kristopel\\Kuliah ITdel\\Semester 6\\PA III\\Project\\git\\PA-III-02-2020\\vendor\\laravel\\framework\\src\\Illuminate\\Routing\\Pipeline.php(53): Illuminate\\Pipeline\\Pipeline->Illuminate\\Pipeline\\{closure}(Object(Illuminate\\Http\\Request))
#49 D:\\Backup Data Kristopel\\Kuliah ITdel\\Semester 6\\PA III\\Project\\git\\PA-III-02-2020\\vendor\\laravel\\framework\\src\\Illuminate\\Pipeline\\Pipeline.php(104): Illuminate\\Routing\\Pipeline->Illuminate\\Routing\\{closure}(Object(Illuminate\\Http\\Request))
#50 D:\\Backup Data Kristopel\\Kuliah ITdel\\Semester 6\\PA III\\Project\\git\\PA-III-02-2020\\vendor\\laravel\\framework\\src\\Illuminate\\Foundation\\Http\\Kernel.php(151): Illuminate\\Pipeline\\Pipeline->then(Object(Closure))
#51 D:\\Backup Data Kristopel\\Kuliah ITdel\\Semester 6\\PA III\\Project\\git\\PA-III-02-2020\\vendor\\laravel\\framework\\src\\Illuminate\\Foundation\\Http\\Kernel.php(116): Illuminate\\Foundation\\Http\\Kernel->sendRequestThroughRouter(Object(Illuminate\\Http\\Request))
#52 D:\\Backup Data Kristopel\\Kuliah ITdel\\Semester 6\\PA III\\Project\\git\\PA-III-02-2020\\public\\index.php(55): Illuminate\\Foundation\\Http\\Kernel->handle(Object(Illuminate\\Http\\Request))
#53 D:\\Backup Data Kristopel\\Kuliah ITdel\\Semester 6\\PA III\\Project\\git\\PA-III-02-2020\\server.php(21): require_once('D:\\\\Backup Data ...')
#54 {main}
"} 
[2020-05-01 05:10:09] local.ERROR: array_merge(): Expected parameter 2 to be an array, string given {"exception":"[object] (ErrorException(code: 0): array_merge(): Expected parameter 2 to be an array, string given at D:\\Backup Data Kristopel\\Kuliah ITdel\\Semester 6\\PA III\\Project\\git\\PA-III-02-2020\\vendor\\laravel\\framework\\src\\Illuminate\\View\\Factory.php:137)
[stacktrace]
#0 [internal function]: Illuminate\\Foundation\\Bootstrap\\HandleExceptions->handleError(2, 'array_merge(): ...', 'D:\\\\Backup Data ...', 137, Array)
#1 D:\\Backup Data Kristopel\\Kuliah ITdel\\Semester 6\\PA III\\Project\\git\\PA-III-02-2020\\vendor\\laravel\\framework\\src\\Illuminate\\View\\Factory.php(137): array_merge(Array, '15')
#2 D:\\Backup Data Kristopel\\Kuliah ITdel\\Semester 6\\PA III\\Project\\git\\PA-III-02-2020\\vendor\\laravel\\framework\\src\\Illuminate\\Foundation\\helpers.php(971): Illuminate\\View\\Factory->make('admin.kalender....', '15', Array)
#3 D:\\Backup Data Kristopel\\Kuliah ITdel\\Semester 6\\PA III\\Project\\git\\PA-III-02-2020\\app\\Http\\Controllers\\KalendereventController.php(64): view('admin.kalender....', '15')
#4 [internal function]: App\\Http\\Controllers\\KalendereventController->update(Object(Illuminate\\Http\\Request), '15')
#5 D:\\Backup Data Kristopel\\Kuliah ITdel\\Semester 6\\PA III\\Project\\git\\PA-III-02-2020\\vendor\\laravel\\framework\\src\\Illuminate\\Routing\\Controller.php(54): call_user_func_array(Array, Array)
#6 D:\\Backup Data Kristopel\\Kuliah ITdel\\Semester 6\\PA III\\Project\\git\\PA-III-02-2020\\vendor\\laravel\\framework\\src\\Illuminate\\Routing\\ControllerDispatcher.php(45): Illuminate\\Routing\\Controller->callAction('update', Array)
#7 D:\\Backup Data Kristopel\\Kuliah ITdel\\Semester 6\\PA III\\Project\\git\\PA-III-02-2020\\vendor\\laravel\\framework\\src\\Illuminate\\Routing\\Route.php(219): Illuminate\\Routing\\ControllerDispatcher->dispatch(Object(Illuminate\\Routing\\Route), Object(App\\Http\\Controllers\\KalendereventController), 'update')
#8 D:\\Backup Data Kristopel\\Kuliah ITdel\\Semester 6\\PA III\\Project\\git\\PA-III-02-2020\\vendor\\laravel\\framework\\src\\Illuminate\\Routing\\Route.php(176): Illuminate\\Routing\\Route->runController()
#9 D:\\Backup Data Kristopel\\Kuliah ITdel\\Semester 6\\PA III\\Project\\git\\PA-III-02-2020\\vendor\\laravel\\framework\\src\\Illuminate\\Routing\\Router.php(680): Illuminate\\Routing\\Route->run()
#10 D:\\Backup Data Kristopel\\Kuliah ITdel\\Semester 6\\PA III\\Project\\git\\PA-III-02-2020\\vendor\\laravel\\framework\\src\\Illuminate\\Routing\\Pipeline.php(30): Illuminate\\Routing\\Router->Illuminate\\Routing\\{closure}(Object(Illuminate\\Http\\Request))
#11 D:\\Backup Data Kristopel\\Kuliah ITdel\\Semester 6\\PA III\\Project\\git\\PA-III-02-2020\\vendor\\laravel\\framework\\src\\Illuminate\\Routing\\Middleware\\SubstituteBindings.php(41): Illuminate\\Routing\\Pipeline->Illuminate\\Routing\\{closure}(Object(Illuminate\\Http\\Request))
#12 D:\\Backup Data Kristopel\\Kuliah ITdel\\Semester 6\\PA III\\Project\\git\\PA-III-02-2020\\vendor\\laravel\\framework\\src\\Illuminate\\Pipeline\\Pipeline.php(163): Illuminate\\Routing\\Middleware\\SubstituteBindings->handle(Object(Illuminate\\Http\\Request), Object(Closure))
#13 D:\\Backup Data Kristopel\\Kuliah ITdel\\Semester 6\\PA III\\Project\\git\\PA-III-02-2020\\vendor\\laravel\\framework\\src\\Illuminate\\Routing\\Pipeline.php(53): Illuminate\\Pipeline\\Pipeline->Illuminate\\Pipeline\\{closure}(Object(Illuminate\\Http\\Request))
#14 D:\\Backup Data Kristopel\\Kuliah ITdel\\Semester 6\\PA III\\Project\\git\\PA-III-02-2020\\vendor\\laravel\\framework\\src\\Illuminate\\Foundation\\Http\\Middleware\\VerifyCsrfToken.php(75): Illuminate\\Routing\\Pipeline->Illuminate\\Routing\\{closure}(Object(Illuminate\\Http\\Request))
#15 D:\\Backup Data Kristopel\\Kuliah ITdel\\Semester 6\\PA III\\Project\\git\\PA-III-02-2020\\vendor\\laravel\\framework\\src\\Illuminate\\Pipeline\\Pipeline.php(163): Illuminate\\Foundation\\Http\\Middleware\\VerifyCsrfToken->handle(Object(Illuminate\\Http\\Request), Object(Closure))
#16 D:\\Backup Data Kristopel\\Kuliah ITdel\\Semester 6\\PA III\\Project\\git\\PA-III-02-2020\\vendor\\laravel\\framework\\src\\Illuminate\\Routing\\Pipeline.php(53): Illuminate\\Pipeline\\Pipeline->Illuminate\\Pipeline\\{closure}(Object(Illuminate\\Http\\Request))
#17 D:\\Backup Data Kristopel\\Kuliah ITdel\\Semester 6\\PA III\\Project\\git\\PA-III-02-2020\\vendor\\laravel\\framework\\src\\Illuminate\\View\\Middleware\\ShareErrorsFromSession.php(49): Illuminate\\Routing\\Pipeline->Illuminate\\Routing\\{closure}(Object(Illuminate\\Http\\Request))
#18 D:\\Backup Data Kristopel\\Kuliah ITdel\\Semester 6\\PA III\\Project\\git\\PA-III-02-2020\\vendor\\laravel\\framework\\src\\Illuminate\\Pipeline\\Pipeline.php(163): Illuminate\\View\\Middleware\\ShareErrorsFromSession->handle(Object(Illuminate\\Http\\Request), Object(Closure))
#19 D:\\Backup Data Kristopel\\Kuliah ITdel\\Semester 6\\PA III\\Project\\git\\PA-III-02-2020\\vendor\\laravel\\framework\\src\\Illuminate\\Routing\\Pipeline.php(53): Illuminate\\Pipeline\\Pipeline->Illuminate\\Pipeline\\{closure}(Object(Illuminate\\Http\\Request))
#20 D:\\Backup Data Kristopel\\Kuliah ITdel\\Semester 6\\PA III\\Project\\git\\PA-III-02-2020\\vendor\\laravel\\framework\\src\\Illuminate\\Session\\Middleware\\StartSession.php(56): Illuminate\\Routing\\Pipeline->Illuminate\\Routing\\{closure}(Object(Illuminate\\Http\\Request))
#21 D:\\Backup Data Kristopel\\Kuliah ITdel\\Semester 6\\PA III\\Project\\git\\PA-III-02-2020\\vendor\\laravel\\framework\\src\\Illuminate\\Pipeline\\Pipeline.php(163): Illuminate\\Session\\Middleware\\StartSession->handle(Object(Illuminate\\Http\\Request), Object(Closure))
#22 D:\\Backup Data Kristopel\\Kuliah ITdel\\Semester 6\\PA III\\Project\\git\\PA-III-02-2020\\vendor\\laravel\\framework\\src\\Illuminate\\Routing\\Pipeline.php(53): Illuminate\\Pipeline\\Pipeline->Illuminate\\Pipeline\\{closure}(Object(Illuminate\\Http\\Request))
#23 D:\\Backup Data Kristopel\\Kuliah ITdel\\Semester 6\\PA III\\Project\\git\\PA-III-02-2020\\vendor\\laravel\\framework\\src\\Illuminate\\Cookie\\Middleware\\AddQueuedCookiesToResponse.php(37): Illuminate\\Routing\\Pipeline->Illuminate\\Routing\\{closure}(Object(Illuminate\\Http\\Request))
#24 D:\\Backup Data Kristopel\\Kuliah ITdel\\Semester 6\\PA III\\Project\\git\\PA-III-02-2020\\vendor\\laravel\\framework\\src\\Illuminate\\Pipeline\\Pipeline.php(163): Illuminate\\Cookie\\Middleware\\AddQueuedCookiesToResponse->handle(Object(Illuminate\\Http\\Request), Object(Closure))
#25 D:\\Backup Data Kristopel\\Kuliah ITdel\\Semester 6\\PA III\\Project\\git\\PA-III-02-2020\\vendor\\laravel\\framework\\src\\Illuminate\\Routing\\Pipeline.php(53): Illuminate\\Pipeline\\Pipeline->Illuminate\\Pipeline\\{closure}(Object(Illuminate\\Http\\Request))
#26 D:\\Backup Data Kristopel\\Kuliah ITdel\\Semester 6\\PA III\\Project\\git\\PA-III-02-2020\\vendor\\laravel\\framework\\src\\Illuminate\\Cookie\\Middleware\\EncryptCookies.php(66): Illuminate\\Routing\\Pipeline->Illuminate\\Routing\\{closure}(Object(Illuminate\\Http\\Request))
#27 D:\\Backup Data Kristopel\\Kuliah ITdel\\Semester 6\\PA III\\Project\\git\\PA-III-02-2020\\vendor\\laravel\\framework\\src\\Illuminate\\Pipeline\\Pipeline.php(163): Illuminate\\Cookie\\Middleware\\EncryptCookies->handle(Object(Illuminate\\Http\\Request), Object(Closure))
#28 D:\\Backup Data Kristopel\\Kuliah ITdel\\Semester 6\\PA III\\Project\\git\\PA-III-02-2020\\vendor\\laravel\\framework\\src\\Illuminate\\Routing\\Pipeline.php(53): Illuminate\\Pipeline\\Pipeline->Illuminate\\Pipeline\\{closure}(Object(Illuminate\\Http\\Request))
#29 D:\\Backup Data Kristopel\\Kuliah ITdel\\Semester 6\\PA III\\Project\\git\\PA-III-02-2020\\vendor\\laravel\\framework\\src\\Illuminate\\Pipeline\\Pipeline.php(104): Illuminate\\Routing\\Pipeline->Illuminate\\Routing\\{closure}(Object(Illuminate\\Http\\Request))
#30 D:\\Backup Data Kristopel\\Kuliah ITdel\\Semester 6\\PA III\\Project\\git\\PA-III-02-2020\\vendor\\laravel\\framework\\src\\Illuminate\\Routing\\Router.php(682): Illuminate\\Pipeline\\Pipeline->then(Object(Closure))
#31 D:\\Backup Data Kristopel\\Kuliah ITdel\\Semester 6\\PA III\\Project\\git\\PA-III-02-2020\\vendor\\laravel\\framework\\src\\Illuminate\\Routing\\Router.php(657): Illuminate\\Routing\\Router->runRouteWithinStack(Object(Illuminate\\Routing\\Route), Object(Illuminate\\Http\\Request))
#32 D:\\Backup Data Kristopel\\Kuliah ITdel\\Semester 6\\PA III\\Project\\git\\PA-III-02-2020\\vendor\\laravel\\framework\\src\\Illuminate\\Routing\\Router.php(623): Illuminate\\Routing\\Router->runRoute(Object(Illuminate\\Http\\Request), Object(Illuminate\\Routing\\Route))
#33 D:\\Backup Data Kristopel\\Kuliah ITdel\\Semester 6\\PA III\\Project\\git\\PA-III-02-2020\\vendor\\laravel\\framework\\src\\Illuminate\\Routing\\Router.php(612): Illuminate\\Routing\\Router->dispatchToRoute(Object(Illuminate\\Http\\Request))
#34 D:\\Backup Data Kristopel\\Kuliah ITdel\\Semester 6\\PA III\\Project\\git\\PA-III-02-2020\\vendor\\laravel\\framework\\src\\Illuminate\\Foundation\\Http\\Kernel.php(176): Illuminate\\Routing\\Router->dispatch(Object(Illuminate\\Http\\Request))
#35 D:\\Backup Data Kristopel\\Kuliah ITdel\\Semester 6\\PA III\\Project\\git\\PA-III-02-2020\\vendor\\laravel\\framework\\src\\Illuminate\\Routing\\Pipeline.php(30): Illuminate\\Foundation\\Http\\Kernel->Illuminate\\Foundation\\Http\\{closure}(Object(Illuminate\\Http\\Request))
#36 D:\\Backup Data Kristopel\\Kuliah ITdel\\Semester 6\\PA III\\Project\\git\\PA-III-02-2020\\vendor\\fideloper\\proxy\\src\\TrustProxies.php(57): Illuminate\\Routing\\Pipeline->Illuminate\\Routing\\{closure}(Object(Illuminate\\Http\\Request))
#37 D:\\Backup Data Kristopel\\Kuliah ITdel\\Semester 6\\PA III\\Project\\git\\PA-III-02-2020\\vendor\\laravel\\framework\\src\\Illuminate\\Pipeline\\Pipeline.php(163): Fideloper\\Proxy\\TrustProxies->handle(Object(Illuminate\\Http\\Request), Object(Closure))
#38 D:\\Backup Data Kristopel\\Kuliah ITdel\\Semester 6\\PA III\\Project\\git\\PA-III-02-2020\\vendor\\laravel\\framework\\src\\Illuminate\\Routing\\Pipeline.php(53): Illuminate\\Pipeline\\Pipeline->Illuminate\\Pipeline\\{closure}(Object(Illuminate\\Http\\Request))
#39 D:\\Backup Data Kristopel\\Kuliah ITdel\\Semester 6\\PA III\\Project\\git\\PA-III-02-2020\\vendor\\laravel\\framework\\src\\Illuminate\\Foundation\\Http\\Middleware\\TransformsRequest.php(21): Illuminate\\Routing\\Pipeline->Illuminate\\Routing\\{closure}(Object(Illuminate\\Http\\Request))
#40 D:\\Backup Data Kristopel\\Kuliah ITdel\\Semester 6\\PA III\\Project\\git\\PA-III-02-2020\\vendor\\laravel\\framework\\src\\Illuminate\\Pipeline\\Pipeline.php(163): Illuminate\\Foundation\\Http\\Middleware\\TransformsRequest->handle(Object(Illuminate\\Http\\Request), Object(Closure))
#41 D:\\Backup Data Kristopel\\Kuliah ITdel\\Semester 6\\PA III\\Project\\git\\PA-III-02-2020\\vendor\\laravel\\framework\\src\\Illuminate\\Routing\\Pipeline.php(53): Illuminate\\Pipeline\\Pipeline->Illuminate\\Pipeline\\{closure}(Object(Illuminate\\Http\\Request))
#42 D:\\Backup Data Kristopel\\Kuliah ITdel\\Semester 6\\PA III\\Project\\git\\PA-III-02-2020\\vendor\\laravel\\framework\\src\\Illuminate\\Foundation\\Http\\Middleware\\TransformsRequest.php(21): Illuminate\\Routing\\Pipeline->Illuminate\\Routing\\{closure}(Object(Illuminate\\Http\\Request))
#43 D:\\Backup Data Kristopel\\Kuliah ITdel\\Semester 6\\PA III\\Project\\git\\PA-III-02-2020\\vendor\\laravel\\framework\\src\\Illuminate\\Pipeline\\Pipeline.php(163): Illuminate\\Foundation\\Http\\Middleware\\TransformsRequest->handle(Object(Illuminate\\Http\\Request), Object(Closure))
#44 D:\\Backup Data Kristopel\\Kuliah ITdel\\Semester 6\\PA III\\Project\\git\\PA-III-02-2020\\vendor\\laravel\\framework\\src\\Illuminate\\Routing\\Pipeline.php(53): Illuminate\\Pipeline\\Pipeline->Illuminate\\Pipeline\\{closure}(Object(Illuminate\\Http\\Request))
#45 D:\\Backup Data Kristopel\\Kuliah ITdel\\Semester 6\\PA III\\Project\\git\\PA-III-02-2020\\vendor\\laravel\\framework\\src\\Illuminate\\Foundation\\Http\\Middleware\\ValidatePostSize.php(27): Illuminate\\Routing\\Pipeline->Illuminate\\Routing\\{closure}(Object(Illuminate\\Http\\Request))
#46 D:\\Backup Data Kristopel\\Kuliah ITdel\\Semester 6\\PA III\\Project\\git\\PA-III-02-2020\\vendor\\laravel\\framework\\src\\Illuminate\\Pipeline\\Pipeline.php(163): Illuminate\\Foundation\\Http\\Middleware\\ValidatePostSize->handle(Object(Illuminate\\Http\\Request), Object(Closure))
#47 D:\\Backup Data Kristopel\\Kuliah ITdel\\Semester 6\\PA III\\Project\\git\\PA-III-02-2020\\vendor\\laravel\\framework\\src\\Illuminate\\Routing\\Pipeline.php(53): Illuminate\\Pipeline\\Pipeline->Illuminate\\Pipeline\\{closure}(Object(Illuminate\\Http\\Request))
#48 D:\\Backup Data Kristopel\\Kuliah ITdel\\Semester 6\\PA III\\Project\\git\\PA-III-02-2020\\vendor\\laravel\\framework\\src\\Illuminate\\Foundation\\Http\\Middleware\\CheckForMaintenanceMode.php(62): Illuminate\\Routing\\Pipeline->Illuminate\\Routing\\{closure}(Object(Illuminate\\Http\\Request))
#49 D:\\Backup Data Kristopel\\Kuliah ITdel\\Semester 6\\PA III\\Project\\git\\PA-III-02-2020\\vendor\\laravel\\framework\\src\\Illuminate\\Pipeline\\Pipeline.php(163): Illuminate\\Foundation\\Http\\Middleware\\CheckForMaintenanceMode->handle(Object(Illuminate\\Http\\Request), Object(Closure))
#50 D:\\Backup Data Kristopel\\Kuliah ITdel\\Semester 6\\PA III\\Project\\git\\PA-III-02-2020\\vendor\\laravel\\framework\\src\\Illuminate\\Routing\\Pipeline.php(53): Illuminate\\Pipeline\\Pipeline->Illuminate\\Pipeline\\{closure}(Object(Illuminate\\Http\\Request))
#51 D:\\Backup Data Kristopel\\Kuliah ITdel\\Semester 6\\PA III\\Project\\git\\PA-III-02-2020\\vendor\\laravel\\framework\\src\\Illuminate\\Pipeline\\Pipeline.php(104): Illuminate\\Routing\\Pipeline->Illuminate\\Routing\\{closure}(Object(Illuminate\\Http\\Request))
#52 D:\\Backup Data Kristopel\\Kuliah ITdel\\Semester 6\\PA III\\Project\\git\\PA-III-02-2020\\vendor\\laravel\\framework\\src\\Illuminate\\Foundation\\Http\\Kernel.php(151): Illuminate\\Pipeline\\Pipeline->then(Object(Closure))
#53 D:\\Backup Data Kristopel\\Kuliah ITdel\\Semester 6\\PA III\\Project\\git\\PA-III-02-2020\\vendor\\laravel\\framework\\src\\Illuminate\\Foundation\\Http\\Kernel.php(116): Illuminate\\Foundation\\Http\\Kernel->sendRequestThroughRouter(Object(Illuminate\\Http\\Request))
#54 D:\\Backup Data Kristopel\\Kuliah ITdel\\Semester 6\\PA III\\Project\\git\\PA-III-02-2020\\public\\index.php(55): Illuminate\\Foundation\\Http\\Kernel->handle(Object(Illuminate\\Http\\Request))
#55 D:\\Backup Data Kristopel\\Kuliah ITdel\\Semester 6\\PA III\\Project\\git\\PA-III-02-2020\\server.php(21): require_once('D:\\\\Backup Data ...')
#56 {main}
"} 
[2020-05-01 05:10:23] local.ERROR: Route [admin.kalender.eventkalender] not defined. {"exception":"[object] (InvalidArgumentException(code: 0): Route [admin.kalender.eventkalender] not defined. at D:\\Backup Data Kristopel\\Kuliah ITdel\\Semester 6\\PA III\\Project\\git\\PA-III-02-2020\\vendor\\laravel\\framework\\src\\Illuminate\\Routing\\UrlGenerator.php:388)
[stacktrace]
#0 D:\\Backup Data Kristopel\\Kuliah ITdel\\Semester 6\\PA III\\Project\\git\\PA-III-02-2020\\vendor\\laravel\\framework\\src\\Illuminate\\Foundation\\helpers.php(782): Illuminate\\Routing\\UrlGenerator->route('admin.kalender....', '15', true)
#1 D:\\Backup Data Kristopel\\Kuliah ITdel\\Semester 6\\PA III\\Project\\git\\PA-III-02-2020\\app\\Http\\Controllers\\KalendereventController.php(64): route('admin.kalender....', '15')
#2 [internal function]: App\\Http\\Controllers\\KalendereventController->update(Object(Illuminate\\Http\\Request), '15')
#3 D:\\Backup Data Kristopel\\Kuliah ITdel\\Semester 6\\PA III\\Project\\git\\PA-III-02-2020\\vendor\\laravel\\framework\\src\\Illuminate\\Routing\\Controller.php(54): call_user_func_array(Array, Array)
#4 D:\\Backup Data Kristopel\\Kuliah ITdel\\Semester 6\\PA III\\Project\\git\\PA-III-02-2020\\vendor\\laravel\\framework\\src\\Illuminate\\Routing\\ControllerDispatcher.php(45): Illuminate\\Routing\\Controller->callAction('update', Array)
#5 D:\\Backup Data Kristopel\\Kuliah ITdel\\Semester 6\\PA III\\Project\\git\\PA-III-02-2020\\vendor\\laravel\\framework\\src\\Illuminate\\Routing\\Route.php(219): Illuminate\\Routing\\ControllerDispatcher->dispatch(Object(Illuminate\\Routing\\Route), Object(App\\Http\\Controllers\\KalendereventController), 'update')
#6 D:\\Backup Data Kristopel\\Kuliah ITdel\\Semester 6\\PA III\\Project\\git\\PA-III-02-2020\\vendor\\laravel\\framework\\src\\Illuminate\\Routing\\Route.php(176): Illuminate\\Routing\\Route->runController()
#7 D:\\Backup Data Kristopel\\Kuliah ITdel\\Semester 6\\PA III\\Project\\git\\PA-III-02-2020\\vendor\\laravel\\framework\\src\\Illuminate\\Routing\\Router.php(680): Illuminate\\Routing\\Route->run()
#8 D:\\Backup Data Kristopel\\Kuliah ITdel\\Semester 6\\PA III\\Project\\git\\PA-III-02-2020\\vendor\\laravel\\framework\\src\\Illuminate\\Routing\\Pipeline.php(30): Illuminate\\Routing\\Router->Illuminate\\Routing\\{closure}(Object(Illuminate\\Http\\Request))
#9 D:\\Backup Data Kristopel\\Kuliah ITdel\\Semester 6\\PA III\\Project\\git\\PA-III-02-2020\\vendor\\laravel\\framework\\src\\Illuminate\\Routing\\Middleware\\SubstituteBindings.php(41): Illuminate\\Routing\\Pipeline->Illuminate\\Routing\\{closure}(Object(Illuminate\\Http\\Request))
#10 D:\\Backup Data Kristopel\\Kuliah ITdel\\Semester 6\\PA III\\Project\\git\\PA-III-02-2020\\vendor\\laravel\\framework\\src\\Illuminate\\Pipeline\\Pipeline.php(163): Illuminate\\Routing\\Middleware\\SubstituteBindings->handle(Object(Illuminate\\Http\\Request), Object(Closure))
#11 D:\\Backup Data Kristopel\\Kuliah ITdel\\Semester 6\\PA III\\Project\\git\\PA-III-02-2020\\vendor\\laravel\\framework\\src\\Illuminate\\Routing\\Pipeline.php(53): Illuminate\\Pipeline\\Pipeline->Illuminate\\Pipeline\\{closure}(Object(Illuminate\\Http\\Request))
#12 D:\\Backup Data Kristopel\\Kuliah ITdel\\Semester 6\\PA III\\Project\\git\\PA-III-02-2020\\vendor\\laravel\\framework\\src\\Illuminate\\Foundation\\Http\\Middleware\\VerifyCsrfToken.php(75): Illuminate\\Routing\\Pipeline->Illuminate\\Routing\\{closure}(Object(Illuminate\\Http\\Request))
#13 D:\\Backup Data Kristopel\\Kuliah ITdel\\Semester 6\\PA III\\Project\\git\\PA-III-02-2020\\vendor\\laravel\\framework\\src\\Illuminate\\Pipeline\\Pipeline.php(163): Illuminate\\Foundation\\Http\\Middleware\\VerifyCsrfToken->handle(Object(Illuminate\\Http\\Request), Object(Closure))
#14 D:\\Backup Data Kristopel\\Kuliah ITdel\\Semester 6\\PA III\\Project\\git\\PA-III-02-2020\\vendor\\laravel\\framework\\src\\Illuminate\\Routing\\Pipeline.php(53): Illuminate\\Pipeline\\Pipeline->Illuminate\\Pipeline\\{closure}(Object(Illuminate\\Http\\Request))
#15 D:\\Backup Data Kristopel\\Kuliah ITdel\\Semester 6\\PA III\\Project\\git\\PA-III-02-2020\\vendor\\laravel\\framework\\src\\Illuminate\\View\\Middleware\\ShareErrorsFromSession.php(49): Illuminate\\Routing\\Pipeline->Illuminate\\Routing\\{closure}(Object(Illuminate\\Http\\Request))
#16 D:\\Backup Data Kristopel\\Kuliah ITdel\\Semester 6\\PA III\\Project\\git\\PA-III-02-2020\\vendor\\laravel\\framework\\src\\Illuminate\\Pipeline\\Pipeline.php(163): Illuminate\\View\\Middleware\\ShareErrorsFromSession->handle(Object(Illuminate\\Http\\Request), Object(Closure))
#17 D:\\Backup Data Kristopel\\Kuliah ITdel\\Semester 6\\PA III\\Project\\git\\PA-III-02-2020\\vendor\\laravel\\framework\\src\\Illuminate\\Routing\\Pipeline.php(53): Illuminate\\Pipeline\\Pipeline->Illuminate\\Pipeline\\{closure}(Object(Illuminate\\Http\\Request))
#18 D:\\Backup Data Kristopel\\Kuliah ITdel\\Semester 6\\PA III\\Project\\git\\PA-III-02-2020\\vendor\\laravel\\framework\\src\\Illuminate\\Session\\Middleware\\StartSession.php(56): Illuminate\\Routing\\Pipeline->Illuminate\\Routing\\{closure}(Object(Illuminate\\Http\\Request))
#19 D:\\Backup Data Kristopel\\Kuliah ITdel\\Semester 6\\PA III\\Project\\git\\PA-III-02-2020\\vendor\\laravel\\framework\\src\\Illuminate\\Pipeline\\Pipeline.php(163): Illuminate\\Session\\Middleware\\StartSession->handle(Object(Illuminate\\Http\\Request), Object(Closure))
#20 D:\\Backup Data Kristopel\\Kuliah ITdel\\Semester 6\\PA III\\Project\\git\\PA-III-02-2020\\vendor\\laravel\\framework\\src\\Illuminate\\Routing\\Pipeline.php(53): Illuminate\\Pipeline\\Pipeline->Illuminate\\Pipeline\\{closure}(Object(Illuminate\\Http\\Request))
#21 D:\\Backup Data Kristopel\\Kuliah ITdel\\Semester 6\\PA III\\Project\\git\\PA-III-02-2020\\vendor\\laravel\\framework\\src\\Illuminate\\Cookie\\Middleware\\AddQueuedCookiesToResponse.php(37): Illuminate\\Routing\\Pipeline->Illuminate\\Routing\\{closure}(Object(Illuminate\\Http\\Request))
#22 D:\\Backup Data Kristopel\\Kuliah ITdel\\Semester 6\\PA III\\Project\\git\\PA-III-02-2020\\vendor\\laravel\\framework\\src\\Illuminate\\Pipeline\\Pipeline.php(163): Illuminate\\Cookie\\Middleware\\AddQueuedCookiesToResponse->handle(Object(Illuminate\\Http\\Request), Object(Closure))
#23 D:\\Backup Data Kristopel\\Kuliah ITdel\\Semester 6\\PA III\\Project\\git\\PA-III-02-2020\\vendor\\laravel\\framework\\src\\Illuminate\\Routing\\Pipeline.php(53): Illuminate\\Pipeline\\Pipeline->Illuminate\\Pipeline\\{closure}(Object(Illuminate\\Http\\Request))
#24 D:\\Backup Data Kristopel\\Kuliah ITdel\\Semester 6\\PA III\\Project\\git\\PA-III-02-2020\\vendor\\laravel\\framework\\src\\Illuminate\\Cookie\\Middleware\\EncryptCookies.php(66): Illuminate\\Routing\\Pipeline->Illuminate\\Routing\\{closure}(Object(Illuminate\\Http\\Request))
#25 D:\\Backup Data Kristopel\\Kuliah ITdel\\Semester 6\\PA III\\Project\\git\\PA-III-02-2020\\vendor\\laravel\\framework\\src\\Illuminate\\Pipeline\\Pipeline.php(163): Illuminate\\Cookie\\Middleware\\EncryptCookies->handle(Object(Illuminate\\Http\\Request), Object(Closure))
#26 D:\\Backup Data Kristopel\\Kuliah ITdel\\Semester 6\\PA III\\Project\\git\\PA-III-02-2020\\vendor\\laravel\\framework\\src\\Illuminate\\Routing\\Pipeline.php(53): Illuminate\\Pipeline\\Pipeline->Illuminate\\Pipeline\\{closure}(Object(Illuminate\\Http\\Request))
#27 D:\\Backup Data Kristopel\\Kuliah ITdel\\Semester 6\\PA III\\Project\\git\\PA-III-02-2020\\vendor\\laravel\\framework\\src\\Illuminate\\Pipeline\\Pipeline.php(104): Illuminate\\Routing\\Pipeline->Illuminate\\Routing\\{closure}(Object(Illuminate\\Http\\Request))
#28 D:\\Backup Data Kristopel\\Kuliah ITdel\\Semester 6\\PA III\\Project\\git\\PA-III-02-2020\\vendor\\laravel\\framework\\src\\Illuminate\\Routing\\Router.php(682): Illuminate\\Pipeline\\Pipeline->then(Object(Closure))
#29 D:\\Backup Data Kristopel\\Kuliah ITdel\\Semester 6\\PA III\\Project\\git\\PA-III-02-2020\\vendor\\laravel\\framework\\src\\Illuminate\\Routing\\Router.php(657): Illuminate\\Routing\\Router->runRouteWithinStack(Object(Illuminate\\Routing\\Route), Object(Illuminate\\Http\\Request))
#30 D:\\Backup Data Kristopel\\Kuliah ITdel\\Semester 6\\PA III\\Project\\git\\PA-III-02-2020\\vendor\\laravel\\framework\\src\\Illuminate\\Routing\\Router.php(623): Illuminate\\Routing\\Router->runRoute(Object(Illuminate\\Http\\Request), Object(Illuminate\\Routing\\Route))
#31 D:\\Backup Data Kristopel\\Kuliah ITdel\\Semester 6\\PA III\\Project\\git\\PA-III-02-2020\\vendor\\laravel\\framework\\src\\Illuminate\\Routing\\Router.php(612): Illuminate\\Routing\\Router->dispatchToRoute(Object(Illuminate\\Http\\Request))
#32 D:\\Backup Data Kristopel\\Kuliah ITdel\\Semester 6\\PA III\\Project\\git\\PA-III-02-2020\\vendor\\laravel\\framework\\src\\Illuminate\\Foundation\\Http\\Kernel.php(176): Illuminate\\Routing\\Router->dispatch(Object(Illuminate\\Http\\Request))
#33 D:\\Backup Data Kristopel\\Kuliah ITdel\\Semester 6\\PA III\\Project\\git\\PA-III-02-2020\\vendor\\laravel\\framework\\src\\Illuminate\\Routing\\Pipeline.php(30): Illuminate\\Foundation\\Http\\Kernel->Illuminate\\Foundation\\Http\\{closure}(Object(Illuminate\\Http\\Request))
#34 D:\\Backup Data Kristopel\\Kuliah ITdel\\Semester 6\\PA III\\Project\\git\\PA-III-02-2020\\vendor\\fideloper\\proxy\\src\\TrustProxies.php(57): Illuminate\\Routing\\Pipeline->Illuminate\\Routing\\{closure}(Object(Illuminate\\Http\\Request))
#35 D:\\Backup Data Kristopel\\Kuliah ITdel\\Semester 6\\PA III\\Project\\git\\PA-III-02-2020\\vendor\\laravel\\framework\\src\\Illuminate\\Pipeline\\Pipeline.php(163): Fideloper\\Proxy\\TrustProxies->handle(Object(Illuminate\\Http\\Request), Object(Closure))
#36 D:\\Backup Data Kristopel\\Kuliah ITdel\\Semester 6\\PA III\\Project\\git\\PA-III-02-2020\\vendor\\laravel\\framework\\src\\Illuminate\\Routing\\Pipeline.php(53): Illuminate\\Pipeline\\Pipeline->Illuminate\\Pipeline\\{closure}(Object(Illuminate\\Http\\Request))
#37 D:\\Backup Data Kristopel\\Kuliah ITdel\\Semester 6\\PA III\\Project\\git\\PA-III-02-2020\\vendor\\laravel\\framework\\src\\Illuminate\\Foundation\\Http\\Middleware\\TransformsRequest.php(21): Illuminate\\Routing\\Pipeline->Illuminate\\Routing\\{closure}(Object(Illuminate\\Http\\Request))
#38 D:\\Backup Data Kristopel\\Kuliah ITdel\\Semester 6\\PA III\\Project\\git\\PA-III-02-2020\\vendor\\laravel\\framework\\src\\Illuminate\\Pipeline\\Pipeline.php(163): Illuminate\\Foundation\\Http\\Middleware\\TransformsRequest->handle(Object(Illuminate\\Http\\Request), Object(Closure))
#39 D:\\Backup Data Kristopel\\Kuliah ITdel\\Semester 6\\PA III\\Project\\git\\PA-III-02-2020\\vendor\\laravel\\framework\\src\\Illuminate\\Routing\\Pipeline.php(53): Illuminate\\Pipeline\\Pipeline->Illuminate\\Pipeline\\{closure}(Object(Illuminate\\Http\\Request))
#40 D:\\Backup Data Kristopel\\Kuliah ITdel\\Semester 6\\PA III\\Project\\git\\PA-III-02-2020\\vendor\\laravel\\framework\\src\\Illuminate\\Foundation\\Http\\Middleware\\TransformsRequest.php(21): Illuminate\\Routing\\Pipeline->Illuminate\\Routing\\{closure}(Object(Illuminate\\Http\\Request))
#41 D:\\Backup Data Kristopel\\Kuliah ITdel\\Semester 6\\PA III\\Project\\git\\PA-III-02-2020\\vendor\\laravel\\framework\\src\\Illuminate\\Pipeline\\Pipeline.php(163): Illuminate\\Foundation\\Http\\Middleware\\TransformsRequest->handle(Object(Illuminate\\Http\\Request), Object(Closure))
#42 D:\\Backup Data Kristopel\\Kuliah ITdel\\Semester 6\\PA III\\Project\\git\\PA-III-02-2020\\vendor\\laravel\\framework\\src\\Illuminate\\Routing\\Pipeline.php(53): Illuminate\\Pipeline\\Pipeline->Illuminate\\Pipeline\\{closure}(Object(Illuminate\\Http\\Request))
#43 D:\\Backup Data Kristopel\\Kuliah ITdel\\Semester 6\\PA III\\Project\\git\\PA-III-02-2020\\vendor\\laravel\\framework\\src\\Illuminate\\Foundation\\Http\\Middleware\\ValidatePostSize.php(27): Illuminate\\Routing\\Pipeline->Illuminate\\Routing\\{closure}(Object(Illuminate\\Http\\Request))
#44 D:\\Backup Data Kristopel\\Kuliah ITdel\\Semester 6\\PA III\\Project\\git\\PA-III-02-2020\\vendor\\laravel\\framework\\src\\Illuminate\\Pipeline\\Pipeline.php(163): Illuminate\\Foundation\\Http\\Middleware\\ValidatePostSize->handle(Object(Illuminate\\Http\\Request), Object(Closure))
#45 D:\\Backup Data Kristopel\\Kuliah ITdel\\Semester 6\\PA III\\Project\\git\\PA-III-02-2020\\vendor\\laravel\\framework\\src\\Illuminate\\Routing\\Pipeline.php(53): Illuminate\\Pipeline\\Pipeline->Illuminate\\Pipeline\\{closure}(Object(Illuminate\\Http\\Request))
#46 D:\\Backup Data Kristopel\\Kuliah ITdel\\Semester 6\\PA III\\Project\\git\\PA-III-02-2020\\vendor\\laravel\\framework\\src\\Illuminate\\Foundation\\Http\\Middleware\\CheckForMaintenanceMode.php(62): Illuminate\\Routing\\Pipeline->Illuminate\\Routing\\{closure}(Object(Illuminate\\Http\\Request))
#47 D:\\Backup Data Kristopel\\Kuliah ITdel\\Semester 6\\PA III\\Project\\git\\PA-III-02-2020\\vendor\\laravel\\framework\\src\\Illuminate\\Pipeline\\Pipeline.php(163): Illuminate\\Foundation\\Http\\Middleware\\CheckForMaintenanceMode->handle(Object(Illuminate\\Http\\Request), Object(Closure))
#48 D:\\Backup Data Kristopel\\Kuliah ITdel\\Semester 6\\PA III\\Project\\git\\PA-III-02-2020\\vendor\\laravel\\framework\\src\\Illuminate\\Routing\\Pipeline.php(53): Illuminate\\Pipeline\\Pipeline->Illuminate\\Pipeline\\{closure}(Object(Illuminate\\Http\\Request))
#49 D:\\Backup Data Kristopel\\Kuliah ITdel\\Semester 6\\PA III\\Project\\git\\PA-III-02-2020\\vendor\\laravel\\framework\\src\\Illuminate\\Pipeline\\Pipeline.php(104): Illuminate\\Routing\\Pipeline->Illuminate\\Routing\\{closure}(Object(Illuminate\\Http\\Request))
#50 D:\\Backup Data Kristopel\\Kuliah ITdel\\Semester 6\\PA III\\Project\\git\\PA-III-02-2020\\vendor\\laravel\\framework\\src\\Illuminate\\Foundation\\Http\\Kernel.php(151): Illuminate\\Pipeline\\Pipeline->then(Object(Closure))
#51 D:\\Backup Data Kristopel\\Kuliah ITdel\\Semester 6\\PA III\\Project\\git\\PA-III-02-2020\\vendor\\laravel\\framework\\src\\Illuminate\\Foundation\\Http\\Kernel.php(116): Illuminate\\Foundation\\Http\\Kernel->sendRequestThroughRouter(Object(Illuminate\\Http\\Request))
#52 D:\\Backup Data Kristopel\\Kuliah ITdel\\Semester 6\\PA III\\Project\\git\\PA-III-02-2020\\public\\index.php(55): Illuminate\\Foundation\\Http\\Kernel->handle(Object(Illuminate\\Http\\Request))
#53 D:\\Backup Data Kristopel\\Kuliah ITdel\\Semester 6\\PA III\\Project\\git\\PA-III-02-2020\\server.php(21): require_once('D:\\\\Backup Data ...')
#54 {main}
"} 
[2020-05-01 12:49:50] local.ERROR: Undefined variable: kalenders (View: D:\Backup Data Kristopel\Kuliah ITdel\Semester 6\PA III\Project\git\PA-III-02-2020\resources\views\admin\kalender\eventkalender.blade.php) {"exception":"[object] (ErrorException(code: 0): Undefined variable: kalenders (View: D:\\Backup Data Kristopel\\Kuliah ITdel\\Semester 6\\PA III\\Project\\git\\PA-III-02-2020\esources\\views\\admin\\kalender\\eventkalender.blade.php) at D:\\Backup Data Kristopel\\Kuliah ITdel\\Semester 6\\PA III\\Project\\git\\PA-III-02-2020\\storage\\framework\\views\\fc72c27d4615d169c163669e47cabbb247eccd48.php:24, ErrorException(code: 0): Undefined variable: kalenders at D:\\Backup Data Kristopel\\Kuliah ITdel\\Semester 6\\PA III\\Project\\git\\PA-III-02-2020\\storage\\framework\\views\\fc72c27d4615d169c163669e47cabbb247eccd48.php:24)
[stacktrace]
#0 D:\\Backup Data Kristopel\\Kuliah ITdel\\Semester 6\\PA III\\Project\\git\\PA-III-02-2020\\vendor\\laravel\\framework\\src\\Illuminate\\View\\Engines\\PhpEngine.php(45): Illuminate\\View\\Engines\\CompilerEngine->handleViewException(Object(ErrorException), 1)
#1 D:\\Backup Data Kristopel\\Kuliah ITdel\\Semester 6\\PA III\\Project\\git\\PA-III-02-2020\\vendor\\laravel\\framework\\src\\Illuminate\\View\\Engines\\CompilerEngine.php(59): Illuminate\\View\\Engines\\PhpEngine->evaluatePath('D:\\\\Backup Data ...', Array)
#2 D:\\Backup Data Kristopel\\Kuliah ITdel\\Semester 6\\PA III\\Project\\git\\PA-III-02-2020\\vendor\\laravel\\framework\\src\\Illuminate\\View\\View.php(142): Illuminate\\View\\Engines\\CompilerEngine->get('D:\\\\Backup Data ...', Array)
#3 D:\\Backup Data Kristopel\\Kuliah ITdel\\Semester 6\\PA III\\Project\\git\\PA-III-02-2020\\vendor\\laravel\\framework\\src\\Illuminate\\View\\View.php(125): Illuminate\\View\\View->getContents()
#4 D:\\Backup Data Kristopel\\Kuliah ITdel\\Semester 6\\PA III\\Project\\git\\PA-III-02-2020\\vendor\\laravel\\framework\\src\\Illuminate\\View\\View.php(90): Illuminate\\View\\View->renderContents()
#5 D:\\Backup Data Kristopel\\Kuliah ITdel\\Semester 6\\PA III\\Project\\git\\PA-III-02-2020\\vendor\\laravel\\framework\\src\\Illuminate\\Http\\Response.php(42): Illuminate\\View\\View->render()
#6 D:\\Backup Data Kristopel\\Kuliah ITdel\\Semester 6\\PA III\\Project\\git\\PA-III-02-2020\\vendor\\symfony\\http-foundation\\Response.php(205): Illuminate\\Http\\Response->setContent(Object(Illuminate\\View\\View))
#7 D:\\Backup Data Kristopel\\Kuliah ITdel\\Semester 6\\PA III\\Project\\git\\PA-III-02-2020\\vendor\\laravel\\framework\\src\\Illuminate\\Routing\\Router.php(748): Symfony\\Component\\HttpFoundation\\Response->__construct(Object(Illuminate\\View\\View))
#8 D:\\Backup Data Kristopel\\Kuliah ITdel\\Semester 6\\PA III\\Project\\git\\PA-III-02-2020\\vendor\\laravel\\framework\\src\\Illuminate\\Routing\\Router.php(720): Illuminate\\Routing\\Router::toResponse(Object(Illuminate\\Http\\Request), Object(Illuminate\\View\\View))
#9 D:\\Backup Data Kristopel\\Kuliah ITdel\\Semester 6\\PA III\\Project\\git\\PA-III-02-2020\\vendor\\laravel\\framework\\src\\Illuminate\\Routing\\Router.php(680): Illuminate\\Routing\\Router->prepareResponse(Object(Illuminate\\Http\\Request), Object(Illuminate\\View\\View))
#10 D:\\Backup Data Kristopel\\Kuliah ITdel\\Semester 6\\PA III\\Project\\git\\PA-III-02-2020\\vendor\\laravel\\framework\\src\\Illuminate\\Routing\\Pipeline.php(30): Illuminate\\Routing\\Router->Illuminate\\Routing\\{closure}(Object(Illuminate\\Http\\Request))
#11 D:\\Backup Data Kristopel\\Kuliah ITdel\\Semester 6\\PA III\\Project\\git\\PA-III-02-2020\\vendor\\laravel\\framework\\src\\Illuminate\\Routing\\Middleware\\SubstituteBindings.php(41): Illuminate\\Routing\\Pipeline->Illuminate\\Routing\\{closure}(Object(Illuminate\\Http\\Request))
#12 D:\\Backup Data Kristopel\\Kuliah ITdel\\Semester 6\\PA III\\Project\\git\\PA-III-02-2020\\vendor\\laravel\\framework\\src\\Illuminate\\Pipeline\\Pipeline.php(163): Illuminate\\Routing\\Middleware\\SubstituteBindings->handle(Object(Illuminate\\Http\\Request), Object(Closure))
#13 D:\\Backup Data Kristopel\\Kuliah ITdel\\Semester 6\\PA III\\Project\\git\\PA-III-02-2020\\vendor\\laravel\\framework\\src\\Illuminate\\Routing\\Pipeline.php(53): Illuminate\\Pipeline\\Pipeline->Illuminate\\Pipeline\\{closure}(Object(Illuminate\\Http\\Request))
#14 D:\\Backup Data Kristopel\\Kuliah ITdel\\Semester 6\\PA III\\Project\\git\\PA-III-02-2020\\vendor\\laravel\\framework\\src\\Illuminate\\Foundation\\Http\\Middleware\\VerifyCsrfToken.php(75): Illuminate\\Routing\\Pipeline->Illuminate\\Routing\\{closure}(Object(Illuminate\\Http\\Request))
#15 D:\\Backup Data Kristopel\\Kuliah ITdel\\Semester 6\\PA III\\Project\\git\\PA-III-02-2020\\vendor\\laravel\\framework\\src\\Illuminate\\Pipeline\\Pipeline.php(163): Illuminate\\Foundation\\Http\\Middleware\\VerifyCsrfToken->handle(Object(Illuminate\\Http\\Request), Object(Closure))
#16 D:\\Backup Data Kristopel\\Kuliah ITdel\\Semester 6\\PA III\\Project\\git\\PA-III-02-2020\\vendor\\laravel\\framework\\src\\Illuminate\\Routing\\Pipeline.php(53): Illuminate\\Pipeline\\Pipeline->Illuminate\\Pipeline\\{closure}(Object(Illuminate\\Http\\Request))
#17 D:\\Backup Data Kristopel\\Kuliah ITdel\\Semester 6\\PA III\\Project\\git\\PA-III-02-2020\\vendor\\laravel\\framework\\src\\Illuminate\\View\\Middleware\\ShareErrorsFromSession.php(49): Illuminate\\Routing\\Pipeline->Illuminate\\Routing\\{closure}(Object(Illuminate\\Http\\Request))
#18 D:\\Backup Data Kristopel\\Kuliah ITdel\\Semester 6\\PA III\\Project\\git\\PA-III-02-2020\\vendor\\laravel\\framework\\src\\Illuminate\\Pipeline\\Pipeline.php(163): Illuminate\\View\\Middleware\\ShareErrorsFromSession->handle(Object(Illuminate\\Http\\Request), Object(Closure))
#19 D:\\Backup Data Kristopel\\Kuliah ITdel\\Semester 6\\PA III\\Project\\git\\PA-III-02-2020\\vendor\\laravel\\framework\\src\\Illuminate\\Routing\\Pipeline.php(53): Illuminate\\Pipeline\\Pipeline->Illuminate\\Pipeline\\{closure}(Object(Illuminate\\Http\\Request))
#20 D:\\Backup Data Kristopel\\Kuliah ITdel\\Semester 6\\PA III\\Project\\git\\PA-III-02-2020\\vendor\\laravel\\framework\\src\\Illuminate\\Session\\Middleware\\StartSession.php(56): Illuminate\\Routing\\Pipeline->Illuminate\\Routing\\{closure}(Object(Illuminate\\Http\\Request))
#21 D:\\Backup Data Kristopel\\Kuliah ITdel\\Semester 6\\PA III\\Project\\git\\PA-III-02-2020\\vendor\\laravel\\framework\\src\\Illuminate\\Pipeline\\Pipeline.php(163): Illuminate\\Session\\Middleware\\StartSession->handle(Object(Illuminate\\Http\\Request), Object(Closure))
#22 D:\\Backup Data Kristopel\\Kuliah ITdel\\Semester 6\\PA III\\Project\\git\\PA-III-02-2020\\vendor\\laravel\\framework\\src\\Illuminate\\Routing\\Pipeline.php(53): Illuminate\\Pipeline\\Pipeline->Illuminate\\Pipeline\\{closure}(Object(Illuminate\\Http\\Request))
#23 D:\\Backup Data Kristopel\\Kuliah ITdel\\Semester 6\\PA III\\Project\\git\\PA-III-02-2020\\vendor\\laravel\\framework\\src\\Illuminate\\Cookie\\Middleware\\AddQueuedCookiesToResponse.php(37): Illuminate\\Routing\\Pipeline->Illuminate\\Routing\\{closure}(Object(Illuminate\\Http\\Request))
#24 D:\\Backup Data Kristopel\\Kuliah ITdel\\Semester 6\\PA III\\Project\\git\\PA-III-02-2020\\vendor\\laravel\\framework\\src\\Illuminate\\Pipeline\\Pipeline.php(163): Illuminate\\Cookie\\Middleware\\AddQueuedCookiesToResponse->handle(Object(Illuminate\\Http\\Request), Object(Closure))
#25 D:\\Backup Data Kristopel\\Kuliah ITdel\\Semester 6\\PA III\\Project\\git\\PA-III-02-2020\\vendor\\laravel\\framework\\src\\Illuminate\\Routing\\Pipeline.php(53): Illuminate\\Pipeline\\Pipeline->Illuminate\\Pipeline\\{closure}(Object(Illuminate\\Http\\Request))
#26 D:\\Backup Data Kristopel\\Kuliah ITdel\\Semester 6\\PA III\\Project\\git\\PA-III-02-2020\\vendor\\laravel\\framework\\src\\Illuminate\\Cookie\\Middleware\\EncryptCookies.php(66): Illuminate\\Routing\\Pipeline->Illuminate\\Routing\\{closure}(Object(Illuminate\\Http\\Request))
#27 D:\\Backup Data Kristopel\\Kuliah ITdel\\Semester 6\\PA III\\Project\\git\\PA-III-02-2020\\vendor\\laravel\\framework\\src\\Illuminate\\Pipeline\\Pipeline.php(163): Illuminate\\Cookie\\Middleware\\EncryptCookies->handle(Object(Illuminate\\Http\\Request), Object(Closure))
#28 D:\\Backup Data Kristopel\\Kuliah ITdel\\Semester 6\\PA III\\Project\\git\\PA-III-02-2020\\vendor\\laravel\\framework\\src\\Illuminate\\Routing\\Pipeline.php(53): Illuminate\\Pipeline\\Pipeline->Illuminate\\Pipeline\\{closure}(Object(Illuminate\\Http\\Request))
#29 D:\\Backup Data Kristopel\\Kuliah ITdel\\Semester 6\\PA III\\Project\\git\\PA-III-02-2020\\vendor\\laravel\\framework\\src\\Illuminate\\Pipeline\\Pipeline.php(104): Illuminate\\Routing\\Pipeline->Illuminate\\Routing\\{closure}(Object(Illuminate\\Http\\Request))
#30 D:\\Backup Data Kristopel\\Kuliah ITdel\\Semester 6\\PA III\\Project\\git\\PA-III-02-2020\\vendor\\laravel\\framework\\src\\Illuminate\\Routing\\Router.php(682): Illuminate\\Pipeline\\Pipeline->then(Object(Closure))
#31 D:\\Backup Data Kristopel\\Kuliah ITdel\\Semester 6\\PA III\\Project\\git\\PA-III-02-2020\\vendor\\laravel\\framework\\src\\Illuminate\\Routing\\Router.php(657): Illuminate\\Routing\\Router->runRouteWithinStack(Object(Illuminate\\Routing\\Route), Object(Illuminate\\Http\\Request))
#32 D:\\Backup Data Kristopel\\Kuliah ITdel\\Semester 6\\PA III\\Project\\git\\PA-III-02-2020\\vendor\\laravel\\framework\\src\\Illuminate\\Routing\\Router.php(623): Illuminate\\Routing\\Router->runRoute(Object(Illuminate\\Http\\Request), Object(Illuminate\\Routing\\Route))
#33 D:\\Backup Data Kristopel\\Kuliah ITdel\\Semester 6\\PA III\\Project\\git\\PA-III-02-2020\\vendor\\laravel\\framework\\src\\Illuminate\\Routing\\Router.php(612): Illuminate\\Routing\\Router->dispatchToRoute(Object(Illuminate\\Http\\Request))
#34 D:\\Backup Data Kristopel\\Kuliah ITdel\\Semester 6\\PA III\\Project\\git\\PA-III-02-2020\\vendor\\laravel\\framework\\src\\Illuminate\\Foundation\\Http\\Kernel.php(176): Illuminate\\Routing\\Router->dispatch(Object(Illuminate\\Http\\Request))
#35 D:\\Backup Data Kristopel\\Kuliah ITdel\\Semester 6\\PA III\\Project\\git\\PA-III-02-2020\\vendor\\laravel\\framework\\src\\Illuminate\\Routing\\Pipeline.php(30): Illuminate\\Foundation\\Http\\Kernel->Illuminate\\Foundation\\Http\\{closure}(Object(Illuminate\\Http\\Request))
#36 D:\\Backup Data Kristopel\\Kuliah ITdel\\Semester 6\\PA III\\Project\\git\\PA-III-02-2020\\vendor\\fideloper\\proxy\\src\\TrustProxies.php(57): Illuminate\\Routing\\Pipeline->Illuminate\\Routing\\{closure}(Object(Illuminate\\Http\\Request))
#37 D:\\Backup Data Kristopel\\Kuliah ITdel\\Semester 6\\PA III\\Project\\git\\PA-III-02-2020\\vendor\\laravel\\framework\\src\\Illuminate\\Pipeline\\Pipeline.php(163): Fideloper\\Proxy\\TrustProxies->handle(Object(Illuminate\\Http\\Request), Object(Closure))
#38 D:\\Backup Data Kristopel\\Kuliah ITdel\\Semester 6\\PA III\\Project\\git\\PA-III-02-2020\\vendor\\laravel\\framework\\src\\Illuminate\\Routing\\Pipeline.php(53): Illuminate\\Pipeline\\Pipeline->Illuminate\\Pipeline\\{closure}(Object(Illuminate\\Http\\Request))
#39 D:\\Backup Data Kristopel\\Kuliah ITdel\\Semester 6\\PA III\\Project\\git\\PA-III-02-2020\\vendor\\laravel\\framework\\src\\Illuminate\\Foundation\\Http\\Middleware\\TransformsRequest.php(21): Illuminate\\Routing\\Pipeline->Illuminate\\Routing\\{closure}(Object(Illuminate\\Http\\Request))
#40 D:\\Backup Data Kristopel\\Kuliah ITdel\\Semester 6\\PA III\\Project\\git\\PA-III-02-2020\\vendor\\laravel\\framework\\src\\Illuminate\\Pipeline\\Pipeline.php(163): Illuminate\\Foundation\\Http\\Middleware\\TransformsRequest->handle(Object(Illuminate\\Http\\Request), Object(Closure))
#41 D:\\Backup Data Kristopel\\Kuliah ITdel\\Semester 6\\PA III\\Project\\git\\PA-III-02-2020\\vendor\\laravel\\framework\\src\\Illuminate\\Routing\\Pipeline.php(53): Illuminate\\Pipeline\\Pipeline->Illuminate\\Pipeline\\{closure}(Object(Illuminate\\Http\\Request))
#42 D:\\Backup Data Kristopel\\Kuliah ITdel\\Semester 6\\PA III\\Project\\git\\PA-III-02-2020\\vendor\\laravel\\framework\\src\\Illuminate\\Foundation\\Http\\Middleware\\TransformsRequest.php(21): Illuminate\\Routing\\Pipeline->Illuminate\\Routing\\{closure}(Object(Illuminate\\Http\\Request))
#43 D:\\Backup Data Kristopel\\Kuliah ITdel\\Semester 6\\PA III\\Project\\git\\PA-III-02-2020\\vendor\\laravel\\framework\\src\\Illuminate\\Pipeline\\Pipeline.php(163): Illuminate\\Foundation\\Http\\Middleware\\TransformsRequest->handle(Object(Illuminate\\Http\\Request), Object(Closure))
#44 D:\\Backup Data Kristopel\\Kuliah ITdel\\Semester 6\\PA III\\Project\\git\\PA-III-02-2020\\vendor\\laravel\\framework\\src\\Illuminate\\Routing\\Pipeline.php(53): Illuminate\\Pipeline\\Pipeline->Illuminate\\Pipeline\\{closure}(Object(Illuminate\\Http\\Request))
#45 D:\\Backup Data Kristopel\\Kuliah ITdel\\Semester 6\\PA III\\Project\\git\\PA-III-02-2020\\vendor\\laravel\\framework\\src\\Illuminate\\Foundation\\Http\\Middleware\\ValidatePostSize.php(27): Illuminate\\Routing\\Pipeline->Illuminate\\Routing\\{closure}(Object(Illuminate\\Http\\Request))
#46 D:\\Backup Data Kristopel\\Kuliah ITdel\\Semester 6\\PA III\\Project\\git\\PA-III-02-2020\\vendor\\laravel\\framework\\src\\Illuminate\\Pipeline\\Pipeline.php(163): Illuminate\\Foundation\\Http\\Middleware\\ValidatePostSize->handle(Object(Illuminate\\Http\\Request), Object(Closure))
#47 D:\\Backup Data Kristopel\\Kuliah ITdel\\Semester 6\\PA III\\Project\\git\\PA-III-02-2020\\vendor\\laravel\\framework\\src\\Illuminate\\Routing\\Pipeline.php(53): Illuminate\\Pipeline\\Pipeline->Illuminate\\Pipeline\\{closure}(Object(Illuminate\\Http\\Request))
#48 D:\\Backup Data Kristopel\\Kuliah ITdel\\Semester 6\\PA III\\Project\\git\\PA-III-02-2020\\vendor\\laravel\\framework\\src\\Illuminate\\Foundation\\Http\\Middleware\\CheckForMaintenanceMode.php(62): Illuminate\\Routing\\Pipeline->Illuminate\\Routing\\{closure}(Object(Illuminate\\Http\\Request))
#49 D:\\Backup Data Kristopel\\Kuliah ITdel\\Semester 6\\PA III\\Project\\git\\PA-III-02-2020\\vendor\\laravel\\framework\\src\\Illuminate\\Pipeline\\Pipeline.php(163): Illuminate\\Foundation\\Http\\Middleware\\CheckForMaintenanceMode->handle(Object(Illuminate\\Http\\Request), Object(Closure))
#50 D:\\Backup Data Kristopel\\Kuliah ITdel\\Semester 6\\PA III\\Project\\git\\PA-III-02-2020\\vendor\\laravel\\framework\\src\\Illuminate\\Routing\\Pipeline.php(53): Illuminate\\Pipeline\\Pipeline->Illuminate\\Pipeline\\{closure}(Object(Illuminate\\Http\\Request))
#51 D:\\Backup Data Kristopel\\Kuliah ITdel\\Semester 6\\PA III\\Project\\git\\PA-III-02-2020\\vendor\\laravel\\framework\\src\\Illuminate\\Pipeline\\Pipeline.php(104): Illuminate\\Routing\\Pipeline->Illuminate\\Routing\\{closure}(Object(Illuminate\\Http\\Request))
#52 D:\\Backup Data Kristopel\\Kuliah ITdel\\Semester 6\\PA III\\Project\\git\\PA-III-02-2020\\vendor\\laravel\\framework\\src\\Illuminate\\Foundation\\Http\\Kernel.php(151): Illuminate\\Pipeline\\Pipeline->then(Object(Closure))
#53 D:\\Backup Data Kristopel\\Kuliah ITdel\\Semester 6\\PA III\\Project\\git\\PA-III-02-2020\\vendor\\laravel\\framework\\src\\Illuminate\\Foundation\\Http\\Kernel.php(116): Illuminate\\Foundation\\Http\\Kernel->sendRequestThroughRouter(Object(Illuminate\\Http\\Request))
#54 D:\\Backup Data Kristopel\\Kuliah ITdel\\Semester 6\\PA III\\Project\\git\\PA-III-02-2020\\public\\index.php(55): Illuminate\\Foundation\\Http\\Kernel->handle(Object(Illuminate\\Http\\Request))
#55 D:\\Backup Data Kristopel\\Kuliah ITdel\\Semester 6\\PA III\\Project\\git\\PA-III-02-2020\\server.php(21): require_once('D:\\\\Backup Data ...')
#56 {main}
"} 
[2020-05-01 14:09:47] local.ERROR: Undefined variable: kalenders (View: D:\Backup Data Kristopel\Kuliah ITdel\Semester 6\PA III\Project\git\PA-III-02-2020\resources\views\admin\kalender\eventkalender.blade.php) {"exception":"[object] (ErrorException(code: 0): Undefined variable: kalenders (View: D:\\Backup Data Kristopel\\Kuliah ITdel\\Semester 6\\PA III\\Project\\git\\PA-III-02-2020\esources\\views\\admin\\kalender\\eventkalender.blade.php) at D:\\Backup Data Kristopel\\Kuliah ITdel\\Semester 6\\PA III\\Project\\git\\PA-III-02-2020\\storage\\framework\\views\\fc72c27d4615d169c163669e47cabbb247eccd48.php:24, ErrorException(code: 0): Undefined variable: kalenders at D:\\Backup Data Kristopel\\Kuliah ITdel\\Semester 6\\PA III\\Project\\git\\PA-III-02-2020\\storage\\framework\\views\\fc72c27d4615d169c163669e47cabbb247eccd48.php:24)
[stacktrace]
#0 D:\\Backup Data Kristopel\\Kuliah ITdel\\Semester 6\\PA III\\Project\\git\\PA-III-02-2020\\vendor\\laravel\\framework\\src\\Illuminate\\View\\Engines\\PhpEngine.php(45): Illuminate\\View\\Engines\\CompilerEngine->handleViewException(Object(ErrorException), 1)
#1 D:\\Backup Data Kristopel\\Kuliah ITdel\\Semester 6\\PA III\\Project\\git\\PA-III-02-2020\\vendor\\laravel\\framework\\src\\Illuminate\\View\\Engines\\CompilerEngine.php(59): Illuminate\\View\\Engines\\PhpEngine->evaluatePath('D:\\\\Backup Data ...', Array)
#2 D:\\Backup Data Kristopel\\Kuliah ITdel\\Semester 6\\PA III\\Project\\git\\PA-III-02-2020\\vendor\\laravel\\framework\\src\\Illuminate\\View\\View.php(142): Illuminate\\View\\Engines\\CompilerEngine->get('D:\\\\Backup Data ...', Array)
#3 D:\\Backup Data Kristopel\\Kuliah ITdel\\Semester 6\\PA III\\Project\\git\\PA-III-02-2020\\vendor\\laravel\\framework\\src\\Illuminate\\View\\View.php(125): Illuminate\\View\\View->getContents()
#4 D:\\Backup Data Kristopel\\Kuliah ITdel\\Semester 6\\PA III\\Project\\git\\PA-III-02-2020\\vendor\\laravel\\framework\\src\\Illuminate\\View\\View.php(90): Illuminate\\View\\View->renderContents()
#5 D:\\Backup Data Kristopel\\Kuliah ITdel\\Semester 6\\PA III\\Project\\git\\PA-III-02-2020\\vendor\\laravel\\framework\\src\\Illuminate\\Http\\Response.php(42): Illuminate\\View\\View->render()
#6 D:\\Backup Data Kristopel\\Kuliah ITdel\\Semester 6\\PA III\\Project\\git\\PA-III-02-2020\\vendor\\symfony\\http-foundation\\Response.php(205): Illuminate\\Http\\Response->setContent(Object(Illuminate\\View\\View))
#7 D:\\Backup Data Kristopel\\Kuliah ITdel\\Semester 6\\PA III\\Project\\git\\PA-III-02-2020\\vendor\\laravel\\framework\\src\\Illuminate\\Routing\\Router.php(748): Symfony\\Component\\HttpFoundation\\Response->__construct(Object(Illuminate\\View\\View))
#8 D:\\Backup Data Kristopel\\Kuliah ITdel\\Semester 6\\PA III\\Project\\git\\PA-III-02-2020\\vendor\\laravel\\framework\\src\\Illuminate\\Routing\\Router.php(720): Illuminate\\Routing\\Router::toResponse(Object(Illuminate\\Http\\Request), Object(Illuminate\\View\\View))
#9 D:\\Backup Data Kristopel\\Kuliah ITdel\\Semester 6\\PA III\\Project\\git\\PA-III-02-2020\\vendor\\laravel\\framework\\src\\Illuminate\\Routing\\Router.php(680): Illuminate\\Routing\\Router->prepareResponse(Object(Illuminate\\Http\\Request), Object(Illuminate\\View\\View))
#10 D:\\Backup Data Kristopel\\Kuliah ITdel\\Semester 6\\PA III\\Project\\git\\PA-III-02-2020\\vendor\\laravel\\framework\\src\\Illuminate\\Routing\\Pipeline.php(30): Illuminate\\Routing\\Router->Illuminate\\Routing\\{closure}(Object(Illuminate\\Http\\Request))
#11 D:\\Backup Data Kristopel\\Kuliah ITdel\\Semester 6\\PA III\\Project\\git\\PA-III-02-2020\\vendor\\laravel\\framework\\src\\Illuminate\\Routing\\Middleware\\SubstituteBindings.php(41): Illuminate\\Routing\\Pipeline->Illuminate\\Routing\\{closure}(Object(Illuminate\\Http\\Request))
#12 D:\\Backup Data Kristopel\\Kuliah ITdel\\Semester 6\\PA III\\Project\\git\\PA-III-02-2020\\vendor\\laravel\\framework\\src\\Illuminate\\Pipeline\\Pipeline.php(163): Illuminate\\Routing\\Middleware\\SubstituteBindings->handle(Object(Illuminate\\Http\\Request), Object(Closure))
#13 D:\\Backup Data Kristopel\\Kuliah ITdel\\Semester 6\\PA III\\Project\\git\\PA-III-02-2020\\vendor\\laravel\\framework\\src\\Illuminate\\Routing\\Pipeline.php(53): Illuminate\\Pipeline\\Pipeline->Illuminate\\Pipeline\\{closure}(Object(Illuminate\\Http\\Request))
#14 D:\\Backup Data Kristopel\\Kuliah ITdel\\Semester 6\\PA III\\Project\\git\\PA-III-02-2020\\vendor\\laravel\\framework\\src\\Illuminate\\Foundation\\Http\\Middleware\\VerifyCsrfToken.php(75): Illuminate\\Routing\\Pipeline->Illuminate\\Routing\\{closure}(Object(Illuminate\\Http\\Request))
#15 D:\\Backup Data Kristopel\\Kuliah ITdel\\Semester 6\\PA III\\Project\\git\\PA-III-02-2020\\vendor\\laravel\\framework\\src\\Illuminate\\Pipeline\\Pipeline.php(163): Illuminate\\Foundation\\Http\\Middleware\\VerifyCsrfToken->handle(Object(Illuminate\\Http\\Request), Object(Closure))
#16 D:\\Backup Data Kristopel\\Kuliah ITdel\\Semester 6\\PA III\\Project\\git\\PA-III-02-2020\\vendor\\laravel\\framework\\src\\Illuminate\\Routing\\Pipeline.php(53): Illuminate\\Pipeline\\Pipeline->Illuminate\\Pipeline\\{closure}(Object(Illuminate\\Http\\Request))
#17 D:\\Backup Data Kristopel\\Kuliah ITdel\\Semester 6\\PA III\\Project\\git\\PA-III-02-2020\\vendor\\laravel\\framework\\src\\Illuminate\\View\\Middleware\\ShareErrorsFromSession.php(49): Illuminate\\Routing\\Pipeline->Illuminate\\Routing\\{closure}(Object(Illuminate\\Http\\Request))
#18 D:\\Backup Data Kristopel\\Kuliah ITdel\\Semester 6\\PA III\\Project\\git\\PA-III-02-2020\\vendor\\laravel\\framework\\src\\Illuminate\\Pipeline\\Pipeline.php(163): Illuminate\\View\\Middleware\\ShareErrorsFromSession->handle(Object(Illuminate\\Http\\Request), Object(Closure))
#19 D:\\Backup Data Kristopel\\Kuliah ITdel\\Semester 6\\PA III\\Project\\git\\PA-III-02-2020\\vendor\\laravel\\framework\\src\\Illuminate\\Routing\\Pipeline.php(53): Illuminate\\Pipeline\\Pipeline->Illuminate\\Pipeline\\{closure}(Object(Illuminate\\Http\\Request))
#20 D:\\Backup Data Kristopel\\Kuliah ITdel\\Semester 6\\PA III\\Project\\git\\PA-III-02-2020\\vendor\\laravel\\framework\\src\\Illuminate\\Session\\Middleware\\StartSession.php(56): Illuminate\\Routing\\Pipeline->Illuminate\\Routing\\{closure}(Object(Illuminate\\Http\\Request))
#21 D:\\Backup Data Kristopel\\Kuliah ITdel\\Semester 6\\PA III\\Project\\git\\PA-III-02-2020\\vendor\\laravel\\framework\\src\\Illuminate\\Pipeline\\Pipeline.php(163): Illuminate\\Session\\Middleware\\StartSession->handle(Object(Illuminate\\Http\\Request), Object(Closure))
#22 D:\\Backup Data Kristopel\\Kuliah ITdel\\Semester 6\\PA III\\Project\\git\\PA-III-02-2020\\vendor\\laravel\\framework\\src\\Illuminate\\Routing\\Pipeline.php(53): Illuminate\\Pipeline\\Pipeline->Illuminate\\Pipeline\\{closure}(Object(Illuminate\\Http\\Request))
#23 D:\\Backup Data Kristopel\\Kuliah ITdel\\Semester 6\\PA III\\Project\\git\\PA-III-02-2020\\vendor\\laravel\\framework\\src\\Illuminate\\Cookie\\Middleware\\AddQueuedCookiesToResponse.php(37): Illuminate\\Routing\\Pipeline->Illuminate\\Routing\\{closure}(Object(Illuminate\\Http\\Request))
#24 D:\\Backup Data Kristopel\\Kuliah ITdel\\Semester 6\\PA III\\Project\\git\\PA-III-02-2020\\vendor\\laravel\\framework\\src\\Illuminate\\Pipeline\\Pipeline.php(163): Illuminate\\Cookie\\Middleware\\AddQueuedCookiesToResponse->handle(Object(Illuminate\\Http\\Request), Object(Closure))
#25 D:\\Backup Data Kristopel\\Kuliah ITdel\\Semester 6\\PA III\\Project\\git\\PA-III-02-2020\\vendor\\laravel\\framework\\src\\Illuminate\\Routing\\Pipeline.php(53): Illuminate\\Pipeline\\Pipeline->Illuminate\\Pipeline\\{closure}(Object(Illuminate\\Http\\Request))
#26 D:\\Backup Data Kristopel\\Kuliah ITdel\\Semester 6\\PA III\\Project\\git\\PA-III-02-2020\\vendor\\laravel\\framework\\src\\Illuminate\\Cookie\\Middleware\\EncryptCookies.php(66): Illuminate\\Routing\\Pipeline->Illuminate\\Routing\\{closure}(Object(Illuminate\\Http\\Request))
#27 D:\\Backup Data Kristopel\\Kuliah ITdel\\Semester 6\\PA III\\Project\\git\\PA-III-02-2020\\vendor\\laravel\\framework\\src\\Illuminate\\Pipeline\\Pipeline.php(163): Illuminate\\Cookie\\Middleware\\EncryptCookies->handle(Object(Illuminate\\Http\\Request), Object(Closure))
#28 D:\\Backup Data Kristopel\\Kuliah ITdel\\Semester 6\\PA III\\Project\\git\\PA-III-02-2020\\vendor\\laravel\\framework\\src\\Illuminate\\Routing\\Pipeline.php(53): Illuminate\\Pipeline\\Pipeline->Illuminate\\Pipeline\\{closure}(Object(Illuminate\\Http\\Request))
#29 D:\\Backup Data Kristopel\\Kuliah ITdel\\Semester 6\\PA III\\Project\\git\\PA-III-02-2020\\vendor\\laravel\\framework\\src\\Illuminate\\Pipeline\\Pipeline.php(104): Illuminate\\Routing\\Pipeline->Illuminate\\Routing\\{closure}(Object(Illuminate\\Http\\Request))
#30 D:\\Backup Data Kristopel\\Kuliah ITdel\\Semester 6\\PA III\\Project\\git\\PA-III-02-2020\\vendor\\laravel\\framework\\src\\Illuminate\\Routing\\Router.php(682): Illuminate\\Pipeline\\Pipeline->then(Object(Closure))
#31 D:\\Backup Data Kristopel\\Kuliah ITdel\\Semester 6\\PA III\\Project\\git\\PA-III-02-2020\\vendor\\laravel\\framework\\src\\Illuminate\\Routing\\Router.php(657): Illuminate\\Routing\\Router->runRouteWithinStack(Object(Illuminate\\Routing\\Route), Object(Illuminate\\Http\\Request))
#32 D:\\Backup Data Kristopel\\Kuliah ITdel\\Semester 6\\PA III\\Project\\git\\PA-III-02-2020\\vendor\\laravel\\framework\\src\\Illuminate\\Routing\\Router.php(623): Illuminate\\Routing\\Router->runRoute(Object(Illuminate\\Http\\Request), Object(Illuminate\\Routing\\Route))
#33 D:\\Backup Data Kristopel\\Kuliah ITdel\\Semester 6\\PA III\\Project\\git\\PA-III-02-2020\\vendor\\laravel\\framework\\src\\Illuminate\\Routing\\Router.php(612): Illuminate\\Routing\\Router->dispatchToRoute(Object(Illuminate\\Http\\Request))
#34 D:\\Backup Data Kristopel\\Kuliah ITdel\\Semester 6\\PA III\\Project\\git\\PA-III-02-2020\\vendor\\laravel\\framework\\src\\Illuminate\\Foundation\\Http\\Kernel.php(176): Illuminate\\Routing\\Router->dispatch(Object(Illuminate\\Http\\Request))
#35 D:\\Backup Data Kristopel\\Kuliah ITdel\\Semester 6\\PA III\\Project\\git\\PA-III-02-2020\\vendor\\laravel\\framework\\src\\Illuminate\\Routing\\Pipeline.php(30): Illuminate\\Foundation\\Http\\Kernel->Illuminate\\Foundation\\Http\\{closure}(Object(Illuminate\\Http\\Request))
#36 D:\\Backup Data Kristopel\\Kuliah ITdel\\Semester 6\\PA III\\Project\\git\\PA-III-02-2020\\vendor\\fideloper\\proxy\\src\\TrustProxies.php(57): Illuminate\\Routing\\Pipeline->Illuminate\\Routing\\{closure}(Object(Illuminate\\Http\\Request))
#37 D:\\Backup Data Kristopel\\Kuliah ITdel\\Semester 6\\PA III\\Project\\git\\PA-III-02-2020\\vendor\\laravel\\framework\\src\\Illuminate\\Pipeline\\Pipeline.php(163): Fideloper\\Proxy\\TrustProxies->handle(Object(Illuminate\\Http\\Request), Object(Closure))
#38 D:\\Backup Data Kristopel\\Kuliah ITdel\\Semester 6\\PA III\\Project\\git\\PA-III-02-2020\\vendor\\laravel\\framework\\src\\Illuminate\\Routing\\Pipeline.php(53): Illuminate\\Pipeline\\Pipeline->Illuminate\\Pipeline\\{closure}(Object(Illuminate\\Http\\Request))
#39 D:\\Backup Data Kristopel\\Kuliah ITdel\\Semester 6\\PA III\\Project\\git\\PA-III-02-2020\\vendor\\laravel\\framework\\src\\Illuminate\\Foundation\\Http\\Middleware\\TransformsRequest.php(21): Illuminate\\Routing\\Pipeline->Illuminate\\Routing\\{closure}(Object(Illuminate\\Http\\Request))
#40 D:\\Backup Data Kristopel\\Kuliah ITdel\\Semester 6\\PA III\\Project\\git\\PA-III-02-2020\\vendor\\laravel\\framework\\src\\Illuminate\\Pipeline\\Pipeline.php(163): Illuminate\\Foundation\\Http\\Middleware\\TransformsRequest->handle(Object(Illuminate\\Http\\Request), Object(Closure))
#41 D:\\Backup Data Kristopel\\Kuliah ITdel\\Semester 6\\PA III\\Project\\git\\PA-III-02-2020\\vendor\\laravel\\framework\\src\\Illuminate\\Routing\\Pipeline.php(53): Illuminate\\Pipeline\\Pipeline->Illuminate\\Pipeline\\{closure}(Object(Illuminate\\Http\\Request))
#42 D:\\Backup Data Kristopel\\Kuliah ITdel\\Semester 6\\PA III\\Project\\git\\PA-III-02-2020\\vendor\\laravel\\framework\\src\\Illuminate\\Foundation\\Http\\Middleware\\TransformsRequest.php(21): Illuminate\\Routing\\Pipeline->Illuminate\\Routing\\{closure}(Object(Illuminate\\Http\\Request))
#43 D:\\Backup Data Kristopel\\Kuliah ITdel\\Semester 6\\PA III\\Project\\git\\PA-III-02-2020\\vendor\\laravel\\framework\\src\\Illuminate\\Pipeline\\Pipeline.php(163): Illuminate\\Foundation\\Http\\Middleware\\TransformsRequest->handle(Object(Illuminate\\Http\\Request), Object(Closure))
#44 D:\\Backup Data Kristopel\\Kuliah ITdel\\Semester 6\\PA III\\Project\\git\\PA-III-02-2020\\vendor\\laravel\\framework\\src\\Illuminate\\Routing\\Pipeline.php(53): Illuminate\\Pipeline\\Pipeline->Illuminate\\Pipeline\\{closure}(Object(Illuminate\\Http\\Request))
#45 D:\\Backup Data Kristopel\\Kuliah ITdel\\Semester 6\\PA III\\Project\\git\\PA-III-02-2020\\vendor\\laravel\\framework\\src\\Illuminate\\Foundation\\Http\\Middleware\\ValidatePostSize.php(27): Illuminate\\Routing\\Pipeline->Illuminate\\Routing\\{closure}(Object(Illuminate\\Http\\Request))
#46 D:\\Backup Data Kristopel\\Kuliah ITdel\\Semester 6\\PA III\\Project\\git\\PA-III-02-2020\\vendor\\laravel\\framework\\src\\Illuminate\\Pipeline\\Pipeline.php(163): Illuminate\\Foundation\\Http\\Middleware\\ValidatePostSize->handle(Object(Illuminate\\Http\\Request), Object(Closure))
#47 D:\\Backup Data Kristopel\\Kuliah ITdel\\Semester 6\\PA III\\Project\\git\\PA-III-02-2020\\vendor\\laravel\\framework\\src\\Illuminate\\Routing\\Pipeline.php(53): Illuminate\\Pipeline\\Pipeline->Illuminate\\Pipeline\\{closure}(Object(Illuminate\\Http\\Request))
#48 D:\\Backup Data Kristopel\\Kuliah ITdel\\Semester 6\\PA III\\Project\\git\\PA-III-02-2020\\vendor\\laravel\\framework\\src\\Illuminate\\Foundation\\Http\\Middleware\\CheckForMaintenanceMode.php(62): Illuminate\\Routing\\Pipeline->Illuminate\\Routing\\{closure}(Object(Illuminate\\Http\\Request))
#49 D:\\Backup Data Kristopel\\Kuliah ITdel\\Semester 6\\PA III\\Project\\git\\PA-III-02-2020\\vendor\\laravel\\framework\\src\\Illuminate\\Pipeline\\Pipeline.php(163): Illuminate\\Foundation\\Http\\Middleware\\CheckForMaintenanceMode->handle(Object(Illuminate\\Http\\Request), Object(Closure))
#50 D:\\Backup Data Kristopel\\Kuliah ITdel\\Semester 6\\PA III\\Project\\git\\PA-III-02-2020\\vendor\\laravel\\framework\\src\\Illuminate\\Routing\\Pipeline.php(53): Illuminate\\Pipeline\\Pipeline->Illuminate\\Pipeline\\{closure}(Object(Illuminate\\Http\\Request))
#51 D:\\Backup Data Kristopel\\Kuliah ITdel\\Semester 6\\PA III\\Project\\git\\PA-III-02-2020\\vendor\\laravel\\framework\\src\\Illuminate\\Pipeline\\Pipeline.php(104): Illuminate\\Routing\\Pipeline->Illuminate\\Routing\\{closure}(Object(Illuminate\\Http\\Request))
#52 D:\\Backup Data Kristopel\\Kuliah ITdel\\Semester 6\\PA III\\Project\\git\\PA-III-02-2020\\vendor\\laravel\\framework\\src\\Illuminate\\Foundation\\Http\\Kernel.php(151): Illuminate\\Pipeline\\Pipeline->then(Object(Closure))
#53 D:\\Backup Data Kristopel\\Kuliah ITdel\\Semester 6\\PA III\\Project\\git\\PA-III-02-2020\\vendor\\laravel\\framework\\src\\Illuminate\\Foundation\\Http\\Kernel.php(116): Illuminate\\Foundation\\Http\\Kernel->sendRequestThroughRouter(Object(Illuminate\\Http\\Request))
#54 D:\\Backup Data Kristopel\\Kuliah ITdel\\Semester 6\\PA III\\Project\\git\\PA-III-02-2020\\public\\index.php(55): Illuminate\\Foundation\\Http\\Kernel->handle(Object(Illuminate\\Http\\Request))
#55 D:\\Backup Data Kristopel\\Kuliah ITdel\\Semester 6\\PA III\\Project\\git\\PA-III-02-2020\\server.php(21): require_once('D:\\\\Backup Data ...')
#56 {main}
"} 
