[2020-06-05 06:22:14] local.ERROR: SQLSTATE[HY000]: General error: 1364 Field 'id_kalenderevent' doesn't have a default value (SQL: insert into `cbt_kalenderevent` (`nama_event`, `nama_tempat`, `tanggal_event`, `jam_event`, `alamat_event`, `deskripsi_event`, `gambar_event`, `updated_at`, `created_at`) values (test, test, 1212-12-11, 12:01, test, <p>12</p>, 4.png, 2020-06-05 06:22:14, 2020-06-05 06:22:14)) {"userId":2,"exception":"[object] (Illuminate\\Database\\QueryException(code: HY000): SQLSTATE[HY000]: General error: 1364 Field 'id_kalenderevent' doesn't have a default value (SQL: insert into `cbt_kalenderevent` (`nama_event`, `nama_tempat`, `tanggal_event`, `jam_event`, `alamat_event`, `deskripsi_event`, `gambar_event`, `updated_at`, `created_at`) values (test, test, 1212-12-11, 12:01, test, <p>12</p>, 4.png, 2020-06-05 06:22:14, 2020-06-05 06:22:14)) at D:\\Backup Data Kristopel\\Kuliah ITdel\\Semester 6\\PA III\\Project\\git\\v.3.1\\PA-III-02-2020\\vendor\\laravel\\framework\\src\\Illuminate\\Database\\Connection.php:664, PDOException(code: HY000): SQLSTATE[HY000]: General error: 1364 Field 'id_kalenderevent' doesn't have a default value at D:\\Backup Data Kristopel\\Kuliah ITdel\\Semester 6\\PA III\\Project\\git\\v.3.1\\PA-III-02-2020\\vendor\\laravel\\framework\\src\\Illuminate\\Database\\Connection.php:458)
[stacktrace]
#0 D:\\Backup Data Kristopel\\Kuliah ITdel\\Semester 6\\PA III\\Project\\git\\v.3.1\\PA-III-02-2020\\vendor\\laravel\\framework\\src\\Illuminate\\Database\\Connection.php(624): Illuminate\\Database\\Connection->runQueryCallback('insert into `cb...', Array, Object(Closure))
#1 D:\\Backup Data Kristopel\\Kuliah ITdel\\Semester 6\\PA III\\Project\\git\\v.3.1\\PA-III-02-2020\\vendor\\laravel\\framework\\src\\Illuminate\\Database\\Connection.php(459): Illuminate\\Database\\Connection->run('insert into `cb...', Array, Object(Closure))
#2 D:\\Backup Data Kristopel\\Kuliah ITdel\\Semester 6\\PA III\\Project\\git\\v.3.1\\PA-III-02-2020\\vendor\\laravel\\framework\\src\\Illuminate\\Database\\Connection.php(411): Illuminate\\Database\\Connection->statement('insert into `cb...', Array)
#3 D:\\Backup Data Kristopel\\Kuliah ITdel\\Semester 6\\PA III\\Project\\git\\v.3.1\\PA-III-02-2020\\vendor\\laravel\\framework\\src\\Illuminate\\Database\\Query\\Processors\\Processor.php(32): Illuminate\\Database\\Connection->insert('insert into `cb...', Array)
#4 D:\\Backup Data Kristopel\\Kuliah ITdel\\Semester 6\\PA III\\Project\\git\\v.3.1\\PA-III-02-2020\\vendor\\laravel\\framework\\src\\Illuminate\\Database\\Query\\Builder.php(2690): Illuminate\\Database\\Query\\Processors\\Processor->processInsertGetId(Object(Illuminate\\Database\\Query\\Builder), 'insert into `cb...', Array, 'id_kalendereven...')
#5 D:\\Backup Data Kristopel\\Kuliah ITdel\\Semester 6\\PA III\\Project\\git\\v.3.1\\PA-III-02-2020\\vendor\\laravel\\framework\\src\\Illuminate\\Database\\Eloquent\\Builder.php(1353): Illuminate\\Database\\Query\\Builder->insertGetId(Array, 'id_kalendereven...')
#6 D:\\Backup Data Kristopel\\Kuliah ITdel\\Semester 6\\PA III\\Project\\git\\v.3.1\\PA-III-02-2020\\vendor\\laravel\\framework\\src\\Illuminate\\Database\\Eloquent\\Model.php(839): Illuminate\\Database\\Eloquent\\Builder->__call('insertGetId', Array)
#7 D:\\Backup Data Kristopel\\Kuliah ITdel\\Semester 6\\PA III\\Project\\git\\v.3.1\\PA-III-02-2020\\vendor\\laravel\\framework\\src\\Illuminate\\Database\\Eloquent\\Model.php(804): Illuminate\\Database\\Eloquent\\Model->insertAndSetId(Object(Illuminate\\Database\\Eloquent\\Builder), Array)
#8 D:\\Backup Data Kristopel\\Kuliah ITdel\\Semester 6\\PA III\\Project\\git\\v.3.1\\PA-III-02-2020\\vendor\\laravel\\framework\\src\\Illuminate\\Database\\Eloquent\\Model.php(667): Illuminate\\Database\\Eloquent\\Model->performInsert(Object(Illuminate\\Database\\Eloquent\\Builder))
#9 D:\\Backup Data Kristopel\\Kuliah ITdel\\Semester 6\\PA III\\Project\\git\\v.3.1\\PA-III-02-2020\\app\\Http\\Controllers\\KalendereventController.php(36): Illuminate\\Database\\Eloquent\\Model->save()
#10 [internal function]: App\\Http\\Controllers\\KalendereventController->store(Object(Illuminate\\Http\\Request))
#11 D:\\Backup Data Kristopel\\Kuliah ITdel\\Semester 6\\PA III\\Project\\git\\v.3.1\\PA-III-02-2020\\vendor\\laravel\\framework\\src\\Illuminate\\Routing\\Controller.php(54): call_user_func_array(Array, Array)
#12 D:\\Backup Data Kristopel\\Kuliah ITdel\\Semester 6\\PA III\\Project\\git\\v.3.1\\PA-III-02-2020\\vendor\\laravel\\framework\\src\\Illuminate\\Routing\\ControllerDispatcher.php(45): Illuminate\\Routing\\Controller->callAction('store', Array)
#13 D:\\Backup Data Kristopel\\Kuliah ITdel\\Semester 6\\PA III\\Project\\git\\v.3.1\\PA-III-02-2020\\vendor\\laravel\\framework\\src\\Illuminate\\Routing\\Route.php(219): Illuminate\\Routing\\ControllerDispatcher->dispatch(Object(Illuminate\\Routing\\Route), Object(App\\Http\\Controllers\\KalendereventController), 'store')
#14 D:\\Backup Data Kristopel\\Kuliah ITdel\\Semester 6\\PA III\\Project\\git\\v.3.1\\PA-III-02-2020\\vendor\\laravel\\framework\\src\\Illuminate\\Routing\\Route.php(176): Illuminate\\Routing\\Route->runController()
#15 D:\\Backup Data Kristopel\\Kuliah ITdel\\Semester 6\\PA III\\Project\\git\\v.3.1\\PA-III-02-2020\\vendor\\laravel\\framework\\src\\Illuminate\\Routing\\Router.php(680): Illuminate\\Routing\\Route->run()
#16 D:\\Backup Data Kristopel\\Kuliah ITdel\\Semester 6\\PA III\\Project\\git\\v.3.1\\PA-III-02-2020\\vendor\\laravel\\framework\\src\\Illuminate\\Routing\\Pipeline.php(30): Illuminate\\Routing\\Router->Illuminate\\Routing\\{closure}(Object(Illuminate\\Http\\Request))
#17 D:\\Backup Data Kristopel\\Kuliah ITdel\\Semester 6\\PA III\\Project\\git\\v.3.1\\PA-III-02-2020\\vendor\\laravel\\framework\\src\\Illuminate\\Routing\\Middleware\\SubstituteBindings.php(41): Illuminate\\Routing\\Pipeline->Illuminate\\Routing\\{closure}(Object(Illuminate\\Http\\Request))
#18 D:\\Backup Data Kristopel\\Kuliah ITdel\\Semester 6\\PA III\\Project\\git\\v.3.1\\PA-III-02-2020\\vendor\\laravel\\framework\\src\\Illuminate\\Pipeline\\Pipeline.php(163): Illuminate\\Routing\\Middleware\\SubstituteBindings->handle(Object(Illuminate\\Http\\Request), Object(Closure))
#19 D:\\Backup Data Kristopel\\Kuliah ITdel\\Semester 6\\PA III\\Project\\git\\v.3.1\\PA-III-02-2020\\vendor\\laravel\\framework\\src\\Illuminate\\Routing\\Pipeline.php(53): Illuminate\\Pipeline\\Pipeline->Illuminate\\Pipeline\\{closure}(Object(Illuminate\\Http\\Request))
#20 D:\\Backup Data Kristopel\\Kuliah ITdel\\Semester 6\\PA III\\Project\\git\\v.3.1\\PA-III-02-2020\\vendor\\laravel\\framework\\src\\Illuminate\\Foundation\\Http\\Middleware\\VerifyCsrfToken.php(75): Illuminate\\Routing\\Pipeline->Illuminate\\Routing\\{closure}(Object(Illuminate\\Http\\Request))
#21 D:\\Backup Data Kristopel\\Kuliah ITdel\\Semester 6\\PA III\\Project\\git\\v.3.1\\PA-III-02-2020\\vendor\\laravel\\framework\\src\\Illuminate\\Pipeline\\Pipeline.php(163): Illuminate\\Foundation\\Http\\Middleware\\VerifyCsrfToken->handle(Object(Illuminate\\Http\\Request), Object(Closure))
#22 D:\\Backup Data Kristopel\\Kuliah ITdel\\Semester 6\\PA III\\Project\\git\\v.3.1\\PA-III-02-2020\\vendor\\laravel\\framework\\src\\Illuminate\\Routing\\Pipeline.php(53): Illuminate\\Pipeline\\Pipeline->Illuminate\\Pipeline\\{closure}(Object(Illuminate\\Http\\Request))
#23 D:\\Backup Data Kristopel\\Kuliah ITdel\\Semester 6\\PA III\\Project\\git\\v.3.1\\PA-III-02-2020\\vendor\\laravel\\framework\\src\\Illuminate\\View\\Middleware\\ShareErrorsFromSession.php(49): Illuminate\\Routing\\Pipeline->Illuminate\\Routing\\{closure}(Object(Illuminate\\Http\\Request))
#24 D:\\Backup Data Kristopel\\Kuliah ITdel\\Semester 6\\PA III\\Project\\git\\v.3.1\\PA-III-02-2020\\vendor\\laravel\\framework\\src\\Illuminate\\Pipeline\\Pipeline.php(163): Illuminate\\View\\Middleware\\ShareErrorsFromSession->handle(Object(Illuminate\\Http\\Request), Object(Closure))
#25 D:\\Backup Data Kristopel\\Kuliah ITdel\\Semester 6\\PA III\\Project\\git\\v.3.1\\PA-III-02-2020\\vendor\\laravel\\framework\\src\\Illuminate\\Routing\\Pipeline.php(53): Illuminate\\Pipeline\\Pipeline->Illuminate\\Pipeline\\{closure}(Object(Illuminate\\Http\\Request))
#26 D:\\Backup Data Kristopel\\Kuliah ITdel\\Semester 6\\PA III\\Project\\git\\v.3.1\\PA-III-02-2020\\vendor\\laravel\\framework\\src\\Illuminate\\Session\\Middleware\\StartSession.php(56): Illuminate\\Routing\\Pipeline->Illuminate\\Routing\\{closure}(Object(Illuminate\\Http\\Request))
#27 D:\\Backup Data Kristopel\\Kuliah ITdel\\Semester 6\\PA III\\Project\\git\\v.3.1\\PA-III-02-2020\\vendor\\laravel\\framework\\src\\Illuminate\\Pipeline\\Pipeline.php(163): Illuminate\\Session\\Middleware\\StartSession->handle(Object(Illuminate\\Http\\Request), Object(Closure))
#28 D:\\Backup Data Kristopel\\Kuliah ITdel\\Semester 6\\PA III\\Project\\git\\v.3.1\\PA-III-02-2020\\vendor\\laravel\\framework\\src\\Illuminate\\Routing\\Pipeline.php(53): Illuminate\\Pipeline\\Pipeline->Illuminate\\Pipeline\\{closure}(Object(Illuminate\\Http\\Request))
#29 D:\\Backup Data Kristopel\\Kuliah ITdel\\Semester 6\\PA III\\Project\\git\\v.3.1\\PA-III-02-2020\\vendor\\laravel\\framework\\src\\Illuminate\\Cookie\\Middleware\\AddQueuedCookiesToResponse.php(37): Illuminate\\Routing\\Pipeline->Illuminate\\Routing\\{closure}(Object(Illuminate\\Http\\Request))
#30 D:\\Backup Data Kristopel\\Kuliah ITdel\\Semester 6\\PA III\\Project\\git\\v.3.1\\PA-III-02-2020\\vendor\\laravel\\framework\\src\\Illuminate\\Pipeline\\Pipeline.php(163): Illuminate\\Cookie\\Middleware\\AddQueuedCookiesToResponse->handle(Object(Illuminate\\Http\\Request), Object(Closure))
#31 D:\\Backup Data Kristopel\\Kuliah ITdel\\Semester 6\\PA III\\Project\\git\\v.3.1\\PA-III-02-2020\\vendor\\laravel\\framework\\src\\Illuminate\\Routing\\Pipeline.php(53): Illuminate\\Pipeline\\Pipeline->Illuminate\\Pipeline\\{closure}(Object(Illuminate\\Http\\Request))
#32 D:\\Backup Data Kristopel\\Kuliah ITdel\\Semester 6\\PA III\\Project\\git\\v.3.1\\PA-III-02-2020\\vendor\\laravel\\framework\\src\\Illuminate\\Cookie\\Middleware\\EncryptCookies.php(66): Illuminate\\Routing\\Pipeline->Illuminate\\Routing\\{closure}(Object(Illuminate\\Http\\Request))
#33 D:\\Backup Data Kristopel\\Kuliah ITdel\\Semester 6\\PA III\\Project\\git\\v.3.1\\PA-III-02-2020\\vendor\\laravel\\framework\\src\\Illuminate\\Pipeline\\Pipeline.php(163): Illuminate\\Cookie\\Middleware\\EncryptCookies->handle(Object(Illuminate\\Http\\Request), Object(Closure))
#34 D:\\Backup Data Kristopel\\Kuliah ITdel\\Semester 6\\PA III\\Project\\git\\v.3.1\\PA-III-02-2020\\vendor\\laravel\\framework\\src\\Illuminate\\Routing\\Pipeline.php(53): Illuminate\\Pipeline\\Pipeline->Illuminate\\Pipeline\\{closure}(Object(Illuminate\\Http\\Request))
#35 D:\\Backup Data Kristopel\\Kuliah ITdel\\Semester 6\\PA III\\Project\\git\\v.3.1\\PA-III-02-2020\\vendor\\laravel\\framework\\src\\Illuminate\\Pipeline\\Pipeline.php(104): Illuminate\\Routing\\Pipeline->Illuminate\\Routing\\{closure}(Object(Illuminate\\Http\\Request))
#36 D:\\Backup Data Kristopel\\Kuliah ITdel\\Semester 6\\PA III\\Project\\git\\v.3.1\\PA-III-02-2020\\vendor\\laravel\\framework\\src\\Illuminate\\Routing\\Router.php(682): Illuminate\\Pipeline\\Pipeline->then(Object(Closure))
#37 D:\\Backup Data Kristopel\\Kuliah ITdel\\Semester 6\\PA III\\Project\\git\\v.3.1\\PA-III-02-2020\\vendor\\laravel\\framework\\src\\Illuminate\\Routing\\Router.php(657): Illuminate\\Routing\\Router->runRouteWithinStack(Object(Illuminate\\Routing\\Route), Object(Illuminate\\Http\\Request))
#38 D:\\Backup Data Kristopel\\Kuliah ITdel\\Semester 6\\PA III\\Project\\git\\v.3.1\\PA-III-02-2020\\vendor\\laravel\\framework\\src\\Illuminate\\Routing\\Router.php(623): Illuminate\\Routing\\Router->runRoute(Object(Illuminate\\Http\\Request), Object(Illuminate\\Routing\\Route))
#39 D:\\Backup Data Kristopel\\Kuliah ITdel\\Semester 6\\PA III\\Project\\git\\v.3.1\\PA-III-02-2020\\vendor\\laravel\\framework\\src\\Illuminate\\Routing\\Router.php(612): Illuminate\\Routing\\Router->dispatchToRoute(Object(Illuminate\\Http\\Request))
#40 D:\\Backup Data Kristopel\\Kuliah ITdel\\Semester 6\\PA III\\Project\\git\\v.3.1\\PA-III-02-2020\\vendor\\laravel\\framework\\src\\Illuminate\\Foundation\\Http\\Kernel.php(176): Illuminate\\Routing\\Router->dispatch(Object(Illuminate\\Http\\Request))
#41 D:\\Backup Data Kristopel\\Kuliah ITdel\\Semester 6\\PA III\\Project\\git\\v.3.1\\PA-III-02-2020\\vendor\\laravel\\framework\\src\\Illuminate\\Routing\\Pipeline.php(30): Illuminate\\Foundation\\Http\\Kernel->Illuminate\\Foundation\\Http\\{closure}(Object(Illuminate\\Http\\Request))
#42 D:\\Backup Data Kristopel\\Kuliah ITdel\\Semester 6\\PA III\\Project\\git\\v.3.1\\PA-III-02-2020\\vendor\\fideloper\\proxy\\src\\TrustProxies.php(57): Illuminate\\Routing\\Pipeline->Illuminate\\Routing\\{closure}(Object(Illuminate\\Http\\Request))
#43 D:\\Backup Data Kristopel\\Kuliah ITdel\\Semester 6\\PA III\\Project\\git\\v.3.1\\PA-III-02-2020\\vendor\\laravel\\framework\\src\\Illuminate\\Pipeline\\Pipeline.php(163): Fideloper\\Proxy\\TrustProxies->handle(Object(Illuminate\\Http\\Request), Object(Closure))
#44 D:\\Backup Data Kristopel\\Kuliah ITdel\\Semester 6\\PA III\\Project\\git\\v.3.1\\PA-III-02-2020\\vendor\\laravel\\framework\\src\\Illuminate\\Routing\\Pipeline.php(53): Illuminate\\Pipeline\\Pipeline->Illuminate\\Pipeline\\{closure}(Object(Illuminate\\Http\\Request))
#45 D:\\Backup Data Kristopel\\Kuliah ITdel\\Semester 6\\PA III\\Project\\git\\v.3.1\\PA-III-02-2020\\vendor\\laravel\\framework\\src\\Illuminate\\Foundation\\Http\\Middleware\\TransformsRequest.php(21): Illuminate\\Routing\\Pipeline->Illuminate\\Routing\\{closure}(Object(Illuminate\\Http\\Request))
#46 D:\\Backup Data Kristopel\\Kuliah ITdel\\Semester 6\\PA III\\Project\\git\\v.3.1\\PA-III-02-2020\\vendor\\laravel\\framework\\src\\Illuminate\\Pipeline\\Pipeline.php(163): Illuminate\\Foundation\\Http\\Middleware\\TransformsRequest->handle(Object(Illuminate\\Http\\Request), Object(Closure))
#47 D:\\Backup Data Kristopel\\Kuliah ITdel\\Semester 6\\PA III\\Project\\git\\v.3.1\\PA-III-02-2020\\vendor\\laravel\\framework\\src\\Illuminate\\Routing\\Pipeline.php(53): Illuminate\\Pipeline\\Pipeline->Illuminate\\Pipeline\\{closure}(Object(Illuminate\\Http\\Request))
#48 D:\\Backup Data Kristopel\\Kuliah ITdel\\Semester 6\\PA III\\Project\\git\\v.3.1\\PA-III-02-2020\\vendor\\laravel\\framework\\src\\Illuminate\\Foundation\\Http\\Middleware\\TransformsRequest.php(21): Illuminate\\Routing\\Pipeline->Illuminate\\Routing\\{closure}(Object(Illuminate\\Http\\Request))
#49 D:\\Backup Data Kristopel\\Kuliah ITdel\\Semester 6\\PA III\\Project\\git\\v.3.1\\PA-III-02-2020\\vendor\\laravel\\framework\\src\\Illuminate\\Pipeline\\Pipeline.php(163): Illuminate\\Foundation\\Http\\Middleware\\TransformsRequest->handle(Object(Illuminate\\Http\\Request), Object(Closure))
#50 D:\\Backup Data Kristopel\\Kuliah ITdel\\Semester 6\\PA III\\Project\\git\\v.3.1\\PA-III-02-2020\\vendor\\laravel\\framework\\src\\Illuminate\\Routing\\Pipeline.php(53): Illuminate\\Pipeline\\Pipeline->Illuminate\\Pipeline\\{closure}(Object(Illuminate\\Http\\Request))
#51 D:\\Backup Data Kristopel\\Kuliah ITdel\\Semester 6\\PA III\\Project\\git\\v.3.1\\PA-III-02-2020\\vendor\\laravel\\framework\\src\\Illuminate\\Foundation\\Http\\Middleware\\ValidatePostSize.php(27): Illuminate\\Routing\\Pipeline->Illuminate\\Routing\\{closure}(Object(Illuminate\\Http\\Request))
#52 D:\\Backup Data Kristopel\\Kuliah ITdel\\Semester 6\\PA III\\Project\\git\\v.3.1\\PA-III-02-2020\\vendor\\laravel\\framework\\src\\Illuminate\\Pipeline\\Pipeline.php(163): Illuminate\\Foundation\\Http\\Middleware\\ValidatePostSize->handle(Object(Illuminate\\Http\\Request), Object(Closure))
#53 D:\\Backup Data Kristopel\\Kuliah ITdel\\Semester 6\\PA III\\Project\\git\\v.3.1\\PA-III-02-2020\\vendor\\laravel\\framework\\src\\Illuminate\\Routing\\Pipeline.php(53): Illuminate\\Pipeline\\Pipeline->Illuminate\\Pipeline\\{closure}(Object(Illuminate\\Http\\Request))
#54 D:\\Backup Data Kristopel\\Kuliah ITdel\\Semester 6\\PA III\\Project\\git\\v.3.1\\PA-III-02-2020\\vendor\\laravel\\framework\\src\\Illuminate\\Foundation\\Http\\Middleware\\CheckForMaintenanceMode.php(62): Illuminate\\Routing\\Pipeline->Illuminate\\Routing\\{closure}(Object(Illuminate\\Http\\Request))
#55 D:\\Backup Data Kristopel\\Kuliah ITdel\\Semester 6\\PA III\\Project\\git\\v.3.1\\PA-III-02-2020\\vendor\\laravel\\framework\\src\\Illuminate\\Pipeline\\Pipeline.php(163): Illuminate\\Foundation\\Http\\Middleware\\CheckForMaintenanceMode->handle(Object(Illuminate\\Http\\Request), Object(Closure))
#56 D:\\Backup Data Kristopel\\Kuliah ITdel\\Semester 6\\PA III\\Project\\git\\v.3.1\\PA-III-02-2020\\vendor\\laravel\\framework\\src\\Illuminate\\Routing\\Pipeline.php(53): Illuminate\\Pipeline\\Pipeline->Illuminate\\Pipeline\\{closure}(Object(Illuminate\\Http\\Request))
#57 D:\\Backup Data Kristopel\\Kuliah ITdel\\Semester 6\\PA III\\Project\\git\\v.3.1\\PA-III-02-2020\\vendor\\laravel\\framework\\src\\Illuminate\\Pipeline\\Pipeline.php(104): Illuminate\\Routing\\Pipeline->Illuminate\\Routing\\{closure}(Object(Illuminate\\Http\\Request))
#58 D:\\Backup Data Kristopel\\Kuliah ITdel\\Semester 6\\PA III\\Project\\git\\v.3.1\\PA-III-02-2020\\vendor\\laravel\\framework\\src\\Illuminate\\Foundation\\Http\\Kernel.php(151): Illuminate\\Pipeline\\Pipeline->then(Object(Closure))
#59 D:\\Backup Data Kristopel\\Kuliah ITdel\\Semester 6\\PA III\\Project\\git\\v.3.1\\PA-III-02-2020\\vendor\\laravel\\framework\\src\\Illuminate\\Foundation\\Http\\Kernel.php(116): Illuminate\\Foundation\\Http\\Kernel->sendRequestThroughRouter(Object(Illuminate\\Http\\Request))
#60 D:\\Backup Data Kristopel\\Kuliah ITdel\\Semester 6\\PA III\\Project\\git\\v.3.1\\PA-III-02-2020\\public\\index.php(55): Illuminate\\Foundation\\Http\\Kernel->handle(Object(Illuminate\\Http\\Request))
#61 D:\\Backup Data Kristopel\\Kuliah ITdel\\Semester 6\\PA III\\Project\\git\\v.3.1\\PA-III-02-2020\\server.php(21): require_once('D:\\\\Backup Data ...')
#62 {main}
"} 
[2020-06-05 06:23:53] local.ERROR: Undefined variable: kalenders (View: D:\Backup Data Kristopel\Kuliah ITdel\Semester 6\PA III\Project\git\v.3.1\PA-III-02-2020\resources\views\admin\kalender\eventkalender.blade.php) {"userId":2,"exception":"[object] (ErrorException(code: 0): Undefined variable: kalenders (View: D:\\Backup Data Kristopel\\Kuliah ITdel\\Semester 6\\PA III\\Project\\git\\v.3.1\\PA-III-02-2020\esources\\views\\admin\\kalender\\eventkalender.blade.php) at D:\\Backup Data Kristopel\\Kuliah ITdel\\Semester 6\\PA III\\Project\\git\\v.3.1\\PA-III-02-2020\\storage\\framework\\views\\3022aafaab63aedb0f4b186a058b1e78719d673e.php:24, ErrorException(code: 0): Undefined variable: kalenders at D:\\Backup Data Kristopel\\Kuliah ITdel\\Semester 6\\PA III\\Project\\git\\v.3.1\\PA-III-02-2020\\storage\\framework\\views\\3022aafaab63aedb0f4b186a058b1e78719d673e.php:24)
[stacktrace]
#0 D:\\Backup Data Kristopel\\Kuliah ITdel\\Semester 6\\PA III\\Project\\git\\v.3.1\\PA-III-02-2020\\vendor\\laravel\\framework\\src\\Illuminate\\View\\Engines\\PhpEngine.php(45): Illuminate\\View\\Engines\\CompilerEngine->handleViewException(Object(ErrorException), 1)
#1 D:\\Backup Data Kristopel\\Kuliah ITdel\\Semester 6\\PA III\\Project\\git\\v.3.1\\PA-III-02-2020\\vendor\\laravel\\framework\\src\\Illuminate\\View\\Engines\\CompilerEngine.php(59): Illuminate\\View\\Engines\\PhpEngine->evaluatePath('D:\\\\Backup Data ...', Array)
#2 D:\\Backup Data Kristopel\\Kuliah ITdel\\Semester 6\\PA III\\Project\\git\\v.3.1\\PA-III-02-2020\\vendor\\laravel\\framework\\src\\Illuminate\\View\\View.php(142): Illuminate\\View\\Engines\\CompilerEngine->get('D:\\\\Backup Data ...', Array)
#3 D:\\Backup Data Kristopel\\Kuliah ITdel\\Semester 6\\PA III\\Project\\git\\v.3.1\\PA-III-02-2020\\vendor\\laravel\\framework\\src\\Illuminate\\View\\View.php(125): Illuminate\\View\\View->getContents()
#4 D:\\Backup Data Kristopel\\Kuliah ITdel\\Semester 6\\PA III\\Project\\git\\v.3.1\\PA-III-02-2020\\vendor\\laravel\\framework\\src\\Illuminate\\View\\View.php(90): Illuminate\\View\\View->renderContents()
#5 D:\\Backup Data Kristopel\\Kuliah ITdel\\Semester 6\\PA III\\Project\\git\\v.3.1\\PA-III-02-2020\\vendor\\laravel\\framework\\src\\Illuminate\\Http\\Response.php(42): Illuminate\\View\\View->render()
#6 D:\\Backup Data Kristopel\\Kuliah ITdel\\Semester 6\\PA III\\Project\\git\\v.3.1\\PA-III-02-2020\\vendor\\symfony\\http-foundation\\Response.php(205): Illuminate\\Http\\Response->setContent(Object(Illuminate\\View\\View))
#7 D:\\Backup Data Kristopel\\Kuliah ITdel\\Semester 6\\PA III\\Project\\git\\v.3.1\\PA-III-02-2020\\vendor\\laravel\\framework\\src\\Illuminate\\Routing\\Router.php(748): Symfony\\Component\\HttpFoundation\\Response->__construct(Object(Illuminate\\View\\View))
#8 D:\\Backup Data Kristopel\\Kuliah ITdel\\Semester 6\\PA III\\Project\\git\\v.3.1\\PA-III-02-2020\\vendor\\laravel\\framework\\src\\Illuminate\\Routing\\Router.php(720): Illuminate\\Routing\\Router::toResponse(Object(Illuminate\\Http\\Request), Object(Illuminate\\View\\View))
#9 D:\\Backup Data Kristopel\\Kuliah ITdel\\Semester 6\\PA III\\Project\\git\\v.3.1\\PA-III-02-2020\\vendor\\laravel\\framework\\src\\Illuminate\\Routing\\Router.php(680): Illuminate\\Routing\\Router->prepareResponse(Object(Illuminate\\Http\\Request), Object(Illuminate\\View\\View))
#10 D:\\Backup Data Kristopel\\Kuliah ITdel\\Semester 6\\PA III\\Project\\git\\v.3.1\\PA-III-02-2020\\vendor\\laravel\\framework\\src\\Illuminate\\Routing\\Pipeline.php(30): Illuminate\\Routing\\Router->Illuminate\\Routing\\{closure}(Object(Illuminate\\Http\\Request))
#11 D:\\Backup Data Kristopel\\Kuliah ITdel\\Semester 6\\PA III\\Project\\git\\v.3.1\\PA-III-02-2020\\vendor\\laravel\\framework\\src\\Illuminate\\Routing\\Middleware\\SubstituteBindings.php(41): Illuminate\\Routing\\Pipeline->Illuminate\\Routing\\{closure}(Object(Illuminate\\Http\\Request))
#12 D:\\Backup Data Kristopel\\Kuliah ITdel\\Semester 6\\PA III\\Project\\git\\v.3.1\\PA-III-02-2020\\vendor\\laravel\\framework\\src\\Illuminate\\Pipeline\\Pipeline.php(163): Illuminate\\Routing\\Middleware\\SubstituteBindings->handle(Object(Illuminate\\Http\\Request), Object(Closure))
#13 D:\\Backup Data Kristopel\\Kuliah ITdel\\Semester 6\\PA III\\Project\\git\\v.3.1\\PA-III-02-2020\\vendor\\laravel\\framework\\src\\Illuminate\\Routing\\Pipeline.php(53): Illuminate\\Pipeline\\Pipeline->Illuminate\\Pipeline\\{closure}(Object(Illuminate\\Http\\Request))
#14 D:\\Backup Data Kristopel\\Kuliah ITdel\\Semester 6\\PA III\\Project\\git\\v.3.1\\PA-III-02-2020\\vendor\\laravel\\framework\\src\\Illuminate\\Foundation\\Http\\Middleware\\VerifyCsrfToken.php(75): Illuminate\\Routing\\Pipeline->Illuminate\\Routing\\{closure}(Object(Illuminate\\Http\\Request))
#15 D:\\Backup Data Kristopel\\Kuliah ITdel\\Semester 6\\PA III\\Project\\git\\v.3.1\\PA-III-02-2020\\vendor\\laravel\\framework\\src\\Illuminate\\Pipeline\\Pipeline.php(163): Illuminate\\Foundation\\Http\\Middleware\\VerifyCsrfToken->handle(Object(Illuminate\\Http\\Request), Object(Closure))
#16 D:\\Backup Data Kristopel\\Kuliah ITdel\\Semester 6\\PA III\\Project\\git\\v.3.1\\PA-III-02-2020\\vendor\\laravel\\framework\\src\\Illuminate\\Routing\\Pipeline.php(53): Illuminate\\Pipeline\\Pipeline->Illuminate\\Pipeline\\{closure}(Object(Illuminate\\Http\\Request))
#17 D:\\Backup Data Kristopel\\Kuliah ITdel\\Semester 6\\PA III\\Project\\git\\v.3.1\\PA-III-02-2020\\vendor\\laravel\\framework\\src\\Illuminate\\View\\Middleware\\ShareErrorsFromSession.php(49): Illuminate\\Routing\\Pipeline->Illuminate\\Routing\\{closure}(Object(Illuminate\\Http\\Request))
#18 D:\\Backup Data Kristopel\\Kuliah ITdel\\Semester 6\\PA III\\Project\\git\\v.3.1\\PA-III-02-2020\\vendor\\laravel\\framework\\src\\Illuminate\\Pipeline\\Pipeline.php(163): Illuminate\\View\\Middleware\\ShareErrorsFromSession->handle(Object(Illuminate\\Http\\Request), Object(Closure))
#19 D:\\Backup Data Kristopel\\Kuliah ITdel\\Semester 6\\PA III\\Project\\git\\v.3.1\\PA-III-02-2020\\vendor\\laravel\\framework\\src\\Illuminate\\Routing\\Pipeline.php(53): Illuminate\\Pipeline\\Pipeline->Illuminate\\Pipeline\\{closure}(Object(Illuminate\\Http\\Request))
#20 D:\\Backup Data Kristopel\\Kuliah ITdel\\Semester 6\\PA III\\Project\\git\\v.3.1\\PA-III-02-2020\\vendor\\laravel\\framework\\src\\Illuminate\\Session\\Middleware\\StartSession.php(56): Illuminate\\Routing\\Pipeline->Illuminate\\Routing\\{closure}(Object(Illuminate\\Http\\Request))
#21 D:\\Backup Data Kristopel\\Kuliah ITdel\\Semester 6\\PA III\\Project\\git\\v.3.1\\PA-III-02-2020\\vendor\\laravel\\framework\\src\\Illuminate\\Pipeline\\Pipeline.php(163): Illuminate\\Session\\Middleware\\StartSession->handle(Object(Illuminate\\Http\\Request), Object(Closure))
#22 D:\\Backup Data Kristopel\\Kuliah ITdel\\Semester 6\\PA III\\Project\\git\\v.3.1\\PA-III-02-2020\\vendor\\laravel\\framework\\src\\Illuminate\\Routing\\Pipeline.php(53): Illuminate\\Pipeline\\Pipeline->Illuminate\\Pipeline\\{closure}(Object(Illuminate\\Http\\Request))
#23 D:\\Backup Data Kristopel\\Kuliah ITdel\\Semester 6\\PA III\\Project\\git\\v.3.1\\PA-III-02-2020\\vendor\\laravel\\framework\\src\\Illuminate\\Cookie\\Middleware\\AddQueuedCookiesToResponse.php(37): Illuminate\\Routing\\Pipeline->Illuminate\\Routing\\{closure}(Object(Illuminate\\Http\\Request))
#24 D:\\Backup Data Kristopel\\Kuliah ITdel\\Semester 6\\PA III\\Project\\git\\v.3.1\\PA-III-02-2020\\vendor\\laravel\\framework\\src\\Illuminate\\Pipeline\\Pipeline.php(163): Illuminate\\Cookie\\Middleware\\AddQueuedCookiesToResponse->handle(Object(Illuminate\\Http\\Request), Object(Closure))
#25 D:\\Backup Data Kristopel\\Kuliah ITdel\\Semester 6\\PA III\\Project\\git\\v.3.1\\PA-III-02-2020\\vendor\\laravel\\framework\\src\\Illuminate\\Routing\\Pipeline.php(53): Illuminate\\Pipeline\\Pipeline->Illuminate\\Pipeline\\{closure}(Object(Illuminate\\Http\\Request))
#26 D:\\Backup Data Kristopel\\Kuliah ITdel\\Semester 6\\PA III\\Project\\git\\v.3.1\\PA-III-02-2020\\vendor\\laravel\\framework\\src\\Illuminate\\Cookie\\Middleware\\EncryptCookies.php(66): Illuminate\\Routing\\Pipeline->Illuminate\\Routing\\{closure}(Object(Illuminate\\Http\\Request))
#27 D:\\Backup Data Kristopel\\Kuliah ITdel\\Semester 6\\PA III\\Project\\git\\v.3.1\\PA-III-02-2020\\vendor\\laravel\\framework\\src\\Illuminate\\Pipeline\\Pipeline.php(163): Illuminate\\Cookie\\Middleware\\EncryptCookies->handle(Object(Illuminate\\Http\\Request), Object(Closure))
#28 D:\\Backup Data Kristopel\\Kuliah ITdel\\Semester 6\\PA III\\Project\\git\\v.3.1\\PA-III-02-2020\\vendor\\laravel\\framework\\src\\Illuminate\\Routing\\Pipeline.php(53): Illuminate\\Pipeline\\Pipeline->Illuminate\\Pipeline\\{closure}(Object(Illuminate\\Http\\Request))
#29 D:\\Backup Data Kristopel\\Kuliah ITdel\\Semester 6\\PA III\\Project\\git\\v.3.1\\PA-III-02-2020\\vendor\\laravel\\framework\\src\\Illuminate\\Pipeline\\Pipeline.php(104): Illuminate\\Routing\\Pipeline->Illuminate\\Routing\\{closure}(Object(Illuminate\\Http\\Request))
#30 D:\\Backup Data Kristopel\\Kuliah ITdel\\Semester 6\\PA III\\Project\\git\\v.3.1\\PA-III-02-2020\\vendor\\laravel\\framework\\src\\Illuminate\\Routing\\Router.php(682): Illuminate\\Pipeline\\Pipeline->then(Object(Closure))
#31 D:\\Backup Data Kristopel\\Kuliah ITdel\\Semester 6\\PA III\\Project\\git\\v.3.1\\PA-III-02-2020\\vendor\\laravel\\framework\\src\\Illuminate\\Routing\\Router.php(657): Illuminate\\Routing\\Router->runRouteWithinStack(Object(Illuminate\\Routing\\Route), Object(Illuminate\\Http\\Request))
#32 D:\\Backup Data Kristopel\\Kuliah ITdel\\Semester 6\\PA III\\Project\\git\\v.3.1\\PA-III-02-2020\\vendor\\laravel\\framework\\src\\Illuminate\\Routing\\Router.php(623): Illuminate\\Routing\\Router->runRoute(Object(Illuminate\\Http\\Request), Object(Illuminate\\Routing\\Route))
#33 D:\\Backup Data Kristopel\\Kuliah ITdel\\Semester 6\\PA III\\Project\\git\\v.3.1\\PA-III-02-2020\\vendor\\laravel\\framework\\src\\Illuminate\\Routing\\Router.php(612): Illuminate\\Routing\\Router->dispatchToRoute(Object(Illuminate\\Http\\Request))
#34 D:\\Backup Data Kristopel\\Kuliah ITdel\\Semester 6\\PA III\\Project\\git\\v.3.1\\PA-III-02-2020\\vendor\\laravel\\framework\\src\\Illuminate\\Foundation\\Http\\Kernel.php(176): Illuminate\\Routing\\Router->dispatch(Object(Illuminate\\Http\\Request))
#35 D:\\Backup Data Kristopel\\Kuliah ITdel\\Semester 6\\PA III\\Project\\git\\v.3.1\\PA-III-02-2020\\vendor\\laravel\\framework\\src\\Illuminate\\Routing\\Pipeline.php(30): Illuminate\\Foundation\\Http\\Kernel->Illuminate\\Foundation\\Http\\{closure}(Object(Illuminate\\Http\\Request))
#36 D:\\Backup Data Kristopel\\Kuliah ITdel\\Semester 6\\PA III\\Project\\git\\v.3.1\\PA-III-02-2020\\vendor\\fideloper\\proxy\\src\\TrustProxies.php(57): Illuminate\\Routing\\Pipeline->Illuminate\\Routing\\{closure}(Object(Illuminate\\Http\\Request))
#37 D:\\Backup Data Kristopel\\Kuliah ITdel\\Semester 6\\PA III\\Project\\git\\v.3.1\\PA-III-02-2020\\vendor\\laravel\\framework\\src\\Illuminate\\Pipeline\\Pipeline.php(163): Fideloper\\Proxy\\TrustProxies->handle(Object(Illuminate\\Http\\Request), Object(Closure))
#38 D:\\Backup Data Kristopel\\Kuliah ITdel\\Semester 6\\PA III\\Project\\git\\v.3.1\\PA-III-02-2020\\vendor\\laravel\\framework\\src\\Illuminate\\Routing\\Pipeline.php(53): Illuminate\\Pipeline\\Pipeline->Illuminate\\Pipeline\\{closure}(Object(Illuminate\\Http\\Request))
#39 D:\\Backup Data Kristopel\\Kuliah ITdel\\Semester 6\\PA III\\Project\\git\\v.3.1\\PA-III-02-2020\\vendor\\laravel\\framework\\src\\Illuminate\\Foundation\\Http\\Middleware\\TransformsRequest.php(21): Illuminate\\Routing\\Pipeline->Illuminate\\Routing\\{closure}(Object(Illuminate\\Http\\Request))
#40 D:\\Backup Data Kristopel\\Kuliah ITdel\\Semester 6\\PA III\\Project\\git\\v.3.1\\PA-III-02-2020\\vendor\\laravel\\framework\\src\\Illuminate\\Pipeline\\Pipeline.php(163): Illuminate\\Foundation\\Http\\Middleware\\TransformsRequest->handle(Object(Illuminate\\Http\\Request), Object(Closure))
#41 D:\\Backup Data Kristopel\\Kuliah ITdel\\Semester 6\\PA III\\Project\\git\\v.3.1\\PA-III-02-2020\\vendor\\laravel\\framework\\src\\Illuminate\\Routing\\Pipeline.php(53): Illuminate\\Pipeline\\Pipeline->Illuminate\\Pipeline\\{closure}(Object(Illuminate\\Http\\Request))
#42 D:\\Backup Data Kristopel\\Kuliah ITdel\\Semester 6\\PA III\\Project\\git\\v.3.1\\PA-III-02-2020\\vendor\\laravel\\framework\\src\\Illuminate\\Foundation\\Http\\Middleware\\TransformsRequest.php(21): Illuminate\\Routing\\Pipeline->Illuminate\\Routing\\{closure}(Object(Illuminate\\Http\\Request))
#43 D:\\Backup Data Kristopel\\Kuliah ITdel\\Semester 6\\PA III\\Project\\git\\v.3.1\\PA-III-02-2020\\vendor\\laravel\\framework\\src\\Illuminate\\Pipeline\\Pipeline.php(163): Illuminate\\Foundation\\Http\\Middleware\\TransformsRequest->handle(Object(Illuminate\\Http\\Request), Object(Closure))
#44 D:\\Backup Data Kristopel\\Kuliah ITdel\\Semester 6\\PA III\\Project\\git\\v.3.1\\PA-III-02-2020\\vendor\\laravel\\framework\\src\\Illuminate\\Routing\\Pipeline.php(53): Illuminate\\Pipeline\\Pipeline->Illuminate\\Pipeline\\{closure}(Object(Illuminate\\Http\\Request))
#45 D:\\Backup Data Kristopel\\Kuliah ITdel\\Semester 6\\PA III\\Project\\git\\v.3.1\\PA-III-02-2020\\vendor\\laravel\\framework\\src\\Illuminate\\Foundation\\Http\\Middleware\\ValidatePostSize.php(27): Illuminate\\Routing\\Pipeline->Illuminate\\Routing\\{closure}(Object(Illuminate\\Http\\Request))
#46 D:\\Backup Data Kristopel\\Kuliah ITdel\\Semester 6\\PA III\\Project\\git\\v.3.1\\PA-III-02-2020\\vendor\\laravel\\framework\\src\\Illuminate\\Pipeline\\Pipeline.php(163): Illuminate\\Foundation\\Http\\Middleware\\ValidatePostSize->handle(Object(Illuminate\\Http\\Request), Object(Closure))
#47 D:\\Backup Data Kristopel\\Kuliah ITdel\\Semester 6\\PA III\\Project\\git\\v.3.1\\PA-III-02-2020\\vendor\\laravel\\framework\\src\\Illuminate\\Routing\\Pipeline.php(53): Illuminate\\Pipeline\\Pipeline->Illuminate\\Pipeline\\{closure}(Object(Illuminate\\Http\\Request))
#48 D:\\Backup Data Kristopel\\Kuliah ITdel\\Semester 6\\PA III\\Project\\git\\v.3.1\\PA-III-02-2020\\vendor\\laravel\\framework\\src\\Illuminate\\Foundation\\Http\\Middleware\\CheckForMaintenanceMode.php(62): Illuminate\\Routing\\Pipeline->Illuminate\\Routing\\{closure}(Object(Illuminate\\Http\\Request))
#49 D:\\Backup Data Kristopel\\Kuliah ITdel\\Semester 6\\PA III\\Project\\git\\v.3.1\\PA-III-02-2020\\vendor\\laravel\\framework\\src\\Illuminate\\Pipeline\\Pipeline.php(163): Illuminate\\Foundation\\Http\\Middleware\\CheckForMaintenanceMode->handle(Object(Illuminate\\Http\\Request), Object(Closure))
#50 D:\\Backup Data Kristopel\\Kuliah ITdel\\Semester 6\\PA III\\Project\\git\\v.3.1\\PA-III-02-2020\\vendor\\laravel\\framework\\src\\Illuminate\\Routing\\Pipeline.php(53): Illuminate\\Pipeline\\Pipeline->Illuminate\\Pipeline\\{closure}(Object(Illuminate\\Http\\Request))
#51 D:\\Backup Data Kristopel\\Kuliah ITdel\\Semester 6\\PA III\\Project\\git\\v.3.1\\PA-III-02-2020\\vendor\\laravel\\framework\\src\\Illuminate\\Pipeline\\Pipeline.php(104): Illuminate\\Routing\\Pipeline->Illuminate\\Routing\\{closure}(Object(Illuminate\\Http\\Request))
#52 D:\\Backup Data Kristopel\\Kuliah ITdel\\Semester 6\\PA III\\Project\\git\\v.3.1\\PA-III-02-2020\\vendor\\laravel\\framework\\src\\Illuminate\\Foundation\\Http\\Kernel.php(151): Illuminate\\Pipeline\\Pipeline->then(Object(Closure))
#53 D:\\Backup Data Kristopel\\Kuliah ITdel\\Semester 6\\PA III\\Project\\git\\v.3.1\\PA-III-02-2020\\vendor\\laravel\\framework\\src\\Illuminate\\Foundation\\Http\\Kernel.php(116): Illuminate\\Foundation\\Http\\Kernel->sendRequestThroughRouter(Object(Illuminate\\Http\\Request))
#54 D:\\Backup Data Kristopel\\Kuliah ITdel\\Semester 6\\PA III\\Project\\git\\v.3.1\\PA-III-02-2020\\public\\index.php(55): Illuminate\\Foundation\\Http\\Kernel->handle(Object(Illuminate\\Http\\Request))
#55 D:\\Backup Data Kristopel\\Kuliah ITdel\\Semester 6\\PA III\\Project\\git\\v.3.1\\PA-III-02-2020\\server.php(21): require_once('D:\\\\Backup Data ...')
#56 {main}
"} 
[2020-06-05 06:25:26] local.ERROR: Undefined variable: kalenders (View: D:\Backup Data Kristopel\Kuliah ITdel\Semester 6\PA III\Project\git\v.3.1\PA-III-02-2020\resources\views\admin\kalender\eventkalender.blade.php) {"userId":2,"exception":"[object] (ErrorException(code: 0): Undefined variable: kalenders (View: D:\\Backup Data Kristopel\\Kuliah ITdel\\Semester 6\\PA III\\Project\\git\\v.3.1\\PA-III-02-2020\esources\\views\\admin\\kalender\\eventkalender.blade.php) at D:\\Backup Data Kristopel\\Kuliah ITdel\\Semester 6\\PA III\\Project\\git\\v.3.1\\PA-III-02-2020\\storage\\framework\\views\\3022aafaab63aedb0f4b186a058b1e78719d673e.php:24, ErrorException(code: 0): Undefined variable: kalenders at D:\\Backup Data Kristopel\\Kuliah ITdel\\Semester 6\\PA III\\Project\\git\\v.3.1\\PA-III-02-2020\\storage\\framework\\views\\3022aafaab63aedb0f4b186a058b1e78719d673e.php:24)
[stacktrace]
#0 D:\\Backup Data Kristopel\\Kuliah ITdel\\Semester 6\\PA III\\Project\\git\\v.3.1\\PA-III-02-2020\\vendor\\laravel\\framework\\src\\Illuminate\\View\\Engines\\PhpEngine.php(45): Illuminate\\View\\Engines\\CompilerEngine->handleViewException(Object(ErrorException), 1)
#1 D:\\Backup Data Kristopel\\Kuliah ITdel\\Semester 6\\PA III\\Project\\git\\v.3.1\\PA-III-02-2020\\vendor\\laravel\\framework\\src\\Illuminate\\View\\Engines\\CompilerEngine.php(59): Illuminate\\View\\Engines\\PhpEngine->evaluatePath('D:\\\\Backup Data ...', Array)
#2 D:\\Backup Data Kristopel\\Kuliah ITdel\\Semester 6\\PA III\\Project\\git\\v.3.1\\PA-III-02-2020\\vendor\\laravel\\framework\\src\\Illuminate\\View\\View.php(142): Illuminate\\View\\Engines\\CompilerEngine->get('D:\\\\Backup Data ...', Array)
#3 D:\\Backup Data Kristopel\\Kuliah ITdel\\Semester 6\\PA III\\Project\\git\\v.3.1\\PA-III-02-2020\\vendor\\laravel\\framework\\src\\Illuminate\\View\\View.php(125): Illuminate\\View\\View->getContents()
#4 D:\\Backup Data Kristopel\\Kuliah ITdel\\Semester 6\\PA III\\Project\\git\\v.3.1\\PA-III-02-2020\\vendor\\laravel\\framework\\src\\Illuminate\\View\\View.php(90): Illuminate\\View\\View->renderContents()
#5 D:\\Backup Data Kristopel\\Kuliah ITdel\\Semester 6\\PA III\\Project\\git\\v.3.1\\PA-III-02-2020\\vendor\\laravel\\framework\\src\\Illuminate\\Http\\Response.php(42): Illuminate\\View\\View->render()
#6 D:\\Backup Data Kristopel\\Kuliah ITdel\\Semester 6\\PA III\\Project\\git\\v.3.1\\PA-III-02-2020\\vendor\\symfony\\http-foundation\\Response.php(205): Illuminate\\Http\\Response->setContent(Object(Illuminate\\View\\View))
#7 D:\\Backup Data Kristopel\\Kuliah ITdel\\Semester 6\\PA III\\Project\\git\\v.3.1\\PA-III-02-2020\\vendor\\laravel\\framework\\src\\Illuminate\\Routing\\Router.php(748): Symfony\\Component\\HttpFoundation\\Response->__construct(Object(Illuminate\\View\\View))
#8 D:\\Backup Data Kristopel\\Kuliah ITdel\\Semester 6\\PA III\\Project\\git\\v.3.1\\PA-III-02-2020\\vendor\\laravel\\framework\\src\\Illuminate\\Routing\\Router.php(720): Illuminate\\Routing\\Router::toResponse(Object(Illuminate\\Http\\Request), Object(Illuminate\\View\\View))
#9 D:\\Backup Data Kristopel\\Kuliah ITdel\\Semester 6\\PA III\\Project\\git\\v.3.1\\PA-III-02-2020\\vendor\\laravel\\framework\\src\\Illuminate\\Routing\\Router.php(680): Illuminate\\Routing\\Router->prepareResponse(Object(Illuminate\\Http\\Request), Object(Illuminate\\View\\View))
#10 D:\\Backup Data Kristopel\\Kuliah ITdel\\Semester 6\\PA III\\Project\\git\\v.3.1\\PA-III-02-2020\\vendor\\laravel\\framework\\src\\Illuminate\\Routing\\Pipeline.php(30): Illuminate\\Routing\\Router->Illuminate\\Routing\\{closure}(Object(Illuminate\\Http\\Request))
#11 D:\\Backup Data Kristopel\\Kuliah ITdel\\Semester 6\\PA III\\Project\\git\\v.3.1\\PA-III-02-2020\\vendor\\laravel\\framework\\src\\Illuminate\\Routing\\Middleware\\SubstituteBindings.php(41): Illuminate\\Routing\\Pipeline->Illuminate\\Routing\\{closure}(Object(Illuminate\\Http\\Request))
#12 D:\\Backup Data Kristopel\\Kuliah ITdel\\Semester 6\\PA III\\Project\\git\\v.3.1\\PA-III-02-2020\\vendor\\laravel\\framework\\src\\Illuminate\\Pipeline\\Pipeline.php(163): Illuminate\\Routing\\Middleware\\SubstituteBindings->handle(Object(Illuminate\\Http\\Request), Object(Closure))
#13 D:\\Backup Data Kristopel\\Kuliah ITdel\\Semester 6\\PA III\\Project\\git\\v.3.1\\PA-III-02-2020\\vendor\\laravel\\framework\\src\\Illuminate\\Routing\\Pipeline.php(53): Illuminate\\Pipeline\\Pipeline->Illuminate\\Pipeline\\{closure}(Object(Illuminate\\Http\\Request))
#14 D:\\Backup Data Kristopel\\Kuliah ITdel\\Semester 6\\PA III\\Project\\git\\v.3.1\\PA-III-02-2020\\vendor\\laravel\\framework\\src\\Illuminate\\Foundation\\Http\\Middleware\\VerifyCsrfToken.php(75): Illuminate\\Routing\\Pipeline->Illuminate\\Routing\\{closure}(Object(Illuminate\\Http\\Request))
#15 D:\\Backup Data Kristopel\\Kuliah ITdel\\Semester 6\\PA III\\Project\\git\\v.3.1\\PA-III-02-2020\\vendor\\laravel\\framework\\src\\Illuminate\\Pipeline\\Pipeline.php(163): Illuminate\\Foundation\\Http\\Middleware\\VerifyCsrfToken->handle(Object(Illuminate\\Http\\Request), Object(Closure))
#16 D:\\Backup Data Kristopel\\Kuliah ITdel\\Semester 6\\PA III\\Project\\git\\v.3.1\\PA-III-02-2020\\vendor\\laravel\\framework\\src\\Illuminate\\Routing\\Pipeline.php(53): Illuminate\\Pipeline\\Pipeline->Illuminate\\Pipeline\\{closure}(Object(Illuminate\\Http\\Request))
#17 D:\\Backup Data Kristopel\\Kuliah ITdel\\Semester 6\\PA III\\Project\\git\\v.3.1\\PA-III-02-2020\\vendor\\laravel\\framework\\src\\Illuminate\\View\\Middleware\\ShareErrorsFromSession.php(49): Illuminate\\Routing\\Pipeline->Illuminate\\Routing\\{closure}(Object(Illuminate\\Http\\Request))
#18 D:\\Backup Data Kristopel\\Kuliah ITdel\\Semester 6\\PA III\\Project\\git\\v.3.1\\PA-III-02-2020\\vendor\\laravel\\framework\\src\\Illuminate\\Pipeline\\Pipeline.php(163): Illuminate\\View\\Middleware\\ShareErrorsFromSession->handle(Object(Illuminate\\Http\\Request), Object(Closure))
#19 D:\\Backup Data Kristopel\\Kuliah ITdel\\Semester 6\\PA III\\Project\\git\\v.3.1\\PA-III-02-2020\\vendor\\laravel\\framework\\src\\Illuminate\\Routing\\Pipeline.php(53): Illuminate\\Pipeline\\Pipeline->Illuminate\\Pipeline\\{closure}(Object(Illuminate\\Http\\Request))
#20 D:\\Backup Data Kristopel\\Kuliah ITdel\\Semester 6\\PA III\\Project\\git\\v.3.1\\PA-III-02-2020\\vendor\\laravel\\framework\\src\\Illuminate\\Session\\Middleware\\StartSession.php(56): Illuminate\\Routing\\Pipeline->Illuminate\\Routing\\{closure}(Object(Illuminate\\Http\\Request))
#21 D:\\Backup Data Kristopel\\Kuliah ITdel\\Semester 6\\PA III\\Project\\git\\v.3.1\\PA-III-02-2020\\vendor\\laravel\\framework\\src\\Illuminate\\Pipeline\\Pipeline.php(163): Illuminate\\Session\\Middleware\\StartSession->handle(Object(Illuminate\\Http\\Request), Object(Closure))
#22 D:\\Backup Data Kristopel\\Kuliah ITdel\\Semester 6\\PA III\\Project\\git\\v.3.1\\PA-III-02-2020\\vendor\\laravel\\framework\\src\\Illuminate\\Routing\\Pipeline.php(53): Illuminate\\Pipeline\\Pipeline->Illuminate\\Pipeline\\{closure}(Object(Illuminate\\Http\\Request))
#23 D:\\Backup Data Kristopel\\Kuliah ITdel\\Semester 6\\PA III\\Project\\git\\v.3.1\\PA-III-02-2020\\vendor\\laravel\\framework\\src\\Illuminate\\Cookie\\Middleware\\AddQueuedCookiesToResponse.php(37): Illuminate\\Routing\\Pipeline->Illuminate\\Routing\\{closure}(Object(Illuminate\\Http\\Request))
#24 D:\\Backup Data Kristopel\\Kuliah ITdel\\Semester 6\\PA III\\Project\\git\\v.3.1\\PA-III-02-2020\\vendor\\laravel\\framework\\src\\Illuminate\\Pipeline\\Pipeline.php(163): Illuminate\\Cookie\\Middleware\\AddQueuedCookiesToResponse->handle(Object(Illuminate\\Http\\Request), Object(Closure))
#25 D:\\Backup Data Kristopel\\Kuliah ITdel\\Semester 6\\PA III\\Project\\git\\v.3.1\\PA-III-02-2020\\vendor\\laravel\\framework\\src\\Illuminate\\Routing\\Pipeline.php(53): Illuminate\\Pipeline\\Pipeline->Illuminate\\Pipeline\\{closure}(Object(Illuminate\\Http\\Request))
#26 D:\\Backup Data Kristopel\\Kuliah ITdel\\Semester 6\\PA III\\Project\\git\\v.3.1\\PA-III-02-2020\\vendor\\laravel\\framework\\src\\Illuminate\\Cookie\\Middleware\\EncryptCookies.php(66): Illuminate\\Routing\\Pipeline->Illuminate\\Routing\\{closure}(Object(Illuminate\\Http\\Request))
#27 D:\\Backup Data Kristopel\\Kuliah ITdel\\Semester 6\\PA III\\Project\\git\\v.3.1\\PA-III-02-2020\\vendor\\laravel\\framework\\src\\Illuminate\\Pipeline\\Pipeline.php(163): Illuminate\\Cookie\\Middleware\\EncryptCookies->handle(Object(Illuminate\\Http\\Request), Object(Closure))
#28 D:\\Backup Data Kristopel\\Kuliah ITdel\\Semester 6\\PA III\\Project\\git\\v.3.1\\PA-III-02-2020\\vendor\\laravel\\framework\\src\\Illuminate\\Routing\\Pipeline.php(53): Illuminate\\Pipeline\\Pipeline->Illuminate\\Pipeline\\{closure}(Object(Illuminate\\Http\\Request))
#29 D:\\Backup Data Kristopel\\Kuliah ITdel\\Semester 6\\PA III\\Project\\git\\v.3.1\\PA-III-02-2020\\vendor\\laravel\\framework\\src\\Illuminate\\Pipeline\\Pipeline.php(104): Illuminate\\Routing\\Pipeline->Illuminate\\Routing\\{closure}(Object(Illuminate\\Http\\Request))
#30 D:\\Backup Data Kristopel\\Kuliah ITdel\\Semester 6\\PA III\\Project\\git\\v.3.1\\PA-III-02-2020\\vendor\\laravel\\framework\\src\\Illuminate\\Routing\\Router.php(682): Illuminate\\Pipeline\\Pipeline->then(Object(Closure))
#31 D:\\Backup Data Kristopel\\Kuliah ITdel\\Semester 6\\PA III\\Project\\git\\v.3.1\\PA-III-02-2020\\vendor\\laravel\\framework\\src\\Illuminate\\Routing\\Router.php(657): Illuminate\\Routing\\Router->runRouteWithinStack(Object(Illuminate\\Routing\\Route), Object(Illuminate\\Http\\Request))
#32 D:\\Backup Data Kristopel\\Kuliah ITdel\\Semester 6\\PA III\\Project\\git\\v.3.1\\PA-III-02-2020\\vendor\\laravel\\framework\\src\\Illuminate\\Routing\\Router.php(623): Illuminate\\Routing\\Router->runRoute(Object(Illuminate\\Http\\Request), Object(Illuminate\\Routing\\Route))
#33 D:\\Backup Data Kristopel\\Kuliah ITdel\\Semester 6\\PA III\\Project\\git\\v.3.1\\PA-III-02-2020\\vendor\\laravel\\framework\\src\\Illuminate\\Routing\\Router.php(612): Illuminate\\Routing\\Router->dispatchToRoute(Object(Illuminate\\Http\\Request))
#34 D:\\Backup Data Kristopel\\Kuliah ITdel\\Semester 6\\PA III\\Project\\git\\v.3.1\\PA-III-02-2020\\vendor\\laravel\\framework\\src\\Illuminate\\Foundation\\Http\\Kernel.php(176): Illuminate\\Routing\\Router->dispatch(Object(Illuminate\\Http\\Request))
#35 D:\\Backup Data Kristopel\\Kuliah ITdel\\Semester 6\\PA III\\Project\\git\\v.3.1\\PA-III-02-2020\\vendor\\laravel\\framework\\src\\Illuminate\\Routing\\Pipeline.php(30): Illuminate\\Foundation\\Http\\Kernel->Illuminate\\Foundation\\Http\\{closure}(Object(Illuminate\\Http\\Request))
#36 D:\\Backup Data Kristopel\\Kuliah ITdel\\Semester 6\\PA III\\Project\\git\\v.3.1\\PA-III-02-2020\\vendor\\fideloper\\proxy\\src\\TrustProxies.php(57): Illuminate\\Routing\\Pipeline->Illuminate\\Routing\\{closure}(Object(Illuminate\\Http\\Request))
#37 D:\\Backup Data Kristopel\\Kuliah ITdel\\Semester 6\\PA III\\Project\\git\\v.3.1\\PA-III-02-2020\\vendor\\laravel\\framework\\src\\Illuminate\\Pipeline\\Pipeline.php(163): Fideloper\\Proxy\\TrustProxies->handle(Object(Illuminate\\Http\\Request), Object(Closure))
#38 D:\\Backup Data Kristopel\\Kuliah ITdel\\Semester 6\\PA III\\Project\\git\\v.3.1\\PA-III-02-2020\\vendor\\laravel\\framework\\src\\Illuminate\\Routing\\Pipeline.php(53): Illuminate\\Pipeline\\Pipeline->Illuminate\\Pipeline\\{closure}(Object(Illuminate\\Http\\Request))
#39 D:\\Backup Data Kristopel\\Kuliah ITdel\\Semester 6\\PA III\\Project\\git\\v.3.1\\PA-III-02-2020\\vendor\\laravel\\framework\\src\\Illuminate\\Foundation\\Http\\Middleware\\TransformsRequest.php(21): Illuminate\\Routing\\Pipeline->Illuminate\\Routing\\{closure}(Object(Illuminate\\Http\\Request))
#40 D:\\Backup Data Kristopel\\Kuliah ITdel\\Semester 6\\PA III\\Project\\git\\v.3.1\\PA-III-02-2020\\vendor\\laravel\\framework\\src\\Illuminate\\Pipeline\\Pipeline.php(163): Illuminate\\Foundation\\Http\\Middleware\\TransformsRequest->handle(Object(Illuminate\\Http\\Request), Object(Closure))
#41 D:\\Backup Data Kristopel\\Kuliah ITdel\\Semester 6\\PA III\\Project\\git\\v.3.1\\PA-III-02-2020\\vendor\\laravel\\framework\\src\\Illuminate\\Routing\\Pipeline.php(53): Illuminate\\Pipeline\\Pipeline->Illuminate\\Pipeline\\{closure}(Object(Illuminate\\Http\\Request))
#42 D:\\Backup Data Kristopel\\Kuliah ITdel\\Semester 6\\PA III\\Project\\git\\v.3.1\\PA-III-02-2020\\vendor\\laravel\\framework\\src\\Illuminate\\Foundation\\Http\\Middleware\\TransformsRequest.php(21): Illuminate\\Routing\\Pipeline->Illuminate\\Routing\\{closure}(Object(Illuminate\\Http\\Request))
#43 D:\\Backup Data Kristopel\\Kuliah ITdel\\Semester 6\\PA III\\Project\\git\\v.3.1\\PA-III-02-2020\\vendor\\laravel\\framework\\src\\Illuminate\\Pipeline\\Pipeline.php(163): Illuminate\\Foundation\\Http\\Middleware\\TransformsRequest->handle(Object(Illuminate\\Http\\Request), Object(Closure))
#44 D:\\Backup Data Kristopel\\Kuliah ITdel\\Semester 6\\PA III\\Project\\git\\v.3.1\\PA-III-02-2020\\vendor\\laravel\\framework\\src\\Illuminate\\Routing\\Pipeline.php(53): Illuminate\\Pipeline\\Pipeline->Illuminate\\Pipeline\\{closure}(Object(Illuminate\\Http\\Request))
#45 D:\\Backup Data Kristopel\\Kuliah ITdel\\Semester 6\\PA III\\Project\\git\\v.3.1\\PA-III-02-2020\\vendor\\laravel\\framework\\src\\Illuminate\\Foundation\\Http\\Middleware\\ValidatePostSize.php(27): Illuminate\\Routing\\Pipeline->Illuminate\\Routing\\{closure}(Object(Illuminate\\Http\\Request))
#46 D:\\Backup Data Kristopel\\Kuliah ITdel\\Semester 6\\PA III\\Project\\git\\v.3.1\\PA-III-02-2020\\vendor\\laravel\\framework\\src\\Illuminate\\Pipeline\\Pipeline.php(163): Illuminate\\Foundation\\Http\\Middleware\\ValidatePostSize->handle(Object(Illuminate\\Http\\Request), Object(Closure))
#47 D:\\Backup Data Kristopel\\Kuliah ITdel\\Semester 6\\PA III\\Project\\git\\v.3.1\\PA-III-02-2020\\vendor\\laravel\\framework\\src\\Illuminate\\Routing\\Pipeline.php(53): Illuminate\\Pipeline\\Pipeline->Illuminate\\Pipeline\\{closure}(Object(Illuminate\\Http\\Request))
#48 D:\\Backup Data Kristopel\\Kuliah ITdel\\Semester 6\\PA III\\Project\\git\\v.3.1\\PA-III-02-2020\\vendor\\laravel\\framework\\src\\Illuminate\\Foundation\\Http\\Middleware\\CheckForMaintenanceMode.php(62): Illuminate\\Routing\\Pipeline->Illuminate\\Routing\\{closure}(Object(Illuminate\\Http\\Request))
#49 D:\\Backup Data Kristopel\\Kuliah ITdel\\Semester 6\\PA III\\Project\\git\\v.3.1\\PA-III-02-2020\\vendor\\laravel\\framework\\src\\Illuminate\\Pipeline\\Pipeline.php(163): Illuminate\\Foundation\\Http\\Middleware\\CheckForMaintenanceMode->handle(Object(Illuminate\\Http\\Request), Object(Closure))
#50 D:\\Backup Data Kristopel\\Kuliah ITdel\\Semester 6\\PA III\\Project\\git\\v.3.1\\PA-III-02-2020\\vendor\\laravel\\framework\\src\\Illuminate\\Routing\\Pipeline.php(53): Illuminate\\Pipeline\\Pipeline->Illuminate\\Pipeline\\{closure}(Object(Illuminate\\Http\\Request))
#51 D:\\Backup Data Kristopel\\Kuliah ITdel\\Semester 6\\PA III\\Project\\git\\v.3.1\\PA-III-02-2020\\vendor\\laravel\\framework\\src\\Illuminate\\Pipeline\\Pipeline.php(104): Illuminate\\Routing\\Pipeline->Illuminate\\Routing\\{closure}(Object(Illuminate\\Http\\Request))
#52 D:\\Backup Data Kristopel\\Kuliah ITdel\\Semester 6\\PA III\\Project\\git\\v.3.1\\PA-III-02-2020\\vendor\\laravel\\framework\\src\\Illuminate\\Foundation\\Http\\Kernel.php(151): Illuminate\\Pipeline\\Pipeline->then(Object(Closure))
#53 D:\\Backup Data Kristopel\\Kuliah ITdel\\Semester 6\\PA III\\Project\\git\\v.3.1\\PA-III-02-2020\\vendor\\laravel\\framework\\src\\Illuminate\\Foundation\\Http\\Kernel.php(116): Illuminate\\Foundation\\Http\\Kernel->sendRequestThroughRouter(Object(Illuminate\\Http\\Request))
#54 D:\\Backup Data Kristopel\\Kuliah ITdel\\Semester 6\\PA III\\Project\\git\\v.3.1\\PA-III-02-2020\\public\\index.php(55): Illuminate\\Foundation\\Http\\Kernel->handle(Object(Illuminate\\Http\\Request))
#55 D:\\Backup Data Kristopel\\Kuliah ITdel\\Semester 6\\PA III\\Project\\git\\v.3.1\\PA-III-02-2020\\server.php(21): require_once('D:\\\\Backup Data ...')
#56 {main}
"} 
