[2020-05-22 09:37:01] local.ERROR: Class App\Http\Controllers\AnggotaCBT\KomunitasController does not exist {"exception":"[object] (ReflectionException(code: -1): Class App\\Http\\Controllers\\AnggotaCBT\\KomunitasController does not exist at D:\\Backup Data Kristopel\\Kuliah ITdel\\Semester 6\\PA III\\Project\\git\\PA-III-02-2020\\vendor\\laravel\\framework\\src\\Illuminate\\Container\\Container.php:788)
[stacktrace]
#0 D:\\Backup Data Kristopel\\Kuliah ITdel\\Semester 6\\PA III\\Project\\git\\PA-III-02-2020\\vendor\\laravel\\framework\\src\\Illuminate\\Container\\Container.php(788): ReflectionClass->__construct('App\\\\Http\\\\Contro...')
#1 D:\\Backup Data Kristopel\\Kuliah ITdel\\Semester 6\\PA III\\Project\\git\\PA-III-02-2020\\vendor\\laravel\\framework\\src\\Illuminate\\Container\\Container.php(667): Illuminate\\Container\\Container->build('App\\\\Http\\\\Contro...')
#2 D:\\Backup Data Kristopel\\Kuliah ITdel\\Semester 6\\PA III\\Project\\git\\PA-III-02-2020\\vendor\\laravel\\framework\\src\\Illuminate\\Container\\Container.php(615): Illuminate\\Container\\Container->resolve('App\\\\Http\\\\Contro...', Array)
#3 D:\\Backup Data Kristopel\\Kuliah ITdel\\Semester 6\\PA III\\Project\\git\\PA-III-02-2020\\vendor\\laravel\\framework\\src\\Illuminate\\Foundation\\Application.php(767): Illuminate\\Container\\Container->make('App\\\\Http\\\\Contro...', Array)
#4 D:\\Backup Data Kristopel\\Kuliah ITdel\\Semester 6\\PA III\\Project\\git\\PA-III-02-2020\\vendor\\laravel\\framework\\src\\Illuminate\\Routing\\Route.php(233): Illuminate\\Foundation\\Application->make('App\\\\Http\\\\Contro...')
#5 D:\\Backup Data Kristopel\\Kuliah ITdel\\Semester 6\\PA III\\Project\\git\\PA-III-02-2020\\vendor\\laravel\\framework\\src\\Illuminate\\Routing\\Route.php(833): Illuminate\\Routing\\Route->getController()
#6 D:\\Backup Data Kristopel\\Kuliah ITdel\\Semester 6\\PA III\\Project\\git\\PA-III-02-2020\\vendor\\laravel\\framework\\src\\Illuminate\\Routing\\Route.php(794): Illuminate\\Routing\\Route->controllerMiddleware()
#7 D:\\Backup Data Kristopel\\Kuliah ITdel\\Semester 6\\PA III\\Project\\git\\PA-III-02-2020\\vendor\\laravel\\framework\\src\\Illuminate\\Routing\\Router.php(693): Illuminate\\Routing\\Route->gatherMiddleware()
#8 D:\\Backup Data Kristopel\\Kuliah ITdel\\Semester 6\\PA III\\Project\\git\\PA-III-02-2020\\vendor\\laravel\\framework\\src\\Illuminate\\Routing\\Router.php(673): Illuminate\\Routing\\Router->gatherRouteMiddleware(Object(Illuminate\\Routing\\Route))
#9 D:\\Backup Data Kristopel\\Kuliah ITdel\\Semester 6\\PA III\\Project\\git\\PA-III-02-2020\\vendor\\laravel\\framework\\src\\Illuminate\\Routing\\Router.php(657): Illuminate\\Routing\\Router->runRouteWithinStack(Object(Illuminate\\Routing\\Route), Object(Illuminate\\Http\\Request))
#10 D:\\Backup Data Kristopel\\Kuliah ITdel\\Semester 6\\PA III\\Project\\git\\PA-III-02-2020\\vendor\\laravel\\framework\\src\\Illuminate\\Routing\\Router.php(623): Illuminate\\Routing\\Router->runRoute(Object(Illuminate\\Http\\Request), Object(Illuminate\\Routing\\Route))
#11 D:\\Backup Data Kristopel\\Kuliah ITdel\\Semester 6\\PA III\\Project\\git\\PA-III-02-2020\\vendor\\laravel\\framework\\src\\Illuminate\\Routing\\Router.php(612): Illuminate\\Routing\\Router->dispatchToRoute(Object(Illuminate\\Http\\Request))
#12 D:\\Backup Data Kristopel\\Kuliah ITdel\\Semester 6\\PA III\\Project\\git\\PA-III-02-2020\\vendor\\laravel\\framework\\src\\Illuminate\\Foundation\\Http\\Kernel.php(176): Illuminate\\Routing\\Router->dispatch(Object(Illuminate\\Http\\Request))
#13 D:\\Backup Data Kristopel\\Kuliah ITdel\\Semester 6\\PA III\\Project\\git\\PA-III-02-2020\\vendor\\laravel\\framework\\src\\Illuminate\\Routing\\Pipeline.php(30): Illuminate\\Foundation\\Http\\Kernel->Illuminate\\Foundation\\Http\\{closure}(Object(Illuminate\\Http\\Request))
#14 D:\\Backup Data Kristopel\\Kuliah ITdel\\Semester 6\\PA III\\Project\\git\\PA-III-02-2020\\vendor\\fideloper\\proxy\\src\\TrustProxies.php(57): Illuminate\\Routing\\Pipeline->Illuminate\\Routing\\{closure}(Object(Illuminate\\Http\\Request))
#15 D:\\Backup Data Kristopel\\Kuliah ITdel\\Semester 6\\PA III\\Project\\git\\PA-III-02-2020\\vendor\\laravel\\framework\\src\\Illuminate\\Pipeline\\Pipeline.php(163): Fideloper\\Proxy\\TrustProxies->handle(Object(Illuminate\\Http\\Request), Object(Closure))
#16 D:\\Backup Data Kristopel\\Kuliah ITdel\\Semester 6\\PA III\\Project\\git\\PA-III-02-2020\\vendor\\laravel\\framework\\src\\Illuminate\\Routing\\Pipeline.php(53): Illuminate\\Pipeline\\Pipeline->Illuminate\\Pipeline\\{closure}(Object(Illuminate\\Http\\Request))
#17 D:\\Backup Data Kristopel\\Kuliah ITdel\\Semester 6\\PA III\\Project\\git\\PA-III-02-2020\\vendor\\laravel\\framework\\src\\Illuminate\\Foundation\\Http\\Middleware\\TransformsRequest.php(21): Illuminate\\Routing\\Pipeline->Illuminate\\Routing\\{closure}(Object(Illuminate\\Http\\Request))
#18 D:\\Backup Data Kristopel\\Kuliah ITdel\\Semester 6\\PA III\\Project\\git\\PA-III-02-2020\\vendor\\laravel\\framework\\src\\Illuminate\\Pipeline\\Pipeline.php(163): Illuminate\\Foundation\\Http\\Middleware\\TransformsRequest->handle(Object(Illuminate\\Http\\Request), Object(Closure))
#19 D:\\Backup Data Kristopel\\Kuliah ITdel\\Semester 6\\PA III\\Project\\git\\PA-III-02-2020\\vendor\\laravel\\framework\\src\\Illuminate\\Routing\\Pipeline.php(53): Illuminate\\Pipeline\\Pipeline->Illuminate\\Pipeline\\{closure}(Object(Illuminate\\Http\\Request))
#20 D:\\Backup Data Kristopel\\Kuliah ITdel\\Semester 6\\PA III\\Project\\git\\PA-III-02-2020\\vendor\\laravel\\framework\\src\\Illuminate\\Foundation\\Http\\Middleware\\TransformsRequest.php(21): Illuminate\\Routing\\Pipeline->Illuminate\\Routing\\{closure}(Object(Illuminate\\Http\\Request))
#21 D:\\Backup Data Kristopel\\Kuliah ITdel\\Semester 6\\PA III\\Project\\git\\PA-III-02-2020\\vendor\\laravel\\framework\\src\\Illuminate\\Pipeline\\Pipeline.php(163): Illuminate\\Foundation\\Http\\Middleware\\TransformsRequest->handle(Object(Illuminate\\Http\\Request), Object(Closure))
#22 D:\\Backup Data Kristopel\\Kuliah ITdel\\Semester 6\\PA III\\Project\\git\\PA-III-02-2020\\vendor\\laravel\\framework\\src\\Illuminate\\Routing\\Pipeline.php(53): Illuminate\\Pipeline\\Pipeline->Illuminate\\Pipeline\\{closure}(Object(Illuminate\\Http\\Request))
#23 D:\\Backup Data Kristopel\\Kuliah ITdel\\Semester 6\\PA III\\Project\\git\\PA-III-02-2020\\vendor\\laravel\\framework\\src\\Illuminate\\Foundation\\Http\\Middleware\\ValidatePostSize.php(27): Illuminate\\Routing\\Pipeline->Illuminate\\Routing\\{closure}(Object(Illuminate\\Http\\Request))
#24 D:\\Backup Data Kristopel\\Kuliah ITdel\\Semester 6\\PA III\\Project\\git\\PA-III-02-2020\\vendor\\laravel\\framework\\src\\Illuminate\\Pipeline\\Pipeline.php(163): Illuminate\\Foundation\\Http\\Middleware\\ValidatePostSize->handle(Object(Illuminate\\Http\\Request), Object(Closure))
#25 D:\\Backup Data Kristopel\\Kuliah ITdel\\Semester 6\\PA III\\Project\\git\\PA-III-02-2020\\vendor\\laravel\\framework\\src\\Illuminate\\Routing\\Pipeline.php(53): Illuminate\\Pipeline\\Pipeline->Illuminate\\Pipeline\\{closure}(Object(Illuminate\\Http\\Request))
#26 D:\\Backup Data Kristopel\\Kuliah ITdel\\Semester 6\\PA III\\Project\\git\\PA-III-02-2020\\vendor\\laravel\\framework\\src\\Illuminate\\Foundation\\Http\\Middleware\\CheckForMaintenanceMode.php(62): Illuminate\\Routing\\Pipeline->Illuminate\\Routing\\{closure}(Object(Illuminate\\Http\\Request))
#27 D:\\Backup Data Kristopel\\Kuliah ITdel\\Semester 6\\PA III\\Project\\git\\PA-III-02-2020\\vendor\\laravel\\framework\\src\\Illuminate\\Pipeline\\Pipeline.php(163): Illuminate\\Foundation\\Http\\Middleware\\CheckForMaintenanceMode->handle(Object(Illuminate\\Http\\Request), Object(Closure))
#28 D:\\Backup Data Kristopel\\Kuliah ITdel\\Semester 6\\PA III\\Project\\git\\PA-III-02-2020\\vendor\\laravel\\framework\\src\\Illuminate\\Routing\\Pipeline.php(53): Illuminate\\Pipeline\\Pipeline->Illuminate\\Pipeline\\{closure}(Object(Illuminate\\Http\\Request))
#29 D:\\Backup Data Kristopel\\Kuliah ITdel\\Semester 6\\PA III\\Project\\git\\PA-III-02-2020\\vendor\\laravel\\framework\\src\\Illuminate\\Pipeline\\Pipeline.php(104): Illuminate\\Routing\\Pipeline->Illuminate\\Routing\\{closure}(Object(Illuminate\\Http\\Request))
#30 D:\\Backup Data Kristopel\\Kuliah ITdel\\Semester 6\\PA III\\Project\\git\\PA-III-02-2020\\vendor\\laravel\\framework\\src\\Illuminate\\Foundation\\Http\\Kernel.php(151): Illuminate\\Pipeline\\Pipeline->then(Object(Closure))
#31 D:\\Backup Data Kristopel\\Kuliah ITdel\\Semester 6\\PA III\\Project\\git\\PA-III-02-2020\\vendor\\laravel\\framework\\src\\Illuminate\\Foundation\\Http\\Kernel.php(116): Illuminate\\Foundation\\Http\\Kernel->sendRequestThroughRouter(Object(Illuminate\\Http\\Request))
#32 D:\\Backup Data Kristopel\\Kuliah ITdel\\Semester 6\\PA III\\Project\\git\\PA-III-02-2020\\public\\index.php(55): Illuminate\\Foundation\\Http\\Kernel->handle(Object(Illuminate\\Http\\Request))
#33 D:\\Backup Data Kristopel\\Kuliah ITdel\\Semester 6\\PA III\\Project\\git\\PA-III-02-2020\\server.php(21): require_once('D:\\\\Backup Data ...')
#34 {main}
"} 
[2020-05-22 09:37:14] local.ERROR: Class App\Http\Controllers\AnggotaCBT\KomunitasController does not exist {"exception":"[object] (ReflectionException(code: -1): Class App\\Http\\Controllers\\AnggotaCBT\\KomunitasController does not exist at D:\\Backup Data Kristopel\\Kuliah ITdel\\Semester 6\\PA III\\Project\\git\\PA-III-02-2020\\vendor\\laravel\\framework\\src\\Illuminate\\Container\\Container.php:788)
[stacktrace]
#0 D:\\Backup Data Kristopel\\Kuliah ITdel\\Semester 6\\PA III\\Project\\git\\PA-III-02-2020\\vendor\\laravel\\framework\\src\\Illuminate\\Container\\Container.php(788): ReflectionClass->__construct('App\\\\Http\\\\Contro...')
#1 D:\\Backup Data Kristopel\\Kuliah ITdel\\Semester 6\\PA III\\Project\\git\\PA-III-02-2020\\vendor\\laravel\\framework\\src\\Illuminate\\Container\\Container.php(667): Illuminate\\Container\\Container->build('App\\\\Http\\\\Contro...')
#2 D:\\Backup Data Kristopel\\Kuliah ITdel\\Semester 6\\PA III\\Project\\git\\PA-III-02-2020\\vendor\\laravel\\framework\\src\\Illuminate\\Container\\Container.php(615): Illuminate\\Container\\Container->resolve('App\\\\Http\\\\Contro...', Array)
#3 D:\\Backup Data Kristopel\\Kuliah ITdel\\Semester 6\\PA III\\Project\\git\\PA-III-02-2020\\vendor\\laravel\\framework\\src\\Illuminate\\Foundation\\Application.php(767): Illuminate\\Container\\Container->make('App\\\\Http\\\\Contro...', Array)
#4 D:\\Backup Data Kristopel\\Kuliah ITdel\\Semester 6\\PA III\\Project\\git\\PA-III-02-2020\\vendor\\laravel\\framework\\src\\Illuminate\\Routing\\Route.php(233): Illuminate\\Foundation\\Application->make('App\\\\Http\\\\Contro...')
#5 D:\\Backup Data Kristopel\\Kuliah ITdel\\Semester 6\\PA III\\Project\\git\\PA-III-02-2020\\vendor\\laravel\\framework\\src\\Illuminate\\Routing\\Route.php(833): Illuminate\\Routing\\Route->getController()
#6 D:\\Backup Data Kristopel\\Kuliah ITdel\\Semester 6\\PA III\\Project\\git\\PA-III-02-2020\\vendor\\laravel\\framework\\src\\Illuminate\\Routing\\Route.php(794): Illuminate\\Routing\\Route->controllerMiddleware()
#7 D:\\Backup Data Kristopel\\Kuliah ITdel\\Semester 6\\PA III\\Project\\git\\PA-III-02-2020\\vendor\\laravel\\framework\\src\\Illuminate\\Routing\\Router.php(693): Illuminate\\Routing\\Route->gatherMiddleware()
#8 D:\\Backup Data Kristopel\\Kuliah ITdel\\Semester 6\\PA III\\Project\\git\\PA-III-02-2020\\vendor\\laravel\\framework\\src\\Illuminate\\Routing\\Router.php(673): Illuminate\\Routing\\Router->gatherRouteMiddleware(Object(Illuminate\\Routing\\Route))
#9 D:\\Backup Data Kristopel\\Kuliah ITdel\\Semester 6\\PA III\\Project\\git\\PA-III-02-2020\\vendor\\laravel\\framework\\src\\Illuminate\\Routing\\Router.php(657): Illuminate\\Routing\\Router->runRouteWithinStack(Object(Illuminate\\Routing\\Route), Object(Illuminate\\Http\\Request))
#10 D:\\Backup Data Kristopel\\Kuliah ITdel\\Semester 6\\PA III\\Project\\git\\PA-III-02-2020\\vendor\\laravel\\framework\\src\\Illuminate\\Routing\\Router.php(623): Illuminate\\Routing\\Router->runRoute(Object(Illuminate\\Http\\Request), Object(Illuminate\\Routing\\Route))
#11 D:\\Backup Data Kristopel\\Kuliah ITdel\\Semester 6\\PA III\\Project\\git\\PA-III-02-2020\\vendor\\laravel\\framework\\src\\Illuminate\\Routing\\Router.php(612): Illuminate\\Routing\\Router->dispatchToRoute(Object(Illuminate\\Http\\Request))
#12 D:\\Backup Data Kristopel\\Kuliah ITdel\\Semester 6\\PA III\\Project\\git\\PA-III-02-2020\\vendor\\laravel\\framework\\src\\Illuminate\\Foundation\\Http\\Kernel.php(176): Illuminate\\Routing\\Router->dispatch(Object(Illuminate\\Http\\Request))
#13 D:\\Backup Data Kristopel\\Kuliah ITdel\\Semester 6\\PA III\\Project\\git\\PA-III-02-2020\\vendor\\laravel\\framework\\src\\Illuminate\\Routing\\Pipeline.php(30): Illuminate\\Foundation\\Http\\Kernel->Illuminate\\Foundation\\Http\\{closure}(Object(Illuminate\\Http\\Request))
#14 D:\\Backup Data Kristopel\\Kuliah ITdel\\Semester 6\\PA III\\Project\\git\\PA-III-02-2020\\vendor\\fideloper\\proxy\\src\\TrustProxies.php(57): Illuminate\\Routing\\Pipeline->Illuminate\\Routing\\{closure}(Object(Illuminate\\Http\\Request))
#15 D:\\Backup Data Kristopel\\Kuliah ITdel\\Semester 6\\PA III\\Project\\git\\PA-III-02-2020\\vendor\\laravel\\framework\\src\\Illuminate\\Pipeline\\Pipeline.php(163): Fideloper\\Proxy\\TrustProxies->handle(Object(Illuminate\\Http\\Request), Object(Closure))
#16 D:\\Backup Data Kristopel\\Kuliah ITdel\\Semester 6\\PA III\\Project\\git\\PA-III-02-2020\\vendor\\laravel\\framework\\src\\Illuminate\\Routing\\Pipeline.php(53): Illuminate\\Pipeline\\Pipeline->Illuminate\\Pipeline\\{closure}(Object(Illuminate\\Http\\Request))
#17 D:\\Backup Data Kristopel\\Kuliah ITdel\\Semester 6\\PA III\\Project\\git\\PA-III-02-2020\\vendor\\laravel\\framework\\src\\Illuminate\\Foundation\\Http\\Middleware\\TransformsRequest.php(21): Illuminate\\Routing\\Pipeline->Illuminate\\Routing\\{closure}(Object(Illuminate\\Http\\Request))
#18 D:\\Backup Data Kristopel\\Kuliah ITdel\\Semester 6\\PA III\\Project\\git\\PA-III-02-2020\\vendor\\laravel\\framework\\src\\Illuminate\\Pipeline\\Pipeline.php(163): Illuminate\\Foundation\\Http\\Middleware\\TransformsRequest->handle(Object(Illuminate\\Http\\Request), Object(Closure))
#19 D:\\Backup Data Kristopel\\Kuliah ITdel\\Semester 6\\PA III\\Project\\git\\PA-III-02-2020\\vendor\\laravel\\framework\\src\\Illuminate\\Routing\\Pipeline.php(53): Illuminate\\Pipeline\\Pipeline->Illuminate\\Pipeline\\{closure}(Object(Illuminate\\Http\\Request))
#20 D:\\Backup Data Kristopel\\Kuliah ITdel\\Semester 6\\PA III\\Project\\git\\PA-III-02-2020\\vendor\\laravel\\framework\\src\\Illuminate\\Foundation\\Http\\Middleware\\TransformsRequest.php(21): Illuminate\\Routing\\Pipeline->Illuminate\\Routing\\{closure}(Object(Illuminate\\Http\\Request))
#21 D:\\Backup Data Kristopel\\Kuliah ITdel\\Semester 6\\PA III\\Project\\git\\PA-III-02-2020\\vendor\\laravel\\framework\\src\\Illuminate\\Pipeline\\Pipeline.php(163): Illuminate\\Foundation\\Http\\Middleware\\TransformsRequest->handle(Object(Illuminate\\Http\\Request), Object(Closure))
#22 D:\\Backup Data Kristopel\\Kuliah ITdel\\Semester 6\\PA III\\Project\\git\\PA-III-02-2020\\vendor\\laravel\\framework\\src\\Illuminate\\Routing\\Pipeline.php(53): Illuminate\\Pipeline\\Pipeline->Illuminate\\Pipeline\\{closure}(Object(Illuminate\\Http\\Request))
#23 D:\\Backup Data Kristopel\\Kuliah ITdel\\Semester 6\\PA III\\Project\\git\\PA-III-02-2020\\vendor\\laravel\\framework\\src\\Illuminate\\Foundation\\Http\\Middleware\\ValidatePostSize.php(27): Illuminate\\Routing\\Pipeline->Illuminate\\Routing\\{closure}(Object(Illuminate\\Http\\Request))
#24 D:\\Backup Data Kristopel\\Kuliah ITdel\\Semester 6\\PA III\\Project\\git\\PA-III-02-2020\\vendor\\laravel\\framework\\src\\Illuminate\\Pipeline\\Pipeline.php(163): Illuminate\\Foundation\\Http\\Middleware\\ValidatePostSize->handle(Object(Illuminate\\Http\\Request), Object(Closure))
#25 D:\\Backup Data Kristopel\\Kuliah ITdel\\Semester 6\\PA III\\Project\\git\\PA-III-02-2020\\vendor\\laravel\\framework\\src\\Illuminate\\Routing\\Pipeline.php(53): Illuminate\\Pipeline\\Pipeline->Illuminate\\Pipeline\\{closure}(Object(Illuminate\\Http\\Request))
#26 D:\\Backup Data Kristopel\\Kuliah ITdel\\Semester 6\\PA III\\Project\\git\\PA-III-02-2020\\vendor\\laravel\\framework\\src\\Illuminate\\Foundation\\Http\\Middleware\\CheckForMaintenanceMode.php(62): Illuminate\\Routing\\Pipeline->Illuminate\\Routing\\{closure}(Object(Illuminate\\Http\\Request))
#27 D:\\Backup Data Kristopel\\Kuliah ITdel\\Semester 6\\PA III\\Project\\git\\PA-III-02-2020\\vendor\\laravel\\framework\\src\\Illuminate\\Pipeline\\Pipeline.php(163): Illuminate\\Foundation\\Http\\Middleware\\CheckForMaintenanceMode->handle(Object(Illuminate\\Http\\Request), Object(Closure))
#28 D:\\Backup Data Kristopel\\Kuliah ITdel\\Semester 6\\PA III\\Project\\git\\PA-III-02-2020\\vendor\\laravel\\framework\\src\\Illuminate\\Routing\\Pipeline.php(53): Illuminate\\Pipeline\\Pipeline->Illuminate\\Pipeline\\{closure}(Object(Illuminate\\Http\\Request))
#29 D:\\Backup Data Kristopel\\Kuliah ITdel\\Semester 6\\PA III\\Project\\git\\PA-III-02-2020\\vendor\\laravel\\framework\\src\\Illuminate\\Pipeline\\Pipeline.php(104): Illuminate\\Routing\\Pipeline->Illuminate\\Routing\\{closure}(Object(Illuminate\\Http\\Request))
#30 D:\\Backup Data Kristopel\\Kuliah ITdel\\Semester 6\\PA III\\Project\\git\\PA-III-02-2020\\vendor\\laravel\\framework\\src\\Illuminate\\Foundation\\Http\\Kernel.php(151): Illuminate\\Pipeline\\Pipeline->then(Object(Closure))
#31 D:\\Backup Data Kristopel\\Kuliah ITdel\\Semester 6\\PA III\\Project\\git\\PA-III-02-2020\\vendor\\laravel\\framework\\src\\Illuminate\\Foundation\\Http\\Kernel.php(116): Illuminate\\Foundation\\Http\\Kernel->sendRequestThroughRouter(Object(Illuminate\\Http\\Request))
#32 D:\\Backup Data Kristopel\\Kuliah ITdel\\Semester 6\\PA III\\Project\\git\\PA-III-02-2020\\public\\index.php(55): Illuminate\\Foundation\\Http\\Kernel->handle(Object(Illuminate\\Http\\Request))
#33 D:\\Backup Data Kristopel\\Kuliah ITdel\\Semester 6\\PA III\\Project\\git\\PA-III-02-2020\\server.php(21): require_once('D:\\\\Backup Data ...')
#34 {main}
"} 
[2020-05-22 10:16:56] local.ERROR: Class App\Http\Controllers\AnggotaCBT\KomunitasController does not exist {"exception":"[object] (ReflectionException(code: -1): Class App\\Http\\Controllers\\AnggotaCBT\\KomunitasController does not exist at D:\\Backup Data Kristopel\\Kuliah ITdel\\Semester 6\\PA III\\Project\\git\\PA-III-02-2020\\vendor\\laravel\\framework\\src\\Illuminate\\Container\\Container.php:788)
[stacktrace]
#0 D:\\Backup Data Kristopel\\Kuliah ITdel\\Semester 6\\PA III\\Project\\git\\PA-III-02-2020\\vendor\\laravel\\framework\\src\\Illuminate\\Container\\Container.php(788): ReflectionClass->__construct('App\\\\Http\\\\Contro...')
#1 D:\\Backup Data Kristopel\\Kuliah ITdel\\Semester 6\\PA III\\Project\\git\\PA-III-02-2020\\vendor\\laravel\\framework\\src\\Illuminate\\Container\\Container.php(667): Illuminate\\Container\\Container->build('App\\\\Http\\\\Contro...')
#2 D:\\Backup Data Kristopel\\Kuliah ITdel\\Semester 6\\PA III\\Project\\git\\PA-III-02-2020\\vendor\\laravel\\framework\\src\\Illuminate\\Container\\Container.php(615): Illuminate\\Container\\Container->resolve('App\\\\Http\\\\Contro...', Array)
#3 D:\\Backup Data Kristopel\\Kuliah ITdel\\Semester 6\\PA III\\Project\\git\\PA-III-02-2020\\vendor\\laravel\\framework\\src\\Illuminate\\Foundation\\Application.php(767): Illuminate\\Container\\Container->make('App\\\\Http\\\\Contro...', Array)
#4 D:\\Backup Data Kristopel\\Kuliah ITdel\\Semester 6\\PA III\\Project\\git\\PA-III-02-2020\\vendor\\laravel\\framework\\src\\Illuminate\\Routing\\Route.php(233): Illuminate\\Foundation\\Application->make('App\\\\Http\\\\Contro...')
#5 D:\\Backup Data Kristopel\\Kuliah ITdel\\Semester 6\\PA III\\Project\\git\\PA-III-02-2020\\vendor\\laravel\\framework\\src\\Illuminate\\Routing\\Route.php(833): Illuminate\\Routing\\Route->getController()
#6 D:\\Backup Data Kristopel\\Kuliah ITdel\\Semester 6\\PA III\\Project\\git\\PA-III-02-2020\\vendor\\laravel\\framework\\src\\Illuminate\\Routing\\Route.php(794): Illuminate\\Routing\\Route->controllerMiddleware()
#7 D:\\Backup Data Kristopel\\Kuliah ITdel\\Semester 6\\PA III\\Project\\git\\PA-III-02-2020\\vendor\\laravel\\framework\\src\\Illuminate\\Routing\\Router.php(693): Illuminate\\Routing\\Route->gatherMiddleware()
#8 D:\\Backup Data Kristopel\\Kuliah ITdel\\Semester 6\\PA III\\Project\\git\\PA-III-02-2020\\vendor\\laravel\\framework\\src\\Illuminate\\Routing\\Router.php(673): Illuminate\\Routing\\Router->gatherRouteMiddleware(Object(Illuminate\\Routing\\Route))
#9 D:\\Backup Data Kristopel\\Kuliah ITdel\\Semester 6\\PA III\\Project\\git\\PA-III-02-2020\\vendor\\laravel\\framework\\src\\Illuminate\\Routing\\Router.php(657): Illuminate\\Routing\\Router->runRouteWithinStack(Object(Illuminate\\Routing\\Route), Object(Illuminate\\Http\\Request))
#10 D:\\Backup Data Kristopel\\Kuliah ITdel\\Semester 6\\PA III\\Project\\git\\PA-III-02-2020\\vendor\\laravel\\framework\\src\\Illuminate\\Routing\\Router.php(623): Illuminate\\Routing\\Router->runRoute(Object(Illuminate\\Http\\Request), Object(Illuminate\\Routing\\Route))
#11 D:\\Backup Data Kristopel\\Kuliah ITdel\\Semester 6\\PA III\\Project\\git\\PA-III-02-2020\\vendor\\laravel\\framework\\src\\Illuminate\\Routing\\Router.php(612): Illuminate\\Routing\\Router->dispatchToRoute(Object(Illuminate\\Http\\Request))
#12 D:\\Backup Data Kristopel\\Kuliah ITdel\\Semester 6\\PA III\\Project\\git\\PA-III-02-2020\\vendor\\laravel\\framework\\src\\Illuminate\\Foundation\\Http\\Kernel.php(176): Illuminate\\Routing\\Router->dispatch(Object(Illuminate\\Http\\Request))
#13 D:\\Backup Data Kristopel\\Kuliah ITdel\\Semester 6\\PA III\\Project\\git\\PA-III-02-2020\\vendor\\laravel\\framework\\src\\Illuminate\\Routing\\Pipeline.php(30): Illuminate\\Foundation\\Http\\Kernel->Illuminate\\Foundation\\Http\\{closure}(Object(Illuminate\\Http\\Request))
#14 D:\\Backup Data Kristopel\\Kuliah ITdel\\Semester 6\\PA III\\Project\\git\\PA-III-02-2020\\vendor\\fideloper\\proxy\\src\\TrustProxies.php(57): Illuminate\\Routing\\Pipeline->Illuminate\\Routing\\{closure}(Object(Illuminate\\Http\\Request))
#15 D:\\Backup Data Kristopel\\Kuliah ITdel\\Semester 6\\PA III\\Project\\git\\PA-III-02-2020\\vendor\\laravel\\framework\\src\\Illuminate\\Pipeline\\Pipeline.php(163): Fideloper\\Proxy\\TrustProxies->handle(Object(Illuminate\\Http\\Request), Object(Closure))
#16 D:\\Backup Data Kristopel\\Kuliah ITdel\\Semester 6\\PA III\\Project\\git\\PA-III-02-2020\\vendor\\laravel\\framework\\src\\Illuminate\\Routing\\Pipeline.php(53): Illuminate\\Pipeline\\Pipeline->Illuminate\\Pipeline\\{closure}(Object(Illuminate\\Http\\Request))
#17 D:\\Backup Data Kristopel\\Kuliah ITdel\\Semester 6\\PA III\\Project\\git\\PA-III-02-2020\\vendor\\laravel\\framework\\src\\Illuminate\\Foundation\\Http\\Middleware\\TransformsRequest.php(21): Illuminate\\Routing\\Pipeline->Illuminate\\Routing\\{closure}(Object(Illuminate\\Http\\Request))
#18 D:\\Backup Data Kristopel\\Kuliah ITdel\\Semester 6\\PA III\\Project\\git\\PA-III-02-2020\\vendor\\laravel\\framework\\src\\Illuminate\\Pipeline\\Pipeline.php(163): Illuminate\\Foundation\\Http\\Middleware\\TransformsRequest->handle(Object(Illuminate\\Http\\Request), Object(Closure))
#19 D:\\Backup Data Kristopel\\Kuliah ITdel\\Semester 6\\PA III\\Project\\git\\PA-III-02-2020\\vendor\\laravel\\framework\\src\\Illuminate\\Routing\\Pipeline.php(53): Illuminate\\Pipeline\\Pipeline->Illuminate\\Pipeline\\{closure}(Object(Illuminate\\Http\\Request))
#20 D:\\Backup Data Kristopel\\Kuliah ITdel\\Semester 6\\PA III\\Project\\git\\PA-III-02-2020\\vendor\\laravel\\framework\\src\\Illuminate\\Foundation\\Http\\Middleware\\TransformsRequest.php(21): Illuminate\\Routing\\Pipeline->Illuminate\\Routing\\{closure}(Object(Illuminate\\Http\\Request))
#21 D:\\Backup Data Kristopel\\Kuliah ITdel\\Semester 6\\PA III\\Project\\git\\PA-III-02-2020\\vendor\\laravel\\framework\\src\\Illuminate\\Pipeline\\Pipeline.php(163): Illuminate\\Foundation\\Http\\Middleware\\TransformsRequest->handle(Object(Illuminate\\Http\\Request), Object(Closure))
#22 D:\\Backup Data Kristopel\\Kuliah ITdel\\Semester 6\\PA III\\Project\\git\\PA-III-02-2020\\vendor\\laravel\\framework\\src\\Illuminate\\Routing\\Pipeline.php(53): Illuminate\\Pipeline\\Pipeline->Illuminate\\Pipeline\\{closure}(Object(Illuminate\\Http\\Request))
#23 D:\\Backup Data Kristopel\\Kuliah ITdel\\Semester 6\\PA III\\Project\\git\\PA-III-02-2020\\vendor\\laravel\\framework\\src\\Illuminate\\Foundation\\Http\\Middleware\\ValidatePostSize.php(27): Illuminate\\Routing\\Pipeline->Illuminate\\Routing\\{closure}(Object(Illuminate\\Http\\Request))
#24 D:\\Backup Data Kristopel\\Kuliah ITdel\\Semester 6\\PA III\\Project\\git\\PA-III-02-2020\\vendor\\laravel\\framework\\src\\Illuminate\\Pipeline\\Pipeline.php(163): Illuminate\\Foundation\\Http\\Middleware\\ValidatePostSize->handle(Object(Illuminate\\Http\\Request), Object(Closure))
#25 D:\\Backup Data Kristopel\\Kuliah ITdel\\Semester 6\\PA III\\Project\\git\\PA-III-02-2020\\vendor\\laravel\\framework\\src\\Illuminate\\Routing\\Pipeline.php(53): Illuminate\\Pipeline\\Pipeline->Illuminate\\Pipeline\\{closure}(Object(Illuminate\\Http\\Request))
#26 D:\\Backup Data Kristopel\\Kuliah ITdel\\Semester 6\\PA III\\Project\\git\\PA-III-02-2020\\vendor\\laravel\\framework\\src\\Illuminate\\Foundation\\Http\\Middleware\\CheckForMaintenanceMode.php(62): Illuminate\\Routing\\Pipeline->Illuminate\\Routing\\{closure}(Object(Illuminate\\Http\\Request))
#27 D:\\Backup Data Kristopel\\Kuliah ITdel\\Semester 6\\PA III\\Project\\git\\PA-III-02-2020\\vendor\\laravel\\framework\\src\\Illuminate\\Pipeline\\Pipeline.php(163): Illuminate\\Foundation\\Http\\Middleware\\CheckForMaintenanceMode->handle(Object(Illuminate\\Http\\Request), Object(Closure))
#28 D:\\Backup Data Kristopel\\Kuliah ITdel\\Semester 6\\PA III\\Project\\git\\PA-III-02-2020\\vendor\\laravel\\framework\\src\\Illuminate\\Routing\\Pipeline.php(53): Illuminate\\Pipeline\\Pipeline->Illuminate\\Pipeline\\{closure}(Object(Illuminate\\Http\\Request))
#29 D:\\Backup Data Kristopel\\Kuliah ITdel\\Semester 6\\PA III\\Project\\git\\PA-III-02-2020\\vendor\\laravel\\framework\\src\\Illuminate\\Pipeline\\Pipeline.php(104): Illuminate\\Routing\\Pipeline->Illuminate\\Routing\\{closure}(Object(Illuminate\\Http\\Request))
#30 D:\\Backup Data Kristopel\\Kuliah ITdel\\Semester 6\\PA III\\Project\\git\\PA-III-02-2020\\vendor\\laravel\\framework\\src\\Illuminate\\Foundation\\Http\\Kernel.php(151): Illuminate\\Pipeline\\Pipeline->then(Object(Closure))
#31 D:\\Backup Data Kristopel\\Kuliah ITdel\\Semester 6\\PA III\\Project\\git\\PA-III-02-2020\\vendor\\laravel\\framework\\src\\Illuminate\\Foundation\\Http\\Kernel.php(116): Illuminate\\Foundation\\Http\\Kernel->sendRequestThroughRouter(Object(Illuminate\\Http\\Request))
#32 D:\\Backup Data Kristopel\\Kuliah ITdel\\Semester 6\\PA III\\Project\\git\\PA-III-02-2020\\public\\index.php(55): Illuminate\\Foundation\\Http\\Kernel->handle(Object(Illuminate\\Http\\Request))
#33 D:\\Backup Data Kristopel\\Kuliah ITdel\\Semester 6\\PA III\\Project\\git\\PA-III-02-2020\\server.php(21): require_once('D:\\\\Backup Data ...')
#34 {main}
"} 
[2020-05-22 10:17:25] local.ERROR: Class App\Http\Controllers\AnggotaCBT\KomunitasController does not exist {"exception":"[object] (ReflectionException(code: -1): Class App\\Http\\Controllers\\AnggotaCBT\\KomunitasController does not exist at D:\\Backup Data Kristopel\\Kuliah ITdel\\Semester 6\\PA III\\Project\\git\\PA-III-02-2020\\vendor\\laravel\\framework\\src\\Illuminate\\Container\\Container.php:788)
[stacktrace]
#0 D:\\Backup Data Kristopel\\Kuliah ITdel\\Semester 6\\PA III\\Project\\git\\PA-III-02-2020\\vendor\\laravel\\framework\\src\\Illuminate\\Container\\Container.php(788): ReflectionClass->__construct('App\\\\Http\\\\Contro...')
#1 D:\\Backup Data Kristopel\\Kuliah ITdel\\Semester 6\\PA III\\Project\\git\\PA-III-02-2020\\vendor\\laravel\\framework\\src\\Illuminate\\Container\\Container.php(667): Illuminate\\Container\\Container->build('App\\\\Http\\\\Contro...')
#2 D:\\Backup Data Kristopel\\Kuliah ITdel\\Semester 6\\PA III\\Project\\git\\PA-III-02-2020\\vendor\\laravel\\framework\\src\\Illuminate\\Container\\Container.php(615): Illuminate\\Container\\Container->resolve('App\\\\Http\\\\Contro...', Array)
#3 D:\\Backup Data Kristopel\\Kuliah ITdel\\Semester 6\\PA III\\Project\\git\\PA-III-02-2020\\vendor\\laravel\\framework\\src\\Illuminate\\Foundation\\Application.php(767): Illuminate\\Container\\Container->make('App\\\\Http\\\\Contro...', Array)
#4 D:\\Backup Data Kristopel\\Kuliah ITdel\\Semester 6\\PA III\\Project\\git\\PA-III-02-2020\\vendor\\laravel\\framework\\src\\Illuminate\\Routing\\Route.php(233): Illuminate\\Foundation\\Application->make('App\\\\Http\\\\Contro...')
#5 D:\\Backup Data Kristopel\\Kuliah ITdel\\Semester 6\\PA III\\Project\\git\\PA-III-02-2020\\vendor\\laravel\\framework\\src\\Illuminate\\Routing\\Route.php(833): Illuminate\\Routing\\Route->getController()
#6 D:\\Backup Data Kristopel\\Kuliah ITdel\\Semester 6\\PA III\\Project\\git\\PA-III-02-2020\\vendor\\laravel\\framework\\src\\Illuminate\\Routing\\Route.php(794): Illuminate\\Routing\\Route->controllerMiddleware()
#7 D:\\Backup Data Kristopel\\Kuliah ITdel\\Semester 6\\PA III\\Project\\git\\PA-III-02-2020\\vendor\\laravel\\framework\\src\\Illuminate\\Routing\\Router.php(693): Illuminate\\Routing\\Route->gatherMiddleware()
#8 D:\\Backup Data Kristopel\\Kuliah ITdel\\Semester 6\\PA III\\Project\\git\\PA-III-02-2020\\vendor\\laravel\\framework\\src\\Illuminate\\Routing\\Router.php(673): Illuminate\\Routing\\Router->gatherRouteMiddleware(Object(Illuminate\\Routing\\Route))
#9 D:\\Backup Data Kristopel\\Kuliah ITdel\\Semester 6\\PA III\\Project\\git\\PA-III-02-2020\\vendor\\laravel\\framework\\src\\Illuminate\\Routing\\Router.php(657): Illuminate\\Routing\\Router->runRouteWithinStack(Object(Illuminate\\Routing\\Route), Object(Illuminate\\Http\\Request))
#10 D:\\Backup Data Kristopel\\Kuliah ITdel\\Semester 6\\PA III\\Project\\git\\PA-III-02-2020\\vendor\\laravel\\framework\\src\\Illuminate\\Routing\\Router.php(623): Illuminate\\Routing\\Router->runRoute(Object(Illuminate\\Http\\Request), Object(Illuminate\\Routing\\Route))
#11 D:\\Backup Data Kristopel\\Kuliah ITdel\\Semester 6\\PA III\\Project\\git\\PA-III-02-2020\\vendor\\laravel\\framework\\src\\Illuminate\\Routing\\Router.php(612): Illuminate\\Routing\\Router->dispatchToRoute(Object(Illuminate\\Http\\Request))
#12 D:\\Backup Data Kristopel\\Kuliah ITdel\\Semester 6\\PA III\\Project\\git\\PA-III-02-2020\\vendor\\laravel\\framework\\src\\Illuminate\\Foundation\\Http\\Kernel.php(176): Illuminate\\Routing\\Router->dispatch(Object(Illuminate\\Http\\Request))
#13 D:\\Backup Data Kristopel\\Kuliah ITdel\\Semester 6\\PA III\\Project\\git\\PA-III-02-2020\\vendor\\laravel\\framework\\src\\Illuminate\\Routing\\Pipeline.php(30): Illuminate\\Foundation\\Http\\Kernel->Illuminate\\Foundation\\Http\\{closure}(Object(Illuminate\\Http\\Request))
#14 D:\\Backup Data Kristopel\\Kuliah ITdel\\Semester 6\\PA III\\Project\\git\\PA-III-02-2020\\vendor\\fideloper\\proxy\\src\\TrustProxies.php(57): Illuminate\\Routing\\Pipeline->Illuminate\\Routing\\{closure}(Object(Illuminate\\Http\\Request))
#15 D:\\Backup Data Kristopel\\Kuliah ITdel\\Semester 6\\PA III\\Project\\git\\PA-III-02-2020\\vendor\\laravel\\framework\\src\\Illuminate\\Pipeline\\Pipeline.php(163): Fideloper\\Proxy\\TrustProxies->handle(Object(Illuminate\\Http\\Request), Object(Closure))
#16 D:\\Backup Data Kristopel\\Kuliah ITdel\\Semester 6\\PA III\\Project\\git\\PA-III-02-2020\\vendor\\laravel\\framework\\src\\Illuminate\\Routing\\Pipeline.php(53): Illuminate\\Pipeline\\Pipeline->Illuminate\\Pipeline\\{closure}(Object(Illuminate\\Http\\Request))
#17 D:\\Backup Data Kristopel\\Kuliah ITdel\\Semester 6\\PA III\\Project\\git\\PA-III-02-2020\\vendor\\laravel\\framework\\src\\Illuminate\\Foundation\\Http\\Middleware\\TransformsRequest.php(21): Illuminate\\Routing\\Pipeline->Illuminate\\Routing\\{closure}(Object(Illuminate\\Http\\Request))
#18 D:\\Backup Data Kristopel\\Kuliah ITdel\\Semester 6\\PA III\\Project\\git\\PA-III-02-2020\\vendor\\laravel\\framework\\src\\Illuminate\\Pipeline\\Pipeline.php(163): Illuminate\\Foundation\\Http\\Middleware\\TransformsRequest->handle(Object(Illuminate\\Http\\Request), Object(Closure))
#19 D:\\Backup Data Kristopel\\Kuliah ITdel\\Semester 6\\PA III\\Project\\git\\PA-III-02-2020\\vendor\\laravel\\framework\\src\\Illuminate\\Routing\\Pipeline.php(53): Illuminate\\Pipeline\\Pipeline->Illuminate\\Pipeline\\{closure}(Object(Illuminate\\Http\\Request))
#20 D:\\Backup Data Kristopel\\Kuliah ITdel\\Semester 6\\PA III\\Project\\git\\PA-III-02-2020\\vendor\\laravel\\framework\\src\\Illuminate\\Foundation\\Http\\Middleware\\TransformsRequest.php(21): Illuminate\\Routing\\Pipeline->Illuminate\\Routing\\{closure}(Object(Illuminate\\Http\\Request))
#21 D:\\Backup Data Kristopel\\Kuliah ITdel\\Semester 6\\PA III\\Project\\git\\PA-III-02-2020\\vendor\\laravel\\framework\\src\\Illuminate\\Pipeline\\Pipeline.php(163): Illuminate\\Foundation\\Http\\Middleware\\TransformsRequest->handle(Object(Illuminate\\Http\\Request), Object(Closure))
#22 D:\\Backup Data Kristopel\\Kuliah ITdel\\Semester 6\\PA III\\Project\\git\\PA-III-02-2020\\vendor\\laravel\\framework\\src\\Illuminate\\Routing\\Pipeline.php(53): Illuminate\\Pipeline\\Pipeline->Illuminate\\Pipeline\\{closure}(Object(Illuminate\\Http\\Request))
#23 D:\\Backup Data Kristopel\\Kuliah ITdel\\Semester 6\\PA III\\Project\\git\\PA-III-02-2020\\vendor\\laravel\\framework\\src\\Illuminate\\Foundation\\Http\\Middleware\\ValidatePostSize.php(27): Illuminate\\Routing\\Pipeline->Illuminate\\Routing\\{closure}(Object(Illuminate\\Http\\Request))
#24 D:\\Backup Data Kristopel\\Kuliah ITdel\\Semester 6\\PA III\\Project\\git\\PA-III-02-2020\\vendor\\laravel\\framework\\src\\Illuminate\\Pipeline\\Pipeline.php(163): Illuminate\\Foundation\\Http\\Middleware\\ValidatePostSize->handle(Object(Illuminate\\Http\\Request), Object(Closure))
#25 D:\\Backup Data Kristopel\\Kuliah ITdel\\Semester 6\\PA III\\Project\\git\\PA-III-02-2020\\vendor\\laravel\\framework\\src\\Illuminate\\Routing\\Pipeline.php(53): Illuminate\\Pipeline\\Pipeline->Illuminate\\Pipeline\\{closure}(Object(Illuminate\\Http\\Request))
#26 D:\\Backup Data Kristopel\\Kuliah ITdel\\Semester 6\\PA III\\Project\\git\\PA-III-02-2020\\vendor\\laravel\\framework\\src\\Illuminate\\Foundation\\Http\\Middleware\\CheckForMaintenanceMode.php(62): Illuminate\\Routing\\Pipeline->Illuminate\\Routing\\{closure}(Object(Illuminate\\Http\\Request))
#27 D:\\Backup Data Kristopel\\Kuliah ITdel\\Semester 6\\PA III\\Project\\git\\PA-III-02-2020\\vendor\\laravel\\framework\\src\\Illuminate\\Pipeline\\Pipeline.php(163): Illuminate\\Foundation\\Http\\Middleware\\CheckForMaintenanceMode->handle(Object(Illuminate\\Http\\Request), Object(Closure))
#28 D:\\Backup Data Kristopel\\Kuliah ITdel\\Semester 6\\PA III\\Project\\git\\PA-III-02-2020\\vendor\\laravel\\framework\\src\\Illuminate\\Routing\\Pipeline.php(53): Illuminate\\Pipeline\\Pipeline->Illuminate\\Pipeline\\{closure}(Object(Illuminate\\Http\\Request))
#29 D:\\Backup Data Kristopel\\Kuliah ITdel\\Semester 6\\PA III\\Project\\git\\PA-III-02-2020\\vendor\\laravel\\framework\\src\\Illuminate\\Pipeline\\Pipeline.php(104): Illuminate\\Routing\\Pipeline->Illuminate\\Routing\\{closure}(Object(Illuminate\\Http\\Request))
#30 D:\\Backup Data Kristopel\\Kuliah ITdel\\Semester 6\\PA III\\Project\\git\\PA-III-02-2020\\vendor\\laravel\\framework\\src\\Illuminate\\Foundation\\Http\\Kernel.php(151): Illuminate\\Pipeline\\Pipeline->then(Object(Closure))
#31 D:\\Backup Data Kristopel\\Kuliah ITdel\\Semester 6\\PA III\\Project\\git\\PA-III-02-2020\\vendor\\laravel\\framework\\src\\Illuminate\\Foundation\\Http\\Kernel.php(116): Illuminate\\Foundation\\Http\\Kernel->sendRequestThroughRouter(Object(Illuminate\\Http\\Request))
#32 D:\\Backup Data Kristopel\\Kuliah ITdel\\Semester 6\\PA III\\Project\\git\\PA-III-02-2020\\public\\index.php(55): Illuminate\\Foundation\\Http\\Kernel->handle(Object(Illuminate\\Http\\Request))
#33 D:\\Backup Data Kristopel\\Kuliah ITdel\\Semester 6\\PA III\\Project\\git\\PA-III-02-2020\\server.php(21): require_once('D:\\\\Backup Data ...')
#34 {main}
"} 
[2020-05-22 10:36:21] local.ERROR: Class App\Http\Controllers\KomunitasCBTControllers does not exist {"exception":"[object] (ReflectionException(code: -1): Class App\\Http\\Controllers\\KomunitasCBTControllers does not exist at D:\\Backup Data Kristopel\\Kuliah ITdel\\Semester 6\\PA III\\Project\\git\\PA-III-02-2020\\vendor\\laravel\\framework\\src\\Illuminate\\Container\\Container.php:788)
[stacktrace]
#0 D:\\Backup Data Kristopel\\Kuliah ITdel\\Semester 6\\PA III\\Project\\git\\PA-III-02-2020\\vendor\\laravel\\framework\\src\\Illuminate\\Container\\Container.php(788): ReflectionClass->__construct('App\\\\Http\\\\Contro...')
#1 D:\\Backup Data Kristopel\\Kuliah ITdel\\Semester 6\\PA III\\Project\\git\\PA-III-02-2020\\vendor\\laravel\\framework\\src\\Illuminate\\Container\\Container.php(667): Illuminate\\Container\\Container->build('App\\\\Http\\\\Contro...')
#2 D:\\Backup Data Kristopel\\Kuliah ITdel\\Semester 6\\PA III\\Project\\git\\PA-III-02-2020\\vendor\\laravel\\framework\\src\\Illuminate\\Container\\Container.php(615): Illuminate\\Container\\Container->resolve('App\\\\Http\\\\Contro...', Array)
#3 D:\\Backup Data Kristopel\\Kuliah ITdel\\Semester 6\\PA III\\Project\\git\\PA-III-02-2020\\vendor\\laravel\\framework\\src\\Illuminate\\Foundation\\Application.php(767): Illuminate\\Container\\Container->make('App\\\\Http\\\\Contro...', Array)
#4 D:\\Backup Data Kristopel\\Kuliah ITdel\\Semester 6\\PA III\\Project\\git\\PA-III-02-2020\\vendor\\laravel\\framework\\src\\Illuminate\\Routing\\Route.php(233): Illuminate\\Foundation\\Application->make('App\\\\Http\\\\Contro...')
#5 D:\\Backup Data Kristopel\\Kuliah ITdel\\Semester 6\\PA III\\Project\\git\\PA-III-02-2020\\vendor\\laravel\\framework\\src\\Illuminate\\Routing\\Route.php(833): Illuminate\\Routing\\Route->getController()
#6 D:\\Backup Data Kristopel\\Kuliah ITdel\\Semester 6\\PA III\\Project\\git\\PA-III-02-2020\\vendor\\laravel\\framework\\src\\Illuminate\\Routing\\Route.php(794): Illuminate\\Routing\\Route->controllerMiddleware()
#7 D:\\Backup Data Kristopel\\Kuliah ITdel\\Semester 6\\PA III\\Project\\git\\PA-III-02-2020\\vendor\\laravel\\framework\\src\\Illuminate\\Routing\\Router.php(693): Illuminate\\Routing\\Route->gatherMiddleware()
#8 D:\\Backup Data Kristopel\\Kuliah ITdel\\Semester 6\\PA III\\Project\\git\\PA-III-02-2020\\vendor\\laravel\\framework\\src\\Illuminate\\Routing\\Router.php(673): Illuminate\\Routing\\Router->gatherRouteMiddleware(Object(Illuminate\\Routing\\Route))
#9 D:\\Backup Data Kristopel\\Kuliah ITdel\\Semester 6\\PA III\\Project\\git\\PA-III-02-2020\\vendor\\laravel\\framework\\src\\Illuminate\\Routing\\Router.php(657): Illuminate\\Routing\\Router->runRouteWithinStack(Object(Illuminate\\Routing\\Route), Object(Illuminate\\Http\\Request))
#10 D:\\Backup Data Kristopel\\Kuliah ITdel\\Semester 6\\PA III\\Project\\git\\PA-III-02-2020\\vendor\\laravel\\framework\\src\\Illuminate\\Routing\\Router.php(623): Illuminate\\Routing\\Router->runRoute(Object(Illuminate\\Http\\Request), Object(Illuminate\\Routing\\Route))
#11 D:\\Backup Data Kristopel\\Kuliah ITdel\\Semester 6\\PA III\\Project\\git\\PA-III-02-2020\\vendor\\laravel\\framework\\src\\Illuminate\\Routing\\Router.php(612): Illuminate\\Routing\\Router->dispatchToRoute(Object(Illuminate\\Http\\Request))
#12 D:\\Backup Data Kristopel\\Kuliah ITdel\\Semester 6\\PA III\\Project\\git\\PA-III-02-2020\\vendor\\laravel\\framework\\src\\Illuminate\\Foundation\\Http\\Kernel.php(176): Illuminate\\Routing\\Router->dispatch(Object(Illuminate\\Http\\Request))
#13 D:\\Backup Data Kristopel\\Kuliah ITdel\\Semester 6\\PA III\\Project\\git\\PA-III-02-2020\\vendor\\laravel\\framework\\src\\Illuminate\\Routing\\Pipeline.php(30): Illuminate\\Foundation\\Http\\Kernel->Illuminate\\Foundation\\Http\\{closure}(Object(Illuminate\\Http\\Request))
#14 D:\\Backup Data Kristopel\\Kuliah ITdel\\Semester 6\\PA III\\Project\\git\\PA-III-02-2020\\vendor\\fideloper\\proxy\\src\\TrustProxies.php(57): Illuminate\\Routing\\Pipeline->Illuminate\\Routing\\{closure}(Object(Illuminate\\Http\\Request))
#15 D:\\Backup Data Kristopel\\Kuliah ITdel\\Semester 6\\PA III\\Project\\git\\PA-III-02-2020\\vendor\\laravel\\framework\\src\\Illuminate\\Pipeline\\Pipeline.php(163): Fideloper\\Proxy\\TrustProxies->handle(Object(Illuminate\\Http\\Request), Object(Closure))
#16 D:\\Backup Data Kristopel\\Kuliah ITdel\\Semester 6\\PA III\\Project\\git\\PA-III-02-2020\\vendor\\laravel\\framework\\src\\Illuminate\\Routing\\Pipeline.php(53): Illuminate\\Pipeline\\Pipeline->Illuminate\\Pipeline\\{closure}(Object(Illuminate\\Http\\Request))
#17 D:\\Backup Data Kristopel\\Kuliah ITdel\\Semester 6\\PA III\\Project\\git\\PA-III-02-2020\\vendor\\laravel\\framework\\src\\Illuminate\\Foundation\\Http\\Middleware\\TransformsRequest.php(21): Illuminate\\Routing\\Pipeline->Illuminate\\Routing\\{closure}(Object(Illuminate\\Http\\Request))
#18 D:\\Backup Data Kristopel\\Kuliah ITdel\\Semester 6\\PA III\\Project\\git\\PA-III-02-2020\\vendor\\laravel\\framework\\src\\Illuminate\\Pipeline\\Pipeline.php(163): Illuminate\\Foundation\\Http\\Middleware\\TransformsRequest->handle(Object(Illuminate\\Http\\Request), Object(Closure))
#19 D:\\Backup Data Kristopel\\Kuliah ITdel\\Semester 6\\PA III\\Project\\git\\PA-III-02-2020\\vendor\\laravel\\framework\\src\\Illuminate\\Routing\\Pipeline.php(53): Illuminate\\Pipeline\\Pipeline->Illuminate\\Pipeline\\{closure}(Object(Illuminate\\Http\\Request))
#20 D:\\Backup Data Kristopel\\Kuliah ITdel\\Semester 6\\PA III\\Project\\git\\PA-III-02-2020\\vendor\\laravel\\framework\\src\\Illuminate\\Foundation\\Http\\Middleware\\TransformsRequest.php(21): Illuminate\\Routing\\Pipeline->Illuminate\\Routing\\{closure}(Object(Illuminate\\Http\\Request))
#21 D:\\Backup Data Kristopel\\Kuliah ITdel\\Semester 6\\PA III\\Project\\git\\PA-III-02-2020\\vendor\\laravel\\framework\\src\\Illuminate\\Pipeline\\Pipeline.php(163): Illuminate\\Foundation\\Http\\Middleware\\TransformsRequest->handle(Object(Illuminate\\Http\\Request), Object(Closure))
#22 D:\\Backup Data Kristopel\\Kuliah ITdel\\Semester 6\\PA III\\Project\\git\\PA-III-02-2020\\vendor\\laravel\\framework\\src\\Illuminate\\Routing\\Pipeline.php(53): Illuminate\\Pipeline\\Pipeline->Illuminate\\Pipeline\\{closure}(Object(Illuminate\\Http\\Request))
#23 D:\\Backup Data Kristopel\\Kuliah ITdel\\Semester 6\\PA III\\Project\\git\\PA-III-02-2020\\vendor\\laravel\\framework\\src\\Illuminate\\Foundation\\Http\\Middleware\\ValidatePostSize.php(27): Illuminate\\Routing\\Pipeline->Illuminate\\Routing\\{closure}(Object(Illuminate\\Http\\Request))
#24 D:\\Backup Data Kristopel\\Kuliah ITdel\\Semester 6\\PA III\\Project\\git\\PA-III-02-2020\\vendor\\laravel\\framework\\src\\Illuminate\\Pipeline\\Pipeline.php(163): Illuminate\\Foundation\\Http\\Middleware\\ValidatePostSize->handle(Object(Illuminate\\Http\\Request), Object(Closure))
#25 D:\\Backup Data Kristopel\\Kuliah ITdel\\Semester 6\\PA III\\Project\\git\\PA-III-02-2020\\vendor\\laravel\\framework\\src\\Illuminate\\Routing\\Pipeline.php(53): Illuminate\\Pipeline\\Pipeline->Illuminate\\Pipeline\\{closure}(Object(Illuminate\\Http\\Request))
#26 D:\\Backup Data Kristopel\\Kuliah ITdel\\Semester 6\\PA III\\Project\\git\\PA-III-02-2020\\vendor\\laravel\\framework\\src\\Illuminate\\Foundation\\Http\\Middleware\\CheckForMaintenanceMode.php(62): Illuminate\\Routing\\Pipeline->Illuminate\\Routing\\{closure}(Object(Illuminate\\Http\\Request))
#27 D:\\Backup Data Kristopel\\Kuliah ITdel\\Semester 6\\PA III\\Project\\git\\PA-III-02-2020\\vendor\\laravel\\framework\\src\\Illuminate\\Pipeline\\Pipeline.php(163): Illuminate\\Foundation\\Http\\Middleware\\CheckForMaintenanceMode->handle(Object(Illuminate\\Http\\Request), Object(Closure))
#28 D:\\Backup Data Kristopel\\Kuliah ITdel\\Semester 6\\PA III\\Project\\git\\PA-III-02-2020\\vendor\\laravel\\framework\\src\\Illuminate\\Routing\\Pipeline.php(53): Illuminate\\Pipeline\\Pipeline->Illuminate\\Pipeline\\{closure}(Object(Illuminate\\Http\\Request))
#29 D:\\Backup Data Kristopel\\Kuliah ITdel\\Semester 6\\PA III\\Project\\git\\PA-III-02-2020\\vendor\\laravel\\framework\\src\\Illuminate\\Pipeline\\Pipeline.php(104): Illuminate\\Routing\\Pipeline->Illuminate\\Routing\\{closure}(Object(Illuminate\\Http\\Request))
#30 D:\\Backup Data Kristopel\\Kuliah ITdel\\Semester 6\\PA III\\Project\\git\\PA-III-02-2020\\vendor\\laravel\\framework\\src\\Illuminate\\Foundation\\Http\\Kernel.php(151): Illuminate\\Pipeline\\Pipeline->then(Object(Closure))
#31 D:\\Backup Data Kristopel\\Kuliah ITdel\\Semester 6\\PA III\\Project\\git\\PA-III-02-2020\\vendor\\laravel\\framework\\src\\Illuminate\\Foundation\\Http\\Kernel.php(116): Illuminate\\Foundation\\Http\\Kernel->sendRequestThroughRouter(Object(Illuminate\\Http\\Request))
#32 D:\\Backup Data Kristopel\\Kuliah ITdel\\Semester 6\\PA III\\Project\\git\\PA-III-02-2020\\public\\index.php(55): Illuminate\\Foundation\\Http\\Kernel->handle(Object(Illuminate\\Http\\Request))
#33 D:\\Backup Data Kristopel\\Kuliah ITdel\\Semester 6\\PA III\\Project\\git\\PA-III-02-2020\\server.php(21): require_once('D:\\\\Backup Data ...')
#34 {main}
"} 
[2020-05-22 12:20:40] local.ERROR: syntax error, unexpected '++' (T_INC) (View: D:\Backup Data Kristopel\Kuliah ITdel\Semester 6\PA III\Project\git\PA-III-02-2020\resources\views\anggotacbt\komunitas\komunitas.blade.php) {"exception":"[object] (ErrorException(code: 0): syntax error, unexpected '++' (T_INC) (View: D:\\Backup Data Kristopel\\Kuliah ITdel\\Semester 6\\PA III\\Project\\git\\PA-III-02-2020\esources\\views\\anggotacbt\\komunitas\\komunitas.blade.php) at D:\\Backup Data Kristopel\\Kuliah ITdel\\Semester 6\\PA III\\Project\\git\\PA-III-02-2020\\storage\\framework\\views\\ada8611a7a20edc1b132bd577b1a5ad96527f236.php:58, Symfony\\Component\\Debug\\Exception\\FatalThrowableError(code: 0): syntax error, unexpected '++' (T_INC) at D:\\Backup Data Kristopel\\Kuliah ITdel\\Semester 6\\PA III\\Project\\git\\PA-III-02-2020\\storage\\framework\\views\\ada8611a7a20edc1b132bd577b1a5ad96527f236.php:58)
[stacktrace]
#0 D:\\Backup Data Kristopel\\Kuliah ITdel\\Semester 6\\PA III\\Project\\git\\PA-III-02-2020\\vendor\\laravel\\framework\\src\\Illuminate\\View\\Engines\\PhpEngine.php(47): Illuminate\\View\\Engines\\CompilerEngine->handleViewException(Object(Symfony\\Component\\Debug\\Exception\\FatalThrowableError), 1)
#1 D:\\Backup Data Kristopel\\Kuliah ITdel\\Semester 6\\PA III\\Project\\git\\PA-III-02-2020\\vendor\\laravel\\framework\\src\\Illuminate\\View\\Engines\\CompilerEngine.php(59): Illuminate\\View\\Engines\\PhpEngine->evaluatePath('D:\\\\Backup Data ...', Array)
#2 D:\\Backup Data Kristopel\\Kuliah ITdel\\Semester 6\\PA III\\Project\\git\\PA-III-02-2020\\vendor\\laravel\\framework\\src\\Illuminate\\View\\View.php(142): Illuminate\\View\\Engines\\CompilerEngine->get('D:\\\\Backup Data ...', Array)
#3 D:\\Backup Data Kristopel\\Kuliah ITdel\\Semester 6\\PA III\\Project\\git\\PA-III-02-2020\\vendor\\laravel\\framework\\src\\Illuminate\\View\\View.php(125): Illuminate\\View\\View->getContents()
#4 D:\\Backup Data Kristopel\\Kuliah ITdel\\Semester 6\\PA III\\Project\\git\\PA-III-02-2020\\vendor\\laravel\\framework\\src\\Illuminate\\View\\View.php(90): Illuminate\\View\\View->renderContents()
#5 D:\\Backup Data Kristopel\\Kuliah ITdel\\Semester 6\\PA III\\Project\\git\\PA-III-02-2020\\vendor\\laravel\\framework\\src\\Illuminate\\Http\\Response.php(42): Illuminate\\View\\View->render()
#6 D:\\Backup Data Kristopel\\Kuliah ITdel\\Semester 6\\PA III\\Project\\git\\PA-III-02-2020\\vendor\\symfony\\http-foundation\\Response.php(205): Illuminate\\Http\\Response->setContent(Object(Illuminate\\View\\View))
#7 D:\\Backup Data Kristopel\\Kuliah ITdel\\Semester 6\\PA III\\Project\\git\\PA-III-02-2020\\vendor\\laravel\\framework\\src\\Illuminate\\Routing\\Router.php(748): Symfony\\Component\\HttpFoundation\\Response->__construct(Object(Illuminate\\View\\View))
#8 D:\\Backup Data Kristopel\\Kuliah ITdel\\Semester 6\\PA III\\Project\\git\\PA-III-02-2020\\vendor\\laravel\\framework\\src\\Illuminate\\Routing\\Router.php(720): Illuminate\\Routing\\Router::toResponse(Object(Illuminate\\Http\\Request), Object(Illuminate\\View\\View))
#9 D:\\Backup Data Kristopel\\Kuliah ITdel\\Semester 6\\PA III\\Project\\git\\PA-III-02-2020\\vendor\\laravel\\framework\\src\\Illuminate\\Routing\\Router.php(680): Illuminate\\Routing\\Router->prepareResponse(Object(Illuminate\\Http\\Request), Object(Illuminate\\View\\View))
#10 D:\\Backup Data Kristopel\\Kuliah ITdel\\Semester 6\\PA III\\Project\\git\\PA-III-02-2020\\vendor\\laravel\\framework\\src\\Illuminate\\Routing\\Pipeline.php(30): Illuminate\\Routing\\Router->Illuminate\\Routing\\{closure}(Object(Illuminate\\Http\\Request))
#11 D:\\Backup Data Kristopel\\Kuliah ITdel\\Semester 6\\PA III\\Project\\git\\PA-III-02-2020\\vendor\\laravel\\framework\\src\\Illuminate\\Routing\\Middleware\\SubstituteBindings.php(41): Illuminate\\Routing\\Pipeline->Illuminate\\Routing\\{closure}(Object(Illuminate\\Http\\Request))
#12 D:\\Backup Data Kristopel\\Kuliah ITdel\\Semester 6\\PA III\\Project\\git\\PA-III-02-2020\\vendor\\laravel\\framework\\src\\Illuminate\\Pipeline\\Pipeline.php(163): Illuminate\\Routing\\Middleware\\SubstituteBindings->handle(Object(Illuminate\\Http\\Request), Object(Closure))
#13 D:\\Backup Data Kristopel\\Kuliah ITdel\\Semester 6\\PA III\\Project\\git\\PA-III-02-2020\\vendor\\laravel\\framework\\src\\Illuminate\\Routing\\Pipeline.php(53): Illuminate\\Pipeline\\Pipeline->Illuminate\\Pipeline\\{closure}(Object(Illuminate\\Http\\Request))
#14 D:\\Backup Data Kristopel\\Kuliah ITdel\\Semester 6\\PA III\\Project\\git\\PA-III-02-2020\\vendor\\laravel\\framework\\src\\Illuminate\\Foundation\\Http\\Middleware\\VerifyCsrfToken.php(75): Illuminate\\Routing\\Pipeline->Illuminate\\Routing\\{closure}(Object(Illuminate\\Http\\Request))
#15 D:\\Backup Data Kristopel\\Kuliah ITdel\\Semester 6\\PA III\\Project\\git\\PA-III-02-2020\\vendor\\laravel\\framework\\src\\Illuminate\\Pipeline\\Pipeline.php(163): Illuminate\\Foundation\\Http\\Middleware\\VerifyCsrfToken->handle(Object(Illuminate\\Http\\Request), Object(Closure))
#16 D:\\Backup Data Kristopel\\Kuliah ITdel\\Semester 6\\PA III\\Project\\git\\PA-III-02-2020\\vendor\\laravel\\framework\\src\\Illuminate\\Routing\\Pipeline.php(53): Illuminate\\Pipeline\\Pipeline->Illuminate\\Pipeline\\{closure}(Object(Illuminate\\Http\\Request))
#17 D:\\Backup Data Kristopel\\Kuliah ITdel\\Semester 6\\PA III\\Project\\git\\PA-III-02-2020\\vendor\\laravel\\framework\\src\\Illuminate\\View\\Middleware\\ShareErrorsFromSession.php(49): Illuminate\\Routing\\Pipeline->Illuminate\\Routing\\{closure}(Object(Illuminate\\Http\\Request))
#18 D:\\Backup Data Kristopel\\Kuliah ITdel\\Semester 6\\PA III\\Project\\git\\PA-III-02-2020\\vendor\\laravel\\framework\\src\\Illuminate\\Pipeline\\Pipeline.php(163): Illuminate\\View\\Middleware\\ShareErrorsFromSession->handle(Object(Illuminate\\Http\\Request), Object(Closure))
#19 D:\\Backup Data Kristopel\\Kuliah ITdel\\Semester 6\\PA III\\Project\\git\\PA-III-02-2020\\vendor\\laravel\\framework\\src\\Illuminate\\Routing\\Pipeline.php(53): Illuminate\\Pipeline\\Pipeline->Illuminate\\Pipeline\\{closure}(Object(Illuminate\\Http\\Request))
#20 D:\\Backup Data Kristopel\\Kuliah ITdel\\Semester 6\\PA III\\Project\\git\\PA-III-02-2020\\vendor\\laravel\\framework\\src\\Illuminate\\Session\\Middleware\\StartSession.php(56): Illuminate\\Routing\\Pipeline->Illuminate\\Routing\\{closure}(Object(Illuminate\\Http\\Request))
#21 D:\\Backup Data Kristopel\\Kuliah ITdel\\Semester 6\\PA III\\Project\\git\\PA-III-02-2020\\vendor\\laravel\\framework\\src\\Illuminate\\Pipeline\\Pipeline.php(163): Illuminate\\Session\\Middleware\\StartSession->handle(Object(Illuminate\\Http\\Request), Object(Closure))
#22 D:\\Backup Data Kristopel\\Kuliah ITdel\\Semester 6\\PA III\\Project\\git\\PA-III-02-2020\\vendor\\laravel\\framework\\src\\Illuminate\\Routing\\Pipeline.php(53): Illuminate\\Pipeline\\Pipeline->Illuminate\\Pipeline\\{closure}(Object(Illuminate\\Http\\Request))
#23 D:\\Backup Data Kristopel\\Kuliah ITdel\\Semester 6\\PA III\\Project\\git\\PA-III-02-2020\\vendor\\laravel\\framework\\src\\Illuminate\\Cookie\\Middleware\\AddQueuedCookiesToResponse.php(37): Illuminate\\Routing\\Pipeline->Illuminate\\Routing\\{closure}(Object(Illuminate\\Http\\Request))
#24 D:\\Backup Data Kristopel\\Kuliah ITdel\\Semester 6\\PA III\\Project\\git\\PA-III-02-2020\\vendor\\laravel\\framework\\src\\Illuminate\\Pipeline\\Pipeline.php(163): Illuminate\\Cookie\\Middleware\\AddQueuedCookiesToResponse->handle(Object(Illuminate\\Http\\Request), Object(Closure))
#25 D:\\Backup Data Kristopel\\Kuliah ITdel\\Semester 6\\PA III\\Project\\git\\PA-III-02-2020\\vendor\\laravel\\framework\\src\\Illuminate\\Routing\\Pipeline.php(53): Illuminate\\Pipeline\\Pipeline->Illuminate\\Pipeline\\{closure}(Object(Illuminate\\Http\\Request))
#26 D:\\Backup Data Kristopel\\Kuliah ITdel\\Semester 6\\PA III\\Project\\git\\PA-III-02-2020\\vendor\\laravel\\framework\\src\\Illuminate\\Cookie\\Middleware\\EncryptCookies.php(66): Illuminate\\Routing\\Pipeline->Illuminate\\Routing\\{closure}(Object(Illuminate\\Http\\Request))
#27 D:\\Backup Data Kristopel\\Kuliah ITdel\\Semester 6\\PA III\\Project\\git\\PA-III-02-2020\\vendor\\laravel\\framework\\src\\Illuminate\\Pipeline\\Pipeline.php(163): Illuminate\\Cookie\\Middleware\\EncryptCookies->handle(Object(Illuminate\\Http\\Request), Object(Closure))
#28 D:\\Backup Data Kristopel\\Kuliah ITdel\\Semester 6\\PA III\\Project\\git\\PA-III-02-2020\\vendor\\laravel\\framework\\src\\Illuminate\\Routing\\Pipeline.php(53): Illuminate\\Pipeline\\Pipeline->Illuminate\\Pipeline\\{closure}(Object(Illuminate\\Http\\Request))
#29 D:\\Backup Data Kristopel\\Kuliah ITdel\\Semester 6\\PA III\\Project\\git\\PA-III-02-2020\\vendor\\laravel\\framework\\src\\Illuminate\\Pipeline\\Pipeline.php(104): Illuminate\\Routing\\Pipeline->Illuminate\\Routing\\{closure}(Object(Illuminate\\Http\\Request))
#30 D:\\Backup Data Kristopel\\Kuliah ITdel\\Semester 6\\PA III\\Project\\git\\PA-III-02-2020\\vendor\\laravel\\framework\\src\\Illuminate\\Routing\\Router.php(682): Illuminate\\Pipeline\\Pipeline->then(Object(Closure))
#31 D:\\Backup Data Kristopel\\Kuliah ITdel\\Semester 6\\PA III\\Project\\git\\PA-III-02-2020\\vendor\\laravel\\framework\\src\\Illuminate\\Routing\\Router.php(657): Illuminate\\Routing\\Router->runRouteWithinStack(Object(Illuminate\\Routing\\Route), Object(Illuminate\\Http\\Request))
#32 D:\\Backup Data Kristopel\\Kuliah ITdel\\Semester 6\\PA III\\Project\\git\\PA-III-02-2020\\vendor\\laravel\\framework\\src\\Illuminate\\Routing\\Router.php(623): Illuminate\\Routing\\Router->runRoute(Object(Illuminate\\Http\\Request), Object(Illuminate\\Routing\\Route))
#33 D:\\Backup Data Kristopel\\Kuliah ITdel\\Semester 6\\PA III\\Project\\git\\PA-III-02-2020\\vendor\\laravel\\framework\\src\\Illuminate\\Routing\\Router.php(612): Illuminate\\Routing\\Router->dispatchToRoute(Object(Illuminate\\Http\\Request))
#34 D:\\Backup Data Kristopel\\Kuliah ITdel\\Semester 6\\PA III\\Project\\git\\PA-III-02-2020\\vendor\\laravel\\framework\\src\\Illuminate\\Foundation\\Http\\Kernel.php(176): Illuminate\\Routing\\Router->dispatch(Object(Illuminate\\Http\\Request))
#35 D:\\Backup Data Kristopel\\Kuliah ITdel\\Semester 6\\PA III\\Project\\git\\PA-III-02-2020\\vendor\\laravel\\framework\\src\\Illuminate\\Routing\\Pipeline.php(30): Illuminate\\Foundation\\Http\\Kernel->Illuminate\\Foundation\\Http\\{closure}(Object(Illuminate\\Http\\Request))
#36 D:\\Backup Data Kristopel\\Kuliah ITdel\\Semester 6\\PA III\\Project\\git\\PA-III-02-2020\\vendor\\fideloper\\proxy\\src\\TrustProxies.php(57): Illuminate\\Routing\\Pipeline->Illuminate\\Routing\\{closure}(Object(Illuminate\\Http\\Request))
#37 D:\\Backup Data Kristopel\\Kuliah ITdel\\Semester 6\\PA III\\Project\\git\\PA-III-02-2020\\vendor\\laravel\\framework\\src\\Illuminate\\Pipeline\\Pipeline.php(163): Fideloper\\Proxy\\TrustProxies->handle(Object(Illuminate\\Http\\Request), Object(Closure))
#38 D:\\Backup Data Kristopel\\Kuliah ITdel\\Semester 6\\PA III\\Project\\git\\PA-III-02-2020\\vendor\\laravel\\framework\\src\\Illuminate\\Routing\\Pipeline.php(53): Illuminate\\Pipeline\\Pipeline->Illuminate\\Pipeline\\{closure}(Object(Illuminate\\Http\\Request))
#39 D:\\Backup Data Kristopel\\Kuliah ITdel\\Semester 6\\PA III\\Project\\git\\PA-III-02-2020\\vendor\\laravel\\framework\\src\\Illuminate\\Foundation\\Http\\Middleware\\TransformsRequest.php(21): Illuminate\\Routing\\Pipeline->Illuminate\\Routing\\{closure}(Object(Illuminate\\Http\\Request))
#40 D:\\Backup Data Kristopel\\Kuliah ITdel\\Semester 6\\PA III\\Project\\git\\PA-III-02-2020\\vendor\\laravel\\framework\\src\\Illuminate\\Pipeline\\Pipeline.php(163): Illuminate\\Foundation\\Http\\Middleware\\TransformsRequest->handle(Object(Illuminate\\Http\\Request), Object(Closure))
#41 D:\\Backup Data Kristopel\\Kuliah ITdel\\Semester 6\\PA III\\Project\\git\\PA-III-02-2020\\vendor\\laravel\\framework\\src\\Illuminate\\Routing\\Pipeline.php(53): Illuminate\\Pipeline\\Pipeline->Illuminate\\Pipeline\\{closure}(Object(Illuminate\\Http\\Request))
#42 D:\\Backup Data Kristopel\\Kuliah ITdel\\Semester 6\\PA III\\Project\\git\\PA-III-02-2020\\vendor\\laravel\\framework\\src\\Illuminate\\Foundation\\Http\\Middleware\\TransformsRequest.php(21): Illuminate\\Routing\\Pipeline->Illuminate\\Routing\\{closure}(Object(Illuminate\\Http\\Request))
#43 D:\\Backup Data Kristopel\\Kuliah ITdel\\Semester 6\\PA III\\Project\\git\\PA-III-02-2020\\vendor\\laravel\\framework\\src\\Illuminate\\Pipeline\\Pipeline.php(163): Illuminate\\Foundation\\Http\\Middleware\\TransformsRequest->handle(Object(Illuminate\\Http\\Request), Object(Closure))
#44 D:\\Backup Data Kristopel\\Kuliah ITdel\\Semester 6\\PA III\\Project\\git\\PA-III-02-2020\\vendor\\laravel\\framework\\src\\Illuminate\\Routing\\Pipeline.php(53): Illuminate\\Pipeline\\Pipeline->Illuminate\\Pipeline\\{closure}(Object(Illuminate\\Http\\Request))
#45 D:\\Backup Data Kristopel\\Kuliah ITdel\\Semester 6\\PA III\\Project\\git\\PA-III-02-2020\\vendor\\laravel\\framework\\src\\Illuminate\\Foundation\\Http\\Middleware\\ValidatePostSize.php(27): Illuminate\\Routing\\Pipeline->Illuminate\\Routing\\{closure}(Object(Illuminate\\Http\\Request))
#46 D:\\Backup Data Kristopel\\Kuliah ITdel\\Semester 6\\PA III\\Project\\git\\PA-III-02-2020\\vendor\\laravel\\framework\\src\\Illuminate\\Pipeline\\Pipeline.php(163): Illuminate\\Foundation\\Http\\Middleware\\ValidatePostSize->handle(Object(Illuminate\\Http\\Request), Object(Closure))
#47 D:\\Backup Data Kristopel\\Kuliah ITdel\\Semester 6\\PA III\\Project\\git\\PA-III-02-2020\\vendor\\laravel\\framework\\src\\Illuminate\\Routing\\Pipeline.php(53): Illuminate\\Pipeline\\Pipeline->Illuminate\\Pipeline\\{closure}(Object(Illuminate\\Http\\Request))
#48 D:\\Backup Data Kristopel\\Kuliah ITdel\\Semester 6\\PA III\\Project\\git\\PA-III-02-2020\\vendor\\laravel\\framework\\src\\Illuminate\\Foundation\\Http\\Middleware\\CheckForMaintenanceMode.php(62): Illuminate\\Routing\\Pipeline->Illuminate\\Routing\\{closure}(Object(Illuminate\\Http\\Request))
#49 D:\\Backup Data Kristopel\\Kuliah ITdel\\Semester 6\\PA III\\Project\\git\\PA-III-02-2020\\vendor\\laravel\\framework\\src\\Illuminate\\Pipeline\\Pipeline.php(163): Illuminate\\Foundation\\Http\\Middleware\\CheckForMaintenanceMode->handle(Object(Illuminate\\Http\\Request), Object(Closure))
#50 D:\\Backup Data Kristopel\\Kuliah ITdel\\Semester 6\\PA III\\Project\\git\\PA-III-02-2020\\vendor\\laravel\\framework\\src\\Illuminate\\Routing\\Pipeline.php(53): Illuminate\\Pipeline\\Pipeline->Illuminate\\Pipeline\\{closure}(Object(Illuminate\\Http\\Request))
#51 D:\\Backup Data Kristopel\\Kuliah ITdel\\Semester 6\\PA III\\Project\\git\\PA-III-02-2020\\vendor\\laravel\\framework\\src\\Illuminate\\Pipeline\\Pipeline.php(104): Illuminate\\Routing\\Pipeline->Illuminate\\Routing\\{closure}(Object(Illuminate\\Http\\Request))
#52 D:\\Backup Data Kristopel\\Kuliah ITdel\\Semester 6\\PA III\\Project\\git\\PA-III-02-2020\\vendor\\laravel\\framework\\src\\Illuminate\\Foundation\\Http\\Kernel.php(151): Illuminate\\Pipeline\\Pipeline->then(Object(Closure))
#53 D:\\Backup Data Kristopel\\Kuliah ITdel\\Semester 6\\PA III\\Project\\git\\PA-III-02-2020\\vendor\\laravel\\framework\\src\\Illuminate\\Foundation\\Http\\Kernel.php(116): Illuminate\\Foundation\\Http\\Kernel->sendRequestThroughRouter(Object(Illuminate\\Http\\Request))
#54 D:\\Backup Data Kristopel\\Kuliah ITdel\\Semester 6\\PA III\\Project\\git\\PA-III-02-2020\\public\\index.php(55): Illuminate\\Foundation\\Http\\Kernel->handle(Object(Illuminate\\Http\\Request))
#55 D:\\Backup Data Kristopel\\Kuliah ITdel\\Semester 6\\PA III\\Project\\git\\PA-III-02-2020\\server.php(21): require_once('D:\\\\Backup Data ...')
#56 {main}
"} 
[2020-05-22 12:22:32] local.ERROR: syntax error, unexpected '++' (T_INC) (View: D:\Backup Data Kristopel\Kuliah ITdel\Semester 6\PA III\Project\git\PA-III-02-2020\resources\views\anggotacbt\komunitas\komunitas.blade.php) {"exception":"[object] (ErrorException(code: 0): syntax error, unexpected '++' (T_INC) (View: D:\\Backup Data Kristopel\\Kuliah ITdel\\Semester 6\\PA III\\Project\\git\\PA-III-02-2020\esources\\views\\anggotacbt\\komunitas\\komunitas.blade.php) at D:\\Backup Data Kristopel\\Kuliah ITdel\\Semester 6\\PA III\\Project\\git\\PA-III-02-2020\\storage\\framework\\views\\ada8611a7a20edc1b132bd577b1a5ad96527f236.php:60, Symfony\\Component\\Debug\\Exception\\FatalThrowableError(code: 0): syntax error, unexpected '++' (T_INC) at D:\\Backup Data Kristopel\\Kuliah ITdel\\Semester 6\\PA III\\Project\\git\\PA-III-02-2020\\storage\\framework\\views\\ada8611a7a20edc1b132bd577b1a5ad96527f236.php:60)
[stacktrace]
#0 D:\\Backup Data Kristopel\\Kuliah ITdel\\Semester 6\\PA III\\Project\\git\\PA-III-02-2020\\vendor\\laravel\\framework\\src\\Illuminate\\View\\Engines\\PhpEngine.php(47): Illuminate\\View\\Engines\\CompilerEngine->handleViewException(Object(Symfony\\Component\\Debug\\Exception\\FatalThrowableError), 1)
#1 D:\\Backup Data Kristopel\\Kuliah ITdel\\Semester 6\\PA III\\Project\\git\\PA-III-02-2020\\vendor\\laravel\\framework\\src\\Illuminate\\View\\Engines\\CompilerEngine.php(59): Illuminate\\View\\Engines\\PhpEngine->evaluatePath('D:\\\\Backup Data ...', Array)
#2 D:\\Backup Data Kristopel\\Kuliah ITdel\\Semester 6\\PA III\\Project\\git\\PA-III-02-2020\\vendor\\laravel\\framework\\src\\Illuminate\\View\\View.php(142): Illuminate\\View\\Engines\\CompilerEngine->get('D:\\\\Backup Data ...', Array)
#3 D:\\Backup Data Kristopel\\Kuliah ITdel\\Semester 6\\PA III\\Project\\git\\PA-III-02-2020\\vendor\\laravel\\framework\\src\\Illuminate\\View\\View.php(125): Illuminate\\View\\View->getContents()
#4 D:\\Backup Data Kristopel\\Kuliah ITdel\\Semester 6\\PA III\\Project\\git\\PA-III-02-2020\\vendor\\laravel\\framework\\src\\Illuminate\\View\\View.php(90): Illuminate\\View\\View->renderContents()
#5 D:\\Backup Data Kristopel\\Kuliah ITdel\\Semester 6\\PA III\\Project\\git\\PA-III-02-2020\\vendor\\laravel\\framework\\src\\Illuminate\\Http\\Response.php(42): Illuminate\\View\\View->render()
#6 D:\\Backup Data Kristopel\\Kuliah ITdel\\Semester 6\\PA III\\Project\\git\\PA-III-02-2020\\vendor\\symfony\\http-foundation\\Response.php(205): Illuminate\\Http\\Response->setContent(Object(Illuminate\\View\\View))
#7 D:\\Backup Data Kristopel\\Kuliah ITdel\\Semester 6\\PA III\\Project\\git\\PA-III-02-2020\\vendor\\laravel\\framework\\src\\Illuminate\\Routing\\Router.php(748): Symfony\\Component\\HttpFoundation\\Response->__construct(Object(Illuminate\\View\\View))
#8 D:\\Backup Data Kristopel\\Kuliah ITdel\\Semester 6\\PA III\\Project\\git\\PA-III-02-2020\\vendor\\laravel\\framework\\src\\Illuminate\\Routing\\Router.php(720): Illuminate\\Routing\\Router::toResponse(Object(Illuminate\\Http\\Request), Object(Illuminate\\View\\View))
#9 D:\\Backup Data Kristopel\\Kuliah ITdel\\Semester 6\\PA III\\Project\\git\\PA-III-02-2020\\vendor\\laravel\\framework\\src\\Illuminate\\Routing\\Router.php(680): Illuminate\\Routing\\Router->prepareResponse(Object(Illuminate\\Http\\Request), Object(Illuminate\\View\\View))
#10 D:\\Backup Data Kristopel\\Kuliah ITdel\\Semester 6\\PA III\\Project\\git\\PA-III-02-2020\\vendor\\laravel\\framework\\src\\Illuminate\\Routing\\Pipeline.php(30): Illuminate\\Routing\\Router->Illuminate\\Routing\\{closure}(Object(Illuminate\\Http\\Request))
#11 D:\\Backup Data Kristopel\\Kuliah ITdel\\Semester 6\\PA III\\Project\\git\\PA-III-02-2020\\vendor\\laravel\\framework\\src\\Illuminate\\Routing\\Middleware\\SubstituteBindings.php(41): Illuminate\\Routing\\Pipeline->Illuminate\\Routing\\{closure}(Object(Illuminate\\Http\\Request))
#12 D:\\Backup Data Kristopel\\Kuliah ITdel\\Semester 6\\PA III\\Project\\git\\PA-III-02-2020\\vendor\\laravel\\framework\\src\\Illuminate\\Pipeline\\Pipeline.php(163): Illuminate\\Routing\\Middleware\\SubstituteBindings->handle(Object(Illuminate\\Http\\Request), Object(Closure))
#13 D:\\Backup Data Kristopel\\Kuliah ITdel\\Semester 6\\PA III\\Project\\git\\PA-III-02-2020\\vendor\\laravel\\framework\\src\\Illuminate\\Routing\\Pipeline.php(53): Illuminate\\Pipeline\\Pipeline->Illuminate\\Pipeline\\{closure}(Object(Illuminate\\Http\\Request))
#14 D:\\Backup Data Kristopel\\Kuliah ITdel\\Semester 6\\PA III\\Project\\git\\PA-III-02-2020\\vendor\\laravel\\framework\\src\\Illuminate\\Foundation\\Http\\Middleware\\VerifyCsrfToken.php(75): Illuminate\\Routing\\Pipeline->Illuminate\\Routing\\{closure}(Object(Illuminate\\Http\\Request))
#15 D:\\Backup Data Kristopel\\Kuliah ITdel\\Semester 6\\PA III\\Project\\git\\PA-III-02-2020\\vendor\\laravel\\framework\\src\\Illuminate\\Pipeline\\Pipeline.php(163): Illuminate\\Foundation\\Http\\Middleware\\VerifyCsrfToken->handle(Object(Illuminate\\Http\\Request), Object(Closure))
#16 D:\\Backup Data Kristopel\\Kuliah ITdel\\Semester 6\\PA III\\Project\\git\\PA-III-02-2020\\vendor\\laravel\\framework\\src\\Illuminate\\Routing\\Pipeline.php(53): Illuminate\\Pipeline\\Pipeline->Illuminate\\Pipeline\\{closure}(Object(Illuminate\\Http\\Request))
#17 D:\\Backup Data Kristopel\\Kuliah ITdel\\Semester 6\\PA III\\Project\\git\\PA-III-02-2020\\vendor\\laravel\\framework\\src\\Illuminate\\View\\Middleware\\ShareErrorsFromSession.php(49): Illuminate\\Routing\\Pipeline->Illuminate\\Routing\\{closure}(Object(Illuminate\\Http\\Request))
#18 D:\\Backup Data Kristopel\\Kuliah ITdel\\Semester 6\\PA III\\Project\\git\\PA-III-02-2020\\vendor\\laravel\\framework\\src\\Illuminate\\Pipeline\\Pipeline.php(163): Illuminate\\View\\Middleware\\ShareErrorsFromSession->handle(Object(Illuminate\\Http\\Request), Object(Closure))
#19 D:\\Backup Data Kristopel\\Kuliah ITdel\\Semester 6\\PA III\\Project\\git\\PA-III-02-2020\\vendor\\laravel\\framework\\src\\Illuminate\\Routing\\Pipeline.php(53): Illuminate\\Pipeline\\Pipeline->Illuminate\\Pipeline\\{closure}(Object(Illuminate\\Http\\Request))
#20 D:\\Backup Data Kristopel\\Kuliah ITdel\\Semester 6\\PA III\\Project\\git\\PA-III-02-2020\\vendor\\laravel\\framework\\src\\Illuminate\\Session\\Middleware\\StartSession.php(56): Illuminate\\Routing\\Pipeline->Illuminate\\Routing\\{closure}(Object(Illuminate\\Http\\Request))
#21 D:\\Backup Data Kristopel\\Kuliah ITdel\\Semester 6\\PA III\\Project\\git\\PA-III-02-2020\\vendor\\laravel\\framework\\src\\Illuminate\\Pipeline\\Pipeline.php(163): Illuminate\\Session\\Middleware\\StartSession->handle(Object(Illuminate\\Http\\Request), Object(Closure))
#22 D:\\Backup Data Kristopel\\Kuliah ITdel\\Semester 6\\PA III\\Project\\git\\PA-III-02-2020\\vendor\\laravel\\framework\\src\\Illuminate\\Routing\\Pipeline.php(53): Illuminate\\Pipeline\\Pipeline->Illuminate\\Pipeline\\{closure}(Object(Illuminate\\Http\\Request))
#23 D:\\Backup Data Kristopel\\Kuliah ITdel\\Semester 6\\PA III\\Project\\git\\PA-III-02-2020\\vendor\\laravel\\framework\\src\\Illuminate\\Cookie\\Middleware\\AddQueuedCookiesToResponse.php(37): Illuminate\\Routing\\Pipeline->Illuminate\\Routing\\{closure}(Object(Illuminate\\Http\\Request))
#24 D:\\Backup Data Kristopel\\Kuliah ITdel\\Semester 6\\PA III\\Project\\git\\PA-III-02-2020\\vendor\\laravel\\framework\\src\\Illuminate\\Pipeline\\Pipeline.php(163): Illuminate\\Cookie\\Middleware\\AddQueuedCookiesToResponse->handle(Object(Illuminate\\Http\\Request), Object(Closure))
#25 D:\\Backup Data Kristopel\\Kuliah ITdel\\Semester 6\\PA III\\Project\\git\\PA-III-02-2020\\vendor\\laravel\\framework\\src\\Illuminate\\Routing\\Pipeline.php(53): Illuminate\\Pipeline\\Pipeline->Illuminate\\Pipeline\\{closure}(Object(Illuminate\\Http\\Request))
#26 D:\\Backup Data Kristopel\\Kuliah ITdel\\Semester 6\\PA III\\Project\\git\\PA-III-02-2020\\vendor\\laravel\\framework\\src\\Illuminate\\Cookie\\Middleware\\EncryptCookies.php(66): Illuminate\\Routing\\Pipeline->Illuminate\\Routing\\{closure}(Object(Illuminate\\Http\\Request))
#27 D:\\Backup Data Kristopel\\Kuliah ITdel\\Semester 6\\PA III\\Project\\git\\PA-III-02-2020\\vendor\\laravel\\framework\\src\\Illuminate\\Pipeline\\Pipeline.php(163): Illuminate\\Cookie\\Middleware\\EncryptCookies->handle(Object(Illuminate\\Http\\Request), Object(Closure))
#28 D:\\Backup Data Kristopel\\Kuliah ITdel\\Semester 6\\PA III\\Project\\git\\PA-III-02-2020\\vendor\\laravel\\framework\\src\\Illuminate\\Routing\\Pipeline.php(53): Illuminate\\Pipeline\\Pipeline->Illuminate\\Pipeline\\{closure}(Object(Illuminate\\Http\\Request))
#29 D:\\Backup Data Kristopel\\Kuliah ITdel\\Semester 6\\PA III\\Project\\git\\PA-III-02-2020\\vendor\\laravel\\framework\\src\\Illuminate\\Pipeline\\Pipeline.php(104): Illuminate\\Routing\\Pipeline->Illuminate\\Routing\\{closure}(Object(Illuminate\\Http\\Request))
#30 D:\\Backup Data Kristopel\\Kuliah ITdel\\Semester 6\\PA III\\Project\\git\\PA-III-02-2020\\vendor\\laravel\\framework\\src\\Illuminate\\Routing\\Router.php(682): Illuminate\\Pipeline\\Pipeline->then(Object(Closure))
#31 D:\\Backup Data Kristopel\\Kuliah ITdel\\Semester 6\\PA III\\Project\\git\\PA-III-02-2020\\vendor\\laravel\\framework\\src\\Illuminate\\Routing\\Router.php(657): Illuminate\\Routing\\Router->runRouteWithinStack(Object(Illuminate\\Routing\\Route), Object(Illuminate\\Http\\Request))
#32 D:\\Backup Data Kristopel\\Kuliah ITdel\\Semester 6\\PA III\\Project\\git\\PA-III-02-2020\\vendor\\laravel\\framework\\src\\Illuminate\\Routing\\Router.php(623): Illuminate\\Routing\\Router->runRoute(Object(Illuminate\\Http\\Request), Object(Illuminate\\Routing\\Route))
#33 D:\\Backup Data Kristopel\\Kuliah ITdel\\Semester 6\\PA III\\Project\\git\\PA-III-02-2020\\vendor\\laravel\\framework\\src\\Illuminate\\Routing\\Router.php(612): Illuminate\\Routing\\Router->dispatchToRoute(Object(Illuminate\\Http\\Request))
#34 D:\\Backup Data Kristopel\\Kuliah ITdel\\Semester 6\\PA III\\Project\\git\\PA-III-02-2020\\vendor\\laravel\\framework\\src\\Illuminate\\Foundation\\Http\\Kernel.php(176): Illuminate\\Routing\\Router->dispatch(Object(Illuminate\\Http\\Request))
#35 D:\\Backup Data Kristopel\\Kuliah ITdel\\Semester 6\\PA III\\Project\\git\\PA-III-02-2020\\vendor\\laravel\\framework\\src\\Illuminate\\Routing\\Pipeline.php(30): Illuminate\\Foundation\\Http\\Kernel->Illuminate\\Foundation\\Http\\{closure}(Object(Illuminate\\Http\\Request))
#36 D:\\Backup Data Kristopel\\Kuliah ITdel\\Semester 6\\PA III\\Project\\git\\PA-III-02-2020\\vendor\\fideloper\\proxy\\src\\TrustProxies.php(57): Illuminate\\Routing\\Pipeline->Illuminate\\Routing\\{closure}(Object(Illuminate\\Http\\Request))
#37 D:\\Backup Data Kristopel\\Kuliah ITdel\\Semester 6\\PA III\\Project\\git\\PA-III-02-2020\\vendor\\laravel\\framework\\src\\Illuminate\\Pipeline\\Pipeline.php(163): Fideloper\\Proxy\\TrustProxies->handle(Object(Illuminate\\Http\\Request), Object(Closure))
#38 D:\\Backup Data Kristopel\\Kuliah ITdel\\Semester 6\\PA III\\Project\\git\\PA-III-02-2020\\vendor\\laravel\\framework\\src\\Illuminate\\Routing\\Pipeline.php(53): Illuminate\\Pipeline\\Pipeline->Illuminate\\Pipeline\\{closure}(Object(Illuminate\\Http\\Request))
#39 D:\\Backup Data Kristopel\\Kuliah ITdel\\Semester 6\\PA III\\Project\\git\\PA-III-02-2020\\vendor\\laravel\\framework\\src\\Illuminate\\Foundation\\Http\\Middleware\\TransformsRequest.php(21): Illuminate\\Routing\\Pipeline->Illuminate\\Routing\\{closure}(Object(Illuminate\\Http\\Request))
#40 D:\\Backup Data Kristopel\\Kuliah ITdel\\Semester 6\\PA III\\Project\\git\\PA-III-02-2020\\vendor\\laravel\\framework\\src\\Illuminate\\Pipeline\\Pipeline.php(163): Illuminate\\Foundation\\Http\\Middleware\\TransformsRequest->handle(Object(Illuminate\\Http\\Request), Object(Closure))
#41 D:\\Backup Data Kristopel\\Kuliah ITdel\\Semester 6\\PA III\\Project\\git\\PA-III-02-2020\\vendor\\laravel\\framework\\src\\Illuminate\\Routing\\Pipeline.php(53): Illuminate\\Pipeline\\Pipeline->Illuminate\\Pipeline\\{closure}(Object(Illuminate\\Http\\Request))
#42 D:\\Backup Data Kristopel\\Kuliah ITdel\\Semester 6\\PA III\\Project\\git\\PA-III-02-2020\\vendor\\laravel\\framework\\src\\Illuminate\\Foundation\\Http\\Middleware\\TransformsRequest.php(21): Illuminate\\Routing\\Pipeline->Illuminate\\Routing\\{closure}(Object(Illuminate\\Http\\Request))
#43 D:\\Backup Data Kristopel\\Kuliah ITdel\\Semester 6\\PA III\\Project\\git\\PA-III-02-2020\\vendor\\laravel\\framework\\src\\Illuminate\\Pipeline\\Pipeline.php(163): Illuminate\\Foundation\\Http\\Middleware\\TransformsRequest->handle(Object(Illuminate\\Http\\Request), Object(Closure))
#44 D:\\Backup Data Kristopel\\Kuliah ITdel\\Semester 6\\PA III\\Project\\git\\PA-III-02-2020\\vendor\\laravel\\framework\\src\\Illuminate\\Routing\\Pipeline.php(53): Illuminate\\Pipeline\\Pipeline->Illuminate\\Pipeline\\{closure}(Object(Illuminate\\Http\\Request))
#45 D:\\Backup Data Kristopel\\Kuliah ITdel\\Semester 6\\PA III\\Project\\git\\PA-III-02-2020\\vendor\\laravel\\framework\\src\\Illuminate\\Foundation\\Http\\Middleware\\ValidatePostSize.php(27): Illuminate\\Routing\\Pipeline->Illuminate\\Routing\\{closure}(Object(Illuminate\\Http\\Request))
#46 D:\\Backup Data Kristopel\\Kuliah ITdel\\Semester 6\\PA III\\Project\\git\\PA-III-02-2020\\vendor\\laravel\\framework\\src\\Illuminate\\Pipeline\\Pipeline.php(163): Illuminate\\Foundation\\Http\\Middleware\\ValidatePostSize->handle(Object(Illuminate\\Http\\Request), Object(Closure))
#47 D:\\Backup Data Kristopel\\Kuliah ITdel\\Semester 6\\PA III\\Project\\git\\PA-III-02-2020\\vendor\\laravel\\framework\\src\\Illuminate\\Routing\\Pipeline.php(53): Illuminate\\Pipeline\\Pipeline->Illuminate\\Pipeline\\{closure}(Object(Illuminate\\Http\\Request))
#48 D:\\Backup Data Kristopel\\Kuliah ITdel\\Semester 6\\PA III\\Project\\git\\PA-III-02-2020\\vendor\\laravel\\framework\\src\\Illuminate\\Foundation\\Http\\Middleware\\CheckForMaintenanceMode.php(62): Illuminate\\Routing\\Pipeline->Illuminate\\Routing\\{closure}(Object(Illuminate\\Http\\Request))
#49 D:\\Backup Data Kristopel\\Kuliah ITdel\\Semester 6\\PA III\\Project\\git\\PA-III-02-2020\\vendor\\laravel\\framework\\src\\Illuminate\\Pipeline\\Pipeline.php(163): Illuminate\\Foundation\\Http\\Middleware\\CheckForMaintenanceMode->handle(Object(Illuminate\\Http\\Request), Object(Closure))
#50 D:\\Backup Data Kristopel\\Kuliah ITdel\\Semester 6\\PA III\\Project\\git\\PA-III-02-2020\\vendor\\laravel\\framework\\src\\Illuminate\\Routing\\Pipeline.php(53): Illuminate\\Pipeline\\Pipeline->Illuminate\\Pipeline\\{closure}(Object(Illuminate\\Http\\Request))
#51 D:\\Backup Data Kristopel\\Kuliah ITdel\\Semester 6\\PA III\\Project\\git\\PA-III-02-2020\\vendor\\laravel\\framework\\src\\Illuminate\\Pipeline\\Pipeline.php(104): Illuminate\\Routing\\Pipeline->Illuminate\\Routing\\{closure}(Object(Illuminate\\Http\\Request))
#52 D:\\Backup Data Kristopel\\Kuliah ITdel\\Semester 6\\PA III\\Project\\git\\PA-III-02-2020\\vendor\\laravel\\framework\\src\\Illuminate\\Foundation\\Http\\Kernel.php(151): Illuminate\\Pipeline\\Pipeline->then(Object(Closure))
#53 D:\\Backup Data Kristopel\\Kuliah ITdel\\Semester 6\\PA III\\Project\\git\\PA-III-02-2020\\vendor\\laravel\\framework\\src\\Illuminate\\Foundation\\Http\\Kernel.php(116): Illuminate\\Foundation\\Http\\Kernel->sendRequestThroughRouter(Object(Illuminate\\Http\\Request))
#54 D:\\Backup Data Kristopel\\Kuliah ITdel\\Semester 6\\PA III\\Project\\git\\PA-III-02-2020\\public\\index.php(55): Illuminate\\Foundation\\Http\\Kernel->handle(Object(Illuminate\\Http\\Request))
#55 D:\\Backup Data Kristopel\\Kuliah ITdel\\Semester 6\\PA III\\Project\\git\\PA-III-02-2020\\server.php(21): require_once('D:\\\\Backup Data ...')
#56 {main}
"} 
[2020-05-22 12:24:37] local.ERROR: Undefined variable: a (View: D:\Backup Data Kristopel\Kuliah ITdel\Semester 6\PA III\Project\git\PA-III-02-2020\resources\views\anggotacbt\komunitas\komunitas.blade.php) {"exception":"[object] (ErrorException(code: 0): Undefined variable: a (View: D:\\Backup Data Kristopel\\Kuliah ITdel\\Semester 6\\PA III\\Project\\git\\PA-III-02-2020\esources\\views\\anggotacbt\\komunitas\\komunitas.blade.php) at D:\\Backup Data Kristopel\\Kuliah ITdel\\Semester 6\\PA III\\Project\\git\\PA-III-02-2020\\storage\\framework\\views\\ada8611a7a20edc1b132bd577b1a5ad96527f236.php:38, ErrorException(code: 0): Undefined variable: a at D:\\Backup Data Kristopel\\Kuliah ITdel\\Semester 6\\PA III\\Project\\git\\PA-III-02-2020\\storage\\framework\\views\\ada8611a7a20edc1b132bd577b1a5ad96527f236.php:38)
[stacktrace]
#0 D:\\Backup Data Kristopel\\Kuliah ITdel\\Semester 6\\PA III\\Project\\git\\PA-III-02-2020\\vendor\\laravel\\framework\\src\\Illuminate\\View\\Engines\\PhpEngine.php(45): Illuminate\\View\\Engines\\CompilerEngine->handleViewException(Object(ErrorException), 1)
#1 D:\\Backup Data Kristopel\\Kuliah ITdel\\Semester 6\\PA III\\Project\\git\\PA-III-02-2020\\vendor\\laravel\\framework\\src\\Illuminate\\View\\Engines\\CompilerEngine.php(59): Illuminate\\View\\Engines\\PhpEngine->evaluatePath('D:\\\\Backup Data ...', Array)
#2 D:\\Backup Data Kristopel\\Kuliah ITdel\\Semester 6\\PA III\\Project\\git\\PA-III-02-2020\\vendor\\laravel\\framework\\src\\Illuminate\\View\\View.php(142): Illuminate\\View\\Engines\\CompilerEngine->get('D:\\\\Backup Data ...', Array)
#3 D:\\Backup Data Kristopel\\Kuliah ITdel\\Semester 6\\PA III\\Project\\git\\PA-III-02-2020\\vendor\\laravel\\framework\\src\\Illuminate\\View\\View.php(125): Illuminate\\View\\View->getContents()
#4 D:\\Backup Data Kristopel\\Kuliah ITdel\\Semester 6\\PA III\\Project\\git\\PA-III-02-2020\\vendor\\laravel\\framework\\src\\Illuminate\\View\\View.php(90): Illuminate\\View\\View->renderContents()
#5 D:\\Backup Data Kristopel\\Kuliah ITdel\\Semester 6\\PA III\\Project\\git\\PA-III-02-2020\\vendor\\laravel\\framework\\src\\Illuminate\\Http\\Response.php(42): Illuminate\\View\\View->render()
#6 D:\\Backup Data Kristopel\\Kuliah ITdel\\Semester 6\\PA III\\Project\\git\\PA-III-02-2020\\vendor\\symfony\\http-foundation\\Response.php(205): Illuminate\\Http\\Response->setContent(Object(Illuminate\\View\\View))
#7 D:\\Backup Data Kristopel\\Kuliah ITdel\\Semester 6\\PA III\\Project\\git\\PA-III-02-2020\\vendor\\laravel\\framework\\src\\Illuminate\\Routing\\Router.php(748): Symfony\\Component\\HttpFoundation\\Response->__construct(Object(Illuminate\\View\\View))
#8 D:\\Backup Data Kristopel\\Kuliah ITdel\\Semester 6\\PA III\\Project\\git\\PA-III-02-2020\\vendor\\laravel\\framework\\src\\Illuminate\\Routing\\Router.php(720): Illuminate\\Routing\\Router::toResponse(Object(Illuminate\\Http\\Request), Object(Illuminate\\View\\View))
#9 D:\\Backup Data Kristopel\\Kuliah ITdel\\Semester 6\\PA III\\Project\\git\\PA-III-02-2020\\vendor\\laravel\\framework\\src\\Illuminate\\Routing\\Router.php(680): Illuminate\\Routing\\Router->prepareResponse(Object(Illuminate\\Http\\Request), Object(Illuminate\\View\\View))
#10 D:\\Backup Data Kristopel\\Kuliah ITdel\\Semester 6\\PA III\\Project\\git\\PA-III-02-2020\\vendor\\laravel\\framework\\src\\Illuminate\\Routing\\Pipeline.php(30): Illuminate\\Routing\\Router->Illuminate\\Routing\\{closure}(Object(Illuminate\\Http\\Request))
#11 D:\\Backup Data Kristopel\\Kuliah ITdel\\Semester 6\\PA III\\Project\\git\\PA-III-02-2020\\vendor\\laravel\\framework\\src\\Illuminate\\Routing\\Middleware\\SubstituteBindings.php(41): Illuminate\\Routing\\Pipeline->Illuminate\\Routing\\{closure}(Object(Illuminate\\Http\\Request))
#12 D:\\Backup Data Kristopel\\Kuliah ITdel\\Semester 6\\PA III\\Project\\git\\PA-III-02-2020\\vendor\\laravel\\framework\\src\\Illuminate\\Pipeline\\Pipeline.php(163): Illuminate\\Routing\\Middleware\\SubstituteBindings->handle(Object(Illuminate\\Http\\Request), Object(Closure))
#13 D:\\Backup Data Kristopel\\Kuliah ITdel\\Semester 6\\PA III\\Project\\git\\PA-III-02-2020\\vendor\\laravel\\framework\\src\\Illuminate\\Routing\\Pipeline.php(53): Illuminate\\Pipeline\\Pipeline->Illuminate\\Pipeline\\{closure}(Object(Illuminate\\Http\\Request))
#14 D:\\Backup Data Kristopel\\Kuliah ITdel\\Semester 6\\PA III\\Project\\git\\PA-III-02-2020\\vendor\\laravel\\framework\\src\\Illuminate\\Foundation\\Http\\Middleware\\VerifyCsrfToken.php(75): Illuminate\\Routing\\Pipeline->Illuminate\\Routing\\{closure}(Object(Illuminate\\Http\\Request))
#15 D:\\Backup Data Kristopel\\Kuliah ITdel\\Semester 6\\PA III\\Project\\git\\PA-III-02-2020\\vendor\\laravel\\framework\\src\\Illuminate\\Pipeline\\Pipeline.php(163): Illuminate\\Foundation\\Http\\Middleware\\VerifyCsrfToken->handle(Object(Illuminate\\Http\\Request), Object(Closure))
#16 D:\\Backup Data Kristopel\\Kuliah ITdel\\Semester 6\\PA III\\Project\\git\\PA-III-02-2020\\vendor\\laravel\\framework\\src\\Illuminate\\Routing\\Pipeline.php(53): Illuminate\\Pipeline\\Pipeline->Illuminate\\Pipeline\\{closure}(Object(Illuminate\\Http\\Request))
#17 D:\\Backup Data Kristopel\\Kuliah ITdel\\Semester 6\\PA III\\Project\\git\\PA-III-02-2020\\vendor\\laravel\\framework\\src\\Illuminate\\View\\Middleware\\ShareErrorsFromSession.php(49): Illuminate\\Routing\\Pipeline->Illuminate\\Routing\\{closure}(Object(Illuminate\\Http\\Request))
#18 D:\\Backup Data Kristopel\\Kuliah ITdel\\Semester 6\\PA III\\Project\\git\\PA-III-02-2020\\vendor\\laravel\\framework\\src\\Illuminate\\Pipeline\\Pipeline.php(163): Illuminate\\View\\Middleware\\ShareErrorsFromSession->handle(Object(Illuminate\\Http\\Request), Object(Closure))
#19 D:\\Backup Data Kristopel\\Kuliah ITdel\\Semester 6\\PA III\\Project\\git\\PA-III-02-2020\\vendor\\laravel\\framework\\src\\Illuminate\\Routing\\Pipeline.php(53): Illuminate\\Pipeline\\Pipeline->Illuminate\\Pipeline\\{closure}(Object(Illuminate\\Http\\Request))
#20 D:\\Backup Data Kristopel\\Kuliah ITdel\\Semester 6\\PA III\\Project\\git\\PA-III-02-2020\\vendor\\laravel\\framework\\src\\Illuminate\\Session\\Middleware\\StartSession.php(56): Illuminate\\Routing\\Pipeline->Illuminate\\Routing\\{closure}(Object(Illuminate\\Http\\Request))
#21 D:\\Backup Data Kristopel\\Kuliah ITdel\\Semester 6\\PA III\\Project\\git\\PA-III-02-2020\\vendor\\laravel\\framework\\src\\Illuminate\\Pipeline\\Pipeline.php(163): Illuminate\\Session\\Middleware\\StartSession->handle(Object(Illuminate\\Http\\Request), Object(Closure))
#22 D:\\Backup Data Kristopel\\Kuliah ITdel\\Semester 6\\PA III\\Project\\git\\PA-III-02-2020\\vendor\\laravel\\framework\\src\\Illuminate\\Routing\\Pipeline.php(53): Illuminate\\Pipeline\\Pipeline->Illuminate\\Pipeline\\{closure}(Object(Illuminate\\Http\\Request))
#23 D:\\Backup Data Kristopel\\Kuliah ITdel\\Semester 6\\PA III\\Project\\git\\PA-III-02-2020\\vendor\\laravel\\framework\\src\\Illuminate\\Cookie\\Middleware\\AddQueuedCookiesToResponse.php(37): Illuminate\\Routing\\Pipeline->Illuminate\\Routing\\{closure}(Object(Illuminate\\Http\\Request))
#24 D:\\Backup Data Kristopel\\Kuliah ITdel\\Semester 6\\PA III\\Project\\git\\PA-III-02-2020\\vendor\\laravel\\framework\\src\\Illuminate\\Pipeline\\Pipeline.php(163): Illuminate\\Cookie\\Middleware\\AddQueuedCookiesToResponse->handle(Object(Illuminate\\Http\\Request), Object(Closure))
#25 D:\\Backup Data Kristopel\\Kuliah ITdel\\Semester 6\\PA III\\Project\\git\\PA-III-02-2020\\vendor\\laravel\\framework\\src\\Illuminate\\Routing\\Pipeline.php(53): Illuminate\\Pipeline\\Pipeline->Illuminate\\Pipeline\\{closure}(Object(Illuminate\\Http\\Request))
#26 D:\\Backup Data Kristopel\\Kuliah ITdel\\Semester 6\\PA III\\Project\\git\\PA-III-02-2020\\vendor\\laravel\\framework\\src\\Illuminate\\Cookie\\Middleware\\EncryptCookies.php(66): Illuminate\\Routing\\Pipeline->Illuminate\\Routing\\{closure}(Object(Illuminate\\Http\\Request))
#27 D:\\Backup Data Kristopel\\Kuliah ITdel\\Semester 6\\PA III\\Project\\git\\PA-III-02-2020\\vendor\\laravel\\framework\\src\\Illuminate\\Pipeline\\Pipeline.php(163): Illuminate\\Cookie\\Middleware\\EncryptCookies->handle(Object(Illuminate\\Http\\Request), Object(Closure))
#28 D:\\Backup Data Kristopel\\Kuliah ITdel\\Semester 6\\PA III\\Project\\git\\PA-III-02-2020\\vendor\\laravel\\framework\\src\\Illuminate\\Routing\\Pipeline.php(53): Illuminate\\Pipeline\\Pipeline->Illuminate\\Pipeline\\{closure}(Object(Illuminate\\Http\\Request))
#29 D:\\Backup Data Kristopel\\Kuliah ITdel\\Semester 6\\PA III\\Project\\git\\PA-III-02-2020\\vendor\\laravel\\framework\\src\\Illuminate\\Pipeline\\Pipeline.php(104): Illuminate\\Routing\\Pipeline->Illuminate\\Routing\\{closure}(Object(Illuminate\\Http\\Request))
#30 D:\\Backup Data Kristopel\\Kuliah ITdel\\Semester 6\\PA III\\Project\\git\\PA-III-02-2020\\vendor\\laravel\\framework\\src\\Illuminate\\Routing\\Router.php(682): Illuminate\\Pipeline\\Pipeline->then(Object(Closure))
#31 D:\\Backup Data Kristopel\\Kuliah ITdel\\Semester 6\\PA III\\Project\\git\\PA-III-02-2020\\vendor\\laravel\\framework\\src\\Illuminate\\Routing\\Router.php(657): Illuminate\\Routing\\Router->runRouteWithinStack(Object(Illuminate\\Routing\\Route), Object(Illuminate\\Http\\Request))
#32 D:\\Backup Data Kristopel\\Kuliah ITdel\\Semester 6\\PA III\\Project\\git\\PA-III-02-2020\\vendor\\laravel\\framework\\src\\Illuminate\\Routing\\Router.php(623): Illuminate\\Routing\\Router->runRoute(Object(Illuminate\\Http\\Request), Object(Illuminate\\Routing\\Route))
#33 D:\\Backup Data Kristopel\\Kuliah ITdel\\Semester 6\\PA III\\Project\\git\\PA-III-02-2020\\vendor\\laravel\\framework\\src\\Illuminate\\Routing\\Router.php(612): Illuminate\\Routing\\Router->dispatchToRoute(Object(Illuminate\\Http\\Request))
#34 D:\\Backup Data Kristopel\\Kuliah ITdel\\Semester 6\\PA III\\Project\\git\\PA-III-02-2020\\vendor\\laravel\\framework\\src\\Illuminate\\Foundation\\Http\\Kernel.php(176): Illuminate\\Routing\\Router->dispatch(Object(Illuminate\\Http\\Request))
#35 D:\\Backup Data Kristopel\\Kuliah ITdel\\Semester 6\\PA III\\Project\\git\\PA-III-02-2020\\vendor\\laravel\\framework\\src\\Illuminate\\Routing\\Pipeline.php(30): Illuminate\\Foundation\\Http\\Kernel->Illuminate\\Foundation\\Http\\{closure}(Object(Illuminate\\Http\\Request))
#36 D:\\Backup Data Kristopel\\Kuliah ITdel\\Semester 6\\PA III\\Project\\git\\PA-III-02-2020\\vendor\\fideloper\\proxy\\src\\TrustProxies.php(57): Illuminate\\Routing\\Pipeline->Illuminate\\Routing\\{closure}(Object(Illuminate\\Http\\Request))
#37 D:\\Backup Data Kristopel\\Kuliah ITdel\\Semester 6\\PA III\\Project\\git\\PA-III-02-2020\\vendor\\laravel\\framework\\src\\Illuminate\\Pipeline\\Pipeline.php(163): Fideloper\\Proxy\\TrustProxies->handle(Object(Illuminate\\Http\\Request), Object(Closure))
#38 D:\\Backup Data Kristopel\\Kuliah ITdel\\Semester 6\\PA III\\Project\\git\\PA-III-02-2020\\vendor\\laravel\\framework\\src\\Illuminate\\Routing\\Pipeline.php(53): Illuminate\\Pipeline\\Pipeline->Illuminate\\Pipeline\\{closure}(Object(Illuminate\\Http\\Request))
#39 D:\\Backup Data Kristopel\\Kuliah ITdel\\Semester 6\\PA III\\Project\\git\\PA-III-02-2020\\vendor\\laravel\\framework\\src\\Illuminate\\Foundation\\Http\\Middleware\\TransformsRequest.php(21): Illuminate\\Routing\\Pipeline->Illuminate\\Routing\\{closure}(Object(Illuminate\\Http\\Request))
#40 D:\\Backup Data Kristopel\\Kuliah ITdel\\Semester 6\\PA III\\Project\\git\\PA-III-02-2020\\vendor\\laravel\\framework\\src\\Illuminate\\Pipeline\\Pipeline.php(163): Illuminate\\Foundation\\Http\\Middleware\\TransformsRequest->handle(Object(Illuminate\\Http\\Request), Object(Closure))
#41 D:\\Backup Data Kristopel\\Kuliah ITdel\\Semester 6\\PA III\\Project\\git\\PA-III-02-2020\\vendor\\laravel\\framework\\src\\Illuminate\\Routing\\Pipeline.php(53): Illuminate\\Pipeline\\Pipeline->Illuminate\\Pipeline\\{closure}(Object(Illuminate\\Http\\Request))
#42 D:\\Backup Data Kristopel\\Kuliah ITdel\\Semester 6\\PA III\\Project\\git\\PA-III-02-2020\\vendor\\laravel\\framework\\src\\Illuminate\\Foundation\\Http\\Middleware\\TransformsRequest.php(21): Illuminate\\Routing\\Pipeline->Illuminate\\Routing\\{closure}(Object(Illuminate\\Http\\Request))
#43 D:\\Backup Data Kristopel\\Kuliah ITdel\\Semester 6\\PA III\\Project\\git\\PA-III-02-2020\\vendor\\laravel\\framework\\src\\Illuminate\\Pipeline\\Pipeline.php(163): Illuminate\\Foundation\\Http\\Middleware\\TransformsRequest->handle(Object(Illuminate\\Http\\Request), Object(Closure))
#44 D:\\Backup Data Kristopel\\Kuliah ITdel\\Semester 6\\PA III\\Project\\git\\PA-III-02-2020\\vendor\\laravel\\framework\\src\\Illuminate\\Routing\\Pipeline.php(53): Illuminate\\Pipeline\\Pipeline->Illuminate\\Pipeline\\{closure}(Object(Illuminate\\Http\\Request))
#45 D:\\Backup Data Kristopel\\Kuliah ITdel\\Semester 6\\PA III\\Project\\git\\PA-III-02-2020\\vendor\\laravel\\framework\\src\\Illuminate\\Foundation\\Http\\Middleware\\ValidatePostSize.php(27): Illuminate\\Routing\\Pipeline->Illuminate\\Routing\\{closure}(Object(Illuminate\\Http\\Request))
#46 D:\\Backup Data Kristopel\\Kuliah ITdel\\Semester 6\\PA III\\Project\\git\\PA-III-02-2020\\vendor\\laravel\\framework\\src\\Illuminate\\Pipeline\\Pipeline.php(163): Illuminate\\Foundation\\Http\\Middleware\\ValidatePostSize->handle(Object(Illuminate\\Http\\Request), Object(Closure))
#47 D:\\Backup Data Kristopel\\Kuliah ITdel\\Semester 6\\PA III\\Project\\git\\PA-III-02-2020\\vendor\\laravel\\framework\\src\\Illuminate\\Routing\\Pipeline.php(53): Illuminate\\Pipeline\\Pipeline->Illuminate\\Pipeline\\{closure}(Object(Illuminate\\Http\\Request))
#48 D:\\Backup Data Kristopel\\Kuliah ITdel\\Semester 6\\PA III\\Project\\git\\PA-III-02-2020\\vendor\\laravel\\framework\\src\\Illuminate\\Foundation\\Http\\Middleware\\CheckForMaintenanceMode.php(62): Illuminate\\Routing\\Pipeline->Illuminate\\Routing\\{closure}(Object(Illuminate\\Http\\Request))
#49 D:\\Backup Data Kristopel\\Kuliah ITdel\\Semester 6\\PA III\\Project\\git\\PA-III-02-2020\\vendor\\laravel\\framework\\src\\Illuminate\\Pipeline\\Pipeline.php(163): Illuminate\\Foundation\\Http\\Middleware\\CheckForMaintenanceMode->handle(Object(Illuminate\\Http\\Request), Object(Closure))
#50 D:\\Backup Data Kristopel\\Kuliah ITdel\\Semester 6\\PA III\\Project\\git\\PA-III-02-2020\\vendor\\laravel\\framework\\src\\Illuminate\\Routing\\Pipeline.php(53): Illuminate\\Pipeline\\Pipeline->Illuminate\\Pipeline\\{closure}(Object(Illuminate\\Http\\Request))
#51 D:\\Backup Data Kristopel\\Kuliah ITdel\\Semester 6\\PA III\\Project\\git\\PA-III-02-2020\\vendor\\laravel\\framework\\src\\Illuminate\\Pipeline\\Pipeline.php(104): Illuminate\\Routing\\Pipeline->Illuminate\\Routing\\{closure}(Object(Illuminate\\Http\\Request))
#52 D:\\Backup Data Kristopel\\Kuliah ITdel\\Semester 6\\PA III\\Project\\git\\PA-III-02-2020\\vendor\\laravel\\framework\\src\\Illuminate\\Foundation\\Http\\Kernel.php(151): Illuminate\\Pipeline\\Pipeline->then(Object(Closure))
#53 D:\\Backup Data Kristopel\\Kuliah ITdel\\Semester 6\\PA III\\Project\\git\\PA-III-02-2020\\vendor\\laravel\\framework\\src\\Illuminate\\Foundation\\Http\\Kernel.php(116): Illuminate\\Foundation\\Http\\Kernel->sendRequestThroughRouter(Object(Illuminate\\Http\\Request))
#54 D:\\Backup Data Kristopel\\Kuliah ITdel\\Semester 6\\PA III\\Project\\git\\PA-III-02-2020\\public\\index.php(55): Illuminate\\Foundation\\Http\\Kernel->handle(Object(Illuminate\\Http\\Request))
#55 D:\\Backup Data Kristopel\\Kuliah ITdel\\Semester 6\\PA III\\Project\\git\\PA-III-02-2020\\server.php(21): require_once('D:\\\\Backup Data ...')
#56 {main}
"} 
